INFO - 2023-09-13 12:00:43 --> Session: Class initialized using 'CodeIgniter\Session\Handlers\FileHandler' driver.
INFO - 2023-09-13 12:00:46 --> Session: Class initialized using 'CodeIgniter\Session\Handlers\FileHandler' driver.
INFO - 2023-09-13 12:19:34 --> Session: Class initialized using 'CodeIgniter\Session\Handlers\FileHandler' driver.
INFO - 2023-09-13 12:19:37 --> Session: Class initialized using 'CodeIgniter\Session\Handlers\FileHandler' driver.
INFO - 2023-09-13 12:21:55 --> Session: Class initialized using 'CodeIgniter\Session\Handlers\FileHandler' driver.
INFO - 2023-09-13 12:22:01 --> Session: Class initialized using 'CodeIgniter\Session\Handlers\FileHandler' driver.
INFO - 2023-09-13 12:22:02 --> Session: Class initialized using 'CodeIgniter\Session\Handlers\FileHandler' driver.
INFO - 2023-09-13 12:22:03 --> Session: Class initialized using 'CodeIgniter\Session\Handlers\FileHandler' driver.
INFO - 2023-09-13 12:22:05 --> Session: Class initialized using 'CodeIgniter\Session\Handlers\FileHandler' driver.
INFO - 2023-09-13 12:22:07 --> Session: Class initialized using 'CodeIgniter\Session\Handlers\FileHandler' driver.
INFO - 2023-09-13 12:22:10 --> Session: Class initialized using 'CodeIgniter\Session\Handlers\FileHandler' driver.
INFO - 2023-09-13 12:24:48 --> Session: Class initialized using 'CodeIgniter\Session\Handlers\FileHandler' driver.
INFO - 2023-09-13 12:25:08 --> Session: Class initialized using 'CodeIgniter\Session\Handlers\FileHandler' driver.
INFO - 2023-09-13 12:48:25 --> Session: Class initialized using 'CodeIgniter\Session\Handlers\FileHandler' driver.
INFO - 2023-09-13 12:48:28 --> Session: Class initialized using 'CodeIgniter\Session\Handlers\FileHandler' driver.
INFO - 2023-09-13 12:48:41 --> Session: Class initialized using 'CodeIgniter\Session\Handlers\FileHandler' driver.
INFO - 2023-09-13 12:48:43 --> Session: Class initialized using 'CodeIgniter\Session\Handlers\FileHandler' driver.
INFO - 2023-09-13 12:48:44 --> Session: Class initialized using 'CodeIgniter\Session\Handlers\FileHandler' driver.
INFO - 2023-09-13 12:50:29 --> Session: Class initialized using 'CodeIgniter\Session\Handlers\FileHandler' driver.
INFO - 2023-09-13 13:00:38 --> Session: Class initialized using 'CodeIgniter\Session\Handlers\FileHandler' driver.
INFO - 2023-09-13 13:00:52 --> Session: Class initialized using 'CodeIgniter\Session\Handlers\FileHandler' driver.
CRITICAL - 2023-09-13 13:00:52 --> Undefined variable $vista
in APPPATH\Views\spElegirNodemcu.php on line 102.
 1 APPPATH\Views\spElegirNodemcu.php(102): CodeIgniter\Debug\Exceptions->errorHandler(2, 'Undefined variable $vista', 'C:\\xampp\\htdocs\\Disertus\\app\\Views\\spElegirNodemcu.php', 102)
 2 SYSTEMPATH\View\View.php(213): include('C:\\xampp\\htdocs\\Disertus\\app\\Views\\spElegirNodemcu.php')
 3 SYSTEMPATH\View\View.php(216): CodeIgniter\View\View->CodeIgniter\View\{closure}()
 4 SYSTEMPATH\Common.php(1184): CodeIgniter\View\View->render('spElegirNodemcu', [], true)
 5 APPPATH\Controllers\datosDispositivo.php(93): view('spElegirNodemcu')
 6 SYSTEMPATH\CodeIgniter.php(934): App\Controllers\DatosDispositivo->agregarNodemcu()
 7 SYSTEMPATH\CodeIgniter.php(499): CodeIgniter\CodeIgniter->runController(Object(App\Controllers\DatosDispositivo))
 8 SYSTEMPATH\CodeIgniter.php(368): CodeIgniter\CodeIgniter->handleRequest(null, Object(Config\Cache), false)
 9 FCPATH\index.php(67): CodeIgniter\CodeIgniter->run()
CRITICAL - 2023-09-13 13:08:38 --> syntax error, unexpected token "return"
in APPPATH\Controllers\datosDispositivo.php on line 97.
 1 SYSTEMPATH\Autoloader\Autoloader.php(289): CodeIgniter\Autoloader\Autoloader->includeFile('C:\\xampp\\htdocs\\Disertus\\app\\Controllers\\datosDispositivo.php')
 2 SYSTEMPATH\Autoloader\Autoloader.php(267): CodeIgniter\Autoloader\Autoloader->loadInNamespace('App\\Controllers\\datosDispositivo')
 3 [internal function]: CodeIgniter\Autoloader\Autoloader->loadClass('App\\Controllers\\datosDispositivo')
 4 SYSTEMPATH\CodeIgniter.php(892): class_exists('\\App\\Controllers\\datosDispositivo', true)
 5 SYSTEMPATH\CodeIgniter.php(486): CodeIgniter\CodeIgniter->startController()
 6 SYSTEMPATH\CodeIgniter.php(368): CodeIgniter\CodeIgniter->handleRequest(null, Object(Config\Cache), false)
 7 FCPATH\index.php(67): CodeIgniter\CodeIgniter->run()
INFO - 2023-09-13 13:08:41 --> Session: Class initialized using 'CodeIgniter\Session\Handlers\FileHandler' driver.
CRITICAL - 2023-09-13 13:08:42 --> syntax error, unexpected token "return"
in APPPATH\Controllers\datosDispositivo.php on line 97.
 1 SYSTEMPATH\Autoloader\Autoloader.php(289): CodeIgniter\Autoloader\Autoloader->includeFile('C:\\xampp\\htdocs\\Disertus\\app\\Controllers\\datosDispositivo.php')
 2 SYSTEMPATH\Autoloader\Autoloader.php(267): CodeIgniter\Autoloader\Autoloader->loadInNamespace('App\\Controllers\\datosDispositivo')
 3 [internal function]: CodeIgniter\Autoloader\Autoloader->loadClass('App\\Controllers\\datosDispositivo')
 4 SYSTEMPATH\CodeIgniter.php(892): class_exists('\\App\\Controllers\\datosDispositivo', true)
 5 SYSTEMPATH\CodeIgniter.php(486): CodeIgniter\CodeIgniter->startController()
 6 SYSTEMPATH\CodeIgniter.php(368): CodeIgniter\CodeIgniter->handleRequest(null, Object(Config\Cache), false)
 7 FCPATH\index.php(67): CodeIgniter\CodeIgniter->run()
INFO - 2023-09-13 13:10:27 --> Session: Class initialized using 'CodeIgniter\Session\Handlers\FileHandler' driver.
INFO - 2023-09-13 13:10:29 --> Session: Class initialized using 'CodeIgniter\Session\Handlers\FileHandler' driver.
INFO - 2023-09-13 13:10:35 --> Session: Class initialized using 'CodeIgniter\Session\Handlers\FileHandler' driver.
CRITICAL - 2023-09-13 13:10:35 --> Undefined variable $idUser
in APPPATH\Views\spElegirNodemcu.php on line 106.
 1 APPPATH\Views\spElegirNodemcu.php(106): CodeIgniter\Debug\Exceptions->errorHandler(2, 'Undefined variable $idUser', 'C:\\xampp\\htdocs\\Disertus\\app\\Views\\spElegirNodemcu.php', 106)
 2 SYSTEMPATH\View\View.php(213): include('C:\\xampp\\htdocs\\Disertus\\app\\Views\\spElegirNodemcu.php')
 3 SYSTEMPATH\View\View.php(216): CodeIgniter\View\View->CodeIgniter\View\{closure}()
 4 SYSTEMPATH\Common.php(1184): CodeIgniter\View\View->render('spElegirNodemcu', [], true)
 5 APPPATH\Controllers\datosDispositivo.php(98): view('spElegirNodemcu', [...])
 6 SYSTEMPATH\CodeIgniter.php(934): App\Controllers\DatosDispositivo->agregarNodemcu()
 7 SYSTEMPATH\CodeIgniter.php(499): CodeIgniter\CodeIgniter->runController(Object(App\Controllers\DatosDispositivo))
 8 SYSTEMPATH\CodeIgniter.php(368): CodeIgniter\CodeIgniter->handleRequest(null, Object(Config\Cache), false)
 9 FCPATH\index.php(67): CodeIgniter\CodeIgniter->run()
INFO - 2023-09-13 13:12:02 --> Session: Class initialized using 'CodeIgniter\Session\Handlers\FileHandler' driver.
INFO - 2023-09-13 13:16:23 --> Session: Class initialized using 'CodeIgniter\Session\Handlers\FileHandler' driver.
INFO - 2023-09-13 13:16:27 --> Session: Class initialized using 'CodeIgniter\Session\Handlers\FileHandler' driver.
INFO - 2023-09-13 13:16:31 --> Session: Class initialized using 'CodeIgniter\Session\Handlers\FileHandler' driver.
INFO - 2023-09-13 13:17:40 --> Session: Class initialized using 'CodeIgniter\Session\Handlers\FileHandler' driver.
INFO - 2023-09-13 13:17:41 --> Session: Class initialized using 'CodeIgniter\Session\Handlers\FileHandler' driver.
INFO - 2023-09-13 13:18:47 --> Session: Class initialized using 'CodeIgniter\Session\Handlers\FileHandler' driver.
INFO - 2023-09-13 13:18:55 --> Session: Class initialized using 'CodeIgniter\Session\Handlers\FileHandler' driver.
INFO - 2023-09-13 13:22:20 --> Session: Class initialized using 'CodeIgniter\Session\Handlers\FileHandler' driver.
INFO - 2023-09-13 13:22:22 --> Session: Class initialized using 'CodeIgniter\Session\Handlers\FileHandler' driver.
INFO - 2023-09-13 13:22:28 --> Session: Class initialized using 'CodeIgniter\Session\Handlers\FileHandler' driver.
INFO - 2023-09-13 13:22:28 --> Session: Class initialized using 'CodeIgniter\Session\Handlers\FileHandler' driver.
INFO - 2023-09-13 13:22:31 --> Session: Class initialized using 'CodeIgniter\Session\Handlers\FileHandler' driver.
INFO - 2023-09-13 13:22:42 --> Session: Class initialized using 'CodeIgniter\Session\Handlers\FileHandler' driver.
INFO - 2023-09-13 13:22:59 --> Session: Class initialized using 'CodeIgniter\Session\Handlers\FileHandler' driver.
INFO - 2023-09-13 13:22:59 --> Session: Class initialized using 'CodeIgniter\Session\Handlers\FileHandler' driver.
INFO - 2023-09-13 13:23:07 --> Session: Class initialized using 'CodeIgniter\Session\Handlers\FileHandler' driver.
INFO - 2023-09-13 13:26:23 --> Session: Class initialized using 'CodeIgniter\Session\Handlers\FileHandler' driver.
INFO - 2023-09-13 13:26:27 --> Session: Class initialized using 'CodeIgniter\Session\Handlers\FileHandler' driver.
INFO - 2023-09-13 13:26:32 --> Session: Class initialized using 'CodeIgniter\Session\Handlers\FileHandler' driver.
INFO - 2023-09-13 13:26:33 --> Session: Class initialized using 'CodeIgniter\Session\Handlers\FileHandler' driver.
INFO - 2023-09-13 13:26:38 --> Session: Class initialized using 'CodeIgniter\Session\Handlers\FileHandler' driver.
INFO - 2023-09-13 13:45:29 --> Session: Class initialized using 'CodeIgniter\Session\Handlers\FileHandler' driver.
ERROR - 2023-09-13 13:45:29 --> mysqli_sql_exception: Unknown column 'B0553CD82240' in 'where clause' in C:\xampp\htdocs\Disertus\system\Database\MySQLi\Connection.php:295
Stack trace:
#0 C:\xampp\htdocs\Disertus\system\Database\MySQLi\Connection.php(295): mysqli->query('DELETE FROM nod...', 0)
#1 C:\xampp\htdocs\Disertus\system\Database\BaseConnection.php(692): CodeIgniter\Database\MySQLi\Connection->execute('DELETE FROM nod...')
#2 C:\xampp\htdocs\Disertus\system\Database\BaseConnection.php(606): CodeIgniter\Database\BaseConnection->simpleQuery('DELETE FROM nod...')
#3 C:\xampp\htdocs\Disertus\app\Models\nodemcuModelo.php(61): CodeIgniter\Database\BaseConnection->query('DELETE FROM nod...')
#4 C:\xampp\htdocs\Disertus\app\Controllers\datosDispositivo.php(60): App\Models\NodemcuModelo->eliminarDispositivo(Array)
#5 C:\xampp\htdocs\Disertus\system\CodeIgniter.php(934): App\Controllers\DatosDispositivo->datosDispositivo()
#6 C:\xampp\htdocs\Disertus\system\CodeIgniter.php(499): CodeIgniter\CodeIgniter->runController(Object(App\Controllers\DatosDispositivo))
#7 C:\xampp\htdocs\Disertus\system\CodeIgniter.php(368): CodeIgniter\CodeIgniter->handleRequest(NULL, Object(Config\Cache), false)
#8 C:\xampp\htdocs\Disertus\public\index.php(67): CodeIgniter\CodeIgniter->run()
#9 {main}
CRITICAL - 2023-09-13 13:45:29 --> Unknown column 'B0553CD82240' in 'where clause'
in SYSTEMPATH\Database\MySQLi\Connection.php on line 295.
 1 SYSTEMPATH\Database\MySQLi\Connection.php(295): mysqli->query('DELETE FROM nodemcu WHERE IdUsuario = 12 AND IdNodemcu = B0553CD82240', 0)
 2 SYSTEMPATH\Database\BaseConnection.php(692): CodeIgniter\Database\MySQLi\Connection->execute('DELETE FROM nodemcu WHERE IdUsuario = 12 AND IdNodemcu = B0553CD82240')
 3 SYSTEMPATH\Database\BaseConnection.php(606): CodeIgniter\Database\BaseConnection->simpleQuery('DELETE FROM nodemcu WHERE IdUsuario = 12 AND IdNodemcu = B0553CD82240')
 4 APPPATH\Models\nodemcuModelo.php(61): CodeIgniter\Database\BaseConnection->query('DELETE FROM nodemcu WHERE IdUsuario = 12 AND IdNodemcu = B0553CD82240')
 5 APPPATH\Controllers\datosDispositivo.php(60): App\Models\NodemcuModelo->eliminarDispositivo([...])
 6 SYSTEMPATH\CodeIgniter.php(934): App\Controllers\DatosDispositivo->datosDispositivo()
 7 SYSTEMPATH\CodeIgniter.php(499): CodeIgniter\CodeIgniter->runController(Object(App\Controllers\DatosDispositivo))
 8 SYSTEMPATH\CodeIgniter.php(368): CodeIgniter\CodeIgniter->handleRequest(null, Object(Config\Cache), false)
 9 FCPATH\index.php(67): CodeIgniter\CodeIgniter->run()
INFO - 2023-09-13 13:48:53 --> Session: Class initialized using 'CodeIgniter\Session\Handlers\FileHandler' driver.
ERROR - 2023-09-13 13:48:53 --> mysqli_sql_exception: Unknown column 'B0553CD82240' in 'where clause' in C:\xampp\htdocs\Disertus\system\Database\MySQLi\Connection.php:295
Stack trace:
#0 C:\xampp\htdocs\Disertus\system\Database\MySQLi\Connection.php(295): mysqli->query('DELETE FROM nod...', 0)
#1 C:\xampp\htdocs\Disertus\system\Database\BaseConnection.php(692): CodeIgniter\Database\MySQLi\Connection->execute('DELETE FROM nod...')
#2 C:\xampp\htdocs\Disertus\system\Database\BaseConnection.php(606): CodeIgniter\Database\BaseConnection->simpleQuery('DELETE FROM nod...')
#3 C:\xampp\htdocs\Disertus\app\Models\nodemcuModelo.php(61): CodeIgniter\Database\BaseConnection->query('DELETE FROM nod...')
#4 C:\xampp\htdocs\Disertus\app\Controllers\datosDispositivo.php(60): App\Models\NodemcuModelo->eliminarDispositivo(Array)
#5 C:\xampp\htdocs\Disertus\system\CodeIgniter.php(934): App\Controllers\DatosDispositivo->datosDispositivo()
#6 C:\xampp\htdocs\Disertus\system\CodeIgniter.php(499): CodeIgniter\CodeIgniter->runController(Object(App\Controllers\DatosDispositivo))
#7 C:\xampp\htdocs\Disertus\system\CodeIgniter.php(368): CodeIgniter\CodeIgniter->handleRequest(NULL, Object(Config\Cache), false)
#8 C:\xampp\htdocs\Disertus\public\index.php(67): CodeIgniter\CodeIgniter->run()
#9 {main}
CRITICAL - 2023-09-13 13:48:53 --> Unknown column 'B0553CD82240' in 'where clause'
in SYSTEMPATH\Database\MySQLi\Connection.php on line 295.
 1 SYSTEMPATH\Database\MySQLi\Connection.php(295): mysqli->query('DELETE FROM nodemcu WHERE IdUsuario = 12 AND IdNodemcu = B0553CD82240', 0)
 2 SYSTEMPATH\Database\BaseConnection.php(692): CodeIgniter\Database\MySQLi\Connection->execute('DELETE FROM nodemcu WHERE IdUsuario = 12 AND IdNodemcu = B0553CD82240')
 3 SYSTEMPATH\Database\BaseConnection.php(606): CodeIgniter\Database\BaseConnection->simpleQuery('DELETE FROM nodemcu WHERE IdUsuario = 12 AND IdNodemcu = B0553CD82240')
 4 APPPATH\Models\nodemcuModelo.php(61): CodeIgniter\Database\BaseConnection->query('DELETE FROM nodemcu WHERE IdUsuario = 12 AND IdNodemcu = B0553CD82240')
 5 APPPATH\Controllers\datosDispositivo.php(60): App\Models\NodemcuModelo->eliminarDispositivo([...])
 6 SYSTEMPATH\CodeIgniter.php(934): App\Controllers\DatosDispositivo->datosDispositivo()
 7 SYSTEMPATH\CodeIgniter.php(499): CodeIgniter\CodeIgniter->runController(Object(App\Controllers\DatosDispositivo))
 8 SYSTEMPATH\CodeIgniter.php(368): CodeIgniter\CodeIgniter->handleRequest(null, Object(Config\Cache), false)
 9 FCPATH\index.php(67): CodeIgniter\CodeIgniter->run()
INFO - 2023-09-13 13:48:55 --> Session: Class initialized using 'CodeIgniter\Session\Handlers\FileHandler' driver.
INFO - 2023-09-13 13:48:57 --> Session: Class initialized using 'CodeIgniter\Session\Handlers\FileHandler' driver.
INFO - 2023-09-13 13:48:58 --> Session: Class initialized using 'CodeIgniter\Session\Handlers\FileHandler' driver.
INFO - 2023-09-13 13:49:00 --> Session: Class initialized using 'CodeIgniter\Session\Handlers\FileHandler' driver.
INFO - 2023-09-13 13:49:03 --> Session: Class initialized using 'CodeIgniter\Session\Handlers\FileHandler' driver.
INFO - 2023-09-13 13:49:15 --> Session: Class initialized using 'CodeIgniter\Session\Handlers\FileHandler' driver.
INFO - 2023-09-13 13:49:18 --> Session: Class initialized using 'CodeIgniter\Session\Handlers\FileHandler' driver.
INFO - 2023-09-13 13:49:24 --> Session: Class initialized using 'CodeIgniter\Session\Handlers\FileHandler' driver.
INFO - 2023-09-13 13:49:28 --> Session: Class initialized using 'CodeIgniter\Session\Handlers\FileHandler' driver.
INFO - 2023-09-13 13:49:29 --> Session: Class initialized using 'CodeIgniter\Session\Handlers\FileHandler' driver.
INFO - 2023-09-13 13:49:43 --> Session: Class initialized using 'CodeIgniter\Session\Handlers\FileHandler' driver.
INFO - 2023-09-13 13:49:45 --> Session: Class initialized using 'CodeIgniter\Session\Handlers\FileHandler' driver.
INFO - 2023-09-13 13:50:12 --> Session: Class initialized using 'CodeIgniter\Session\Handlers\FileHandler' driver.
INFO - 2023-09-13 13:50:14 --> Session: Class initialized using 'CodeIgniter\Session\Handlers\FileHandler' driver.
INFO - 2023-09-13 13:50:16 --> Session: Class initialized using 'CodeIgniter\Session\Handlers\FileHandler' driver.
INFO - 2023-09-13 13:50:23 --> Session: Class initialized using 'CodeIgniter\Session\Handlers\FileHandler' driver.
INFO - 2023-09-13 13:50:23 --> Session: Class initialized using 'CodeIgniter\Session\Handlers\FileHandler' driver.
INFO - 2023-09-13 13:50:32 --> Session: Class initialized using 'CodeIgniter\Session\Handlers\FileHandler' driver.
INFO - 2023-09-13 13:50:38 --> Session: Class initialized using 'CodeIgniter\Session\Handlers\FileHandler' driver.
INFO - 2023-09-13 13:50:38 --> Session: Class initialized using 'CodeIgniter\Session\Handlers\FileHandler' driver.
INFO - 2023-09-13 13:51:36 --> Session: Class initialized using 'CodeIgniter\Session\Handlers\FileHandler' driver.
INFO - 2023-09-13 13:51:36 --> Session: Class initialized using 'CodeIgniter\Session\Handlers\FileHandler' driver.
INFO - 2023-09-13 13:51:41 --> Session: Class initialized using 'CodeIgniter\Session\Handlers\FileHandler' driver.
INFO - 2023-09-13 13:51:41 --> Session: Class initialized using 'CodeIgniter\Session\Handlers\FileHandler' driver.
INFO - 2023-09-13 13:51:46 --> Session: Class initialized using 'CodeIgniter\Session\Handlers\FileHandler' driver.
ERROR - 2023-09-13 13:51:46 --> mysqli_sql_exception: Unknown column 'B0553CD82247' in 'where clause' in C:\xampp\htdocs\Disertus\system\Database\MySQLi\Connection.php:295
Stack trace:
#0 C:\xampp\htdocs\Disertus\system\Database\MySQLi\Connection.php(295): mysqli->query('DELETE FROM nod...', 0)
#1 C:\xampp\htdocs\Disertus\system\Database\BaseConnection.php(692): CodeIgniter\Database\MySQLi\Connection->execute('DELETE FROM nod...')
#2 C:\xampp\htdocs\Disertus\system\Database\BaseConnection.php(606): CodeIgniter\Database\BaseConnection->simpleQuery('DELETE FROM nod...')
#3 C:\xampp\htdocs\Disertus\app\Models\nodemcuModelo.php(61): CodeIgniter\Database\BaseConnection->query('DELETE FROM nod...')
#4 C:\xampp\htdocs\Disertus\app\Controllers\datosDispositivo.php(60): App\Models\NodemcuModelo->eliminarDispositivo(Array)
#5 C:\xampp\htdocs\Disertus\system\CodeIgniter.php(934): App\Controllers\DatosDispositivo->datosDispositivo()
#6 C:\xampp\htdocs\Disertus\system\CodeIgniter.php(499): CodeIgniter\CodeIgniter->runController(Object(App\Controllers\DatosDispositivo))
#7 C:\xampp\htdocs\Disertus\system\CodeIgniter.php(368): CodeIgniter\CodeIgniter->handleRequest(NULL, Object(Config\Cache), false)
#8 C:\xampp\htdocs\Disertus\public\index.php(67): CodeIgniter\CodeIgniter->run()
#9 {main}
CRITICAL - 2023-09-13 13:51:46 --> Unknown column 'B0553CD82247' in 'where clause'
in SYSTEMPATH\Database\MySQLi\Connection.php on line 295.
 1 SYSTEMPATH\Database\MySQLi\Connection.php(295): mysqli->query('DELETE FROM nodemcu WHERE IdUsuario = 12 AND IdNodemcu = B0553CD82247', 0)
 2 SYSTEMPATH\Database\BaseConnection.php(692): CodeIgniter\Database\MySQLi\Connection->execute('DELETE FROM nodemcu WHERE IdUsuario = 12 AND IdNodemcu = B0553CD82247')
 3 SYSTEMPATH\Database\BaseConnection.php(606): CodeIgniter\Database\BaseConnection->simpleQuery('DELETE FROM nodemcu WHERE IdUsuario = 12 AND IdNodemcu = B0553CD82247')
 4 APPPATH\Models\nodemcuModelo.php(61): CodeIgniter\Database\BaseConnection->query('DELETE FROM nodemcu WHERE IdUsuario = 12 AND IdNodemcu = B0553CD82247')
 5 APPPATH\Controllers\datosDispositivo.php(60): App\Models\NodemcuModelo->eliminarDispositivo([...])
 6 SYSTEMPATH\CodeIgniter.php(934): App\Controllers\DatosDispositivo->datosDispositivo()
 7 SYSTEMPATH\CodeIgniter.php(499): CodeIgniter\CodeIgniter->runController(Object(App\Controllers\DatosDispositivo))
 8 SYSTEMPATH\CodeIgniter.php(368): CodeIgniter\CodeIgniter->handleRequest(null, Object(Config\Cache), false)
 9 FCPATH\index.php(67): CodeIgniter\CodeIgniter->run()
INFO - 2023-09-13 13:51:58 --> Session: Class initialized using 'CodeIgniter\Session\Handlers\FileHandler' driver.
INFO - 2023-09-13 13:52:00 --> Session: Class initialized using 'CodeIgniter\Session\Handlers\FileHandler' driver.
ERROR - 2023-09-13 13:52:00 --> mysqli_sql_exception: Unknown column 'B0553CD82245' in 'where clause' in C:\xampp\htdocs\Disertus\system\Database\MySQLi\Connection.php:295
Stack trace:
#0 C:\xampp\htdocs\Disertus\system\Database\MySQLi\Connection.php(295): mysqli->query('DELETE FROM nod...', 0)
#1 C:\xampp\htdocs\Disertus\system\Database\BaseConnection.php(692): CodeIgniter\Database\MySQLi\Connection->execute('DELETE FROM nod...')
#2 C:\xampp\htdocs\Disertus\system\Database\BaseConnection.php(606): CodeIgniter\Database\BaseConnection->simpleQuery('DELETE FROM nod...')
#3 C:\xampp\htdocs\Disertus\app\Models\nodemcuModelo.php(61): CodeIgniter\Database\BaseConnection->query('DELETE FROM nod...')
#4 C:\xampp\htdocs\Disertus\app\Controllers\datosDispositivo.php(60): App\Models\NodemcuModelo->eliminarDispositivo(Array)
#5 C:\xampp\htdocs\Disertus\system\CodeIgniter.php(934): App\Controllers\DatosDispositivo->datosDispositivo()
#6 C:\xampp\htdocs\Disertus\system\CodeIgniter.php(499): CodeIgniter\CodeIgniter->runController(Object(App\Controllers\DatosDispositivo))
#7 C:\xampp\htdocs\Disertus\system\CodeIgniter.php(368): CodeIgniter\CodeIgniter->handleRequest(NULL, Object(Config\Cache), false)
#8 C:\xampp\htdocs\Disertus\public\index.php(67): CodeIgniter\CodeIgniter->run()
#9 {main}
CRITICAL - 2023-09-13 13:52:00 --> Unknown column 'B0553CD82245' in 'where clause'
in SYSTEMPATH\Database\MySQLi\Connection.php on line 295.
 1 SYSTEMPATH\Database\MySQLi\Connection.php(295): mysqli->query('DELETE FROM nodemcu WHERE IdUsuario = 12 AND IdNodemcu = B0553CD82245', 0)
 2 SYSTEMPATH\Database\BaseConnection.php(692): CodeIgniter\Database\MySQLi\Connection->execute('DELETE FROM nodemcu WHERE IdUsuario = 12 AND IdNodemcu = B0553CD82245')
 3 SYSTEMPATH\Database\BaseConnection.php(606): CodeIgniter\Database\BaseConnection->simpleQuery('DELETE FROM nodemcu WHERE IdUsuario = 12 AND IdNodemcu = B0553CD82245')
 4 APPPATH\Models\nodemcuModelo.php(61): CodeIgniter\Database\BaseConnection->query('DELETE FROM nodemcu WHERE IdUsuario = 12 AND IdNodemcu = B0553CD82245')
 5 APPPATH\Controllers\datosDispositivo.php(60): App\Models\NodemcuModelo->eliminarDispositivo([...])
 6 SYSTEMPATH\CodeIgniter.php(934): App\Controllers\DatosDispositivo->datosDispositivo()
 7 SYSTEMPATH\CodeIgniter.php(499): CodeIgniter\CodeIgniter->runController(Object(App\Controllers\DatosDispositivo))
 8 SYSTEMPATH\CodeIgniter.php(368): CodeIgniter\CodeIgniter->handleRequest(null, Object(Config\Cache), false)
 9 FCPATH\index.php(67): CodeIgniter\CodeIgniter->run()
INFO - 2023-09-13 13:52:05 --> Session: Class initialized using 'CodeIgniter\Session\Handlers\FileHandler' driver.
INFO - 2023-09-13 13:52:08 --> Session: Class initialized using 'CodeIgniter\Session\Handlers\FileHandler' driver.
ERROR - 2023-09-13 13:52:08 --> mysqli_sql_exception: Unknown column 'B0553CD82252' in 'where clause' in C:\xampp\htdocs\Disertus\system\Database\MySQLi\Connection.php:295
Stack trace:
#0 C:\xampp\htdocs\Disertus\system\Database\MySQLi\Connection.php(295): mysqli->query('DELETE FROM nod...', 0)
#1 C:\xampp\htdocs\Disertus\system\Database\BaseConnection.php(692): CodeIgniter\Database\MySQLi\Connection->execute('DELETE FROM nod...')
#2 C:\xampp\htdocs\Disertus\system\Database\BaseConnection.php(606): CodeIgniter\Database\BaseConnection->simpleQuery('DELETE FROM nod...')
#3 C:\xampp\htdocs\Disertus\app\Models\nodemcuModelo.php(61): CodeIgniter\Database\BaseConnection->query('DELETE FROM nod...')
#4 C:\xampp\htdocs\Disertus\app\Controllers\datosDispositivo.php(60): App\Models\NodemcuModelo->eliminarDispositivo(Array)
#5 C:\xampp\htdocs\Disertus\system\CodeIgniter.php(934): App\Controllers\DatosDispositivo->datosDispositivo()
#6 C:\xampp\htdocs\Disertus\system\CodeIgniter.php(499): CodeIgniter\CodeIgniter->runController(Object(App\Controllers\DatosDispositivo))
#7 C:\xampp\htdocs\Disertus\system\CodeIgniter.php(368): CodeIgniter\CodeIgniter->handleRequest(NULL, Object(Config\Cache), false)
#8 C:\xampp\htdocs\Disertus\public\index.php(67): CodeIgniter\CodeIgniter->run()
#9 {main}
CRITICAL - 2023-09-13 13:52:08 --> Unknown column 'B0553CD82252' in 'where clause'
in SYSTEMPATH\Database\MySQLi\Connection.php on line 295.
 1 SYSTEMPATH\Database\MySQLi\Connection.php(295): mysqli->query('DELETE FROM nodemcu WHERE IdUsuario = 12 AND IdNodemcu = B0553CD82252', 0)
 2 SYSTEMPATH\Database\BaseConnection.php(692): CodeIgniter\Database\MySQLi\Connection->execute('DELETE FROM nodemcu WHERE IdUsuario = 12 AND IdNodemcu = B0553CD82252')
 3 SYSTEMPATH\Database\BaseConnection.php(606): CodeIgniter\Database\BaseConnection->simpleQuery('DELETE FROM nodemcu WHERE IdUsuario = 12 AND IdNodemcu = B0553CD82252')
 4 APPPATH\Models\nodemcuModelo.php(61): CodeIgniter\Database\BaseConnection->query('DELETE FROM nodemcu WHERE IdUsuario = 12 AND IdNodemcu = B0553CD82252')
 5 APPPATH\Controllers\datosDispositivo.php(60): App\Models\NodemcuModelo->eliminarDispositivo([...])
 6 SYSTEMPATH\CodeIgniter.php(934): App\Controllers\DatosDispositivo->datosDispositivo()
 7 SYSTEMPATH\CodeIgniter.php(499): CodeIgniter\CodeIgniter->runController(Object(App\Controllers\DatosDispositivo))
 8 SYSTEMPATH\CodeIgniter.php(368): CodeIgniter\CodeIgniter->handleRequest(null, Object(Config\Cache), false)
 9 FCPATH\index.php(67): CodeIgniter\CodeIgniter->run()
INFO - 2023-09-13 13:52:23 --> Session: Class initialized using 'CodeIgniter\Session\Handlers\FileHandler' driver.
INFO - 2023-09-13 13:52:24 --> Session: Class initialized using 'CodeIgniter\Session\Handlers\FileHandler' driver.
INFO - 2023-09-13 13:52:31 --> Session: Class initialized using 'CodeIgniter\Session\Handlers\FileHandler' driver.
INFO - 2023-09-13 13:52:31 --> Session: Class initialized using 'CodeIgniter\Session\Handlers\FileHandler' driver.
INFO - 2023-09-13 13:52:34 --> Session: Class initialized using 'CodeIgniter\Session\Handlers\FileHandler' driver.
INFO - 2023-09-13 13:52:34 --> Session: Class initialized using 'CodeIgniter\Session\Handlers\FileHandler' driver.
INFO - 2023-09-13 13:54:02 --> Session: Class initialized using 'CodeIgniter\Session\Handlers\FileHandler' driver.
ERROR - 2023-09-13 13:54:02 --> mysqli_sql_exception: Unknown column 'B0553CD82252' in 'where clause' in C:\xampp\htdocs\Disertus\system\Database\MySQLi\Connection.php:295
Stack trace:
#0 C:\xampp\htdocs\Disertus\system\Database\MySQLi\Connection.php(295): mysqli->query('DELETE FROM nod...', 0)
#1 C:\xampp\htdocs\Disertus\system\Database\BaseConnection.php(692): CodeIgniter\Database\MySQLi\Connection->execute('DELETE FROM nod...')
#2 C:\xampp\htdocs\Disertus\system\Database\BaseConnection.php(606): CodeIgniter\Database\BaseConnection->simpleQuery('DELETE FROM nod...')
#3 C:\xampp\htdocs\Disertus\app\Models\nodemcuModelo.php(61): CodeIgniter\Database\BaseConnection->query('DELETE FROM nod...')
#4 C:\xampp\htdocs\Disertus\app\Controllers\datosDispositivo.php(60): App\Models\NodemcuModelo->eliminarDispositivo(Array)
#5 C:\xampp\htdocs\Disertus\system\CodeIgniter.php(934): App\Controllers\DatosDispositivo->datosDispositivo()
#6 C:\xampp\htdocs\Disertus\system\CodeIgniter.php(499): CodeIgniter\CodeIgniter->runController(Object(App\Controllers\DatosDispositivo))
#7 C:\xampp\htdocs\Disertus\system\CodeIgniter.php(368): CodeIgniter\CodeIgniter->handleRequest(NULL, Object(Config\Cache), false)
#8 C:\xampp\htdocs\Disertus\public\index.php(67): CodeIgniter\CodeIgniter->run()
#9 {main}
CRITICAL - 2023-09-13 13:54:02 --> Unknown column 'B0553CD82252' in 'where clause'
in SYSTEMPATH\Database\MySQLi\Connection.php on line 295.
 1 SYSTEMPATH\Database\MySQLi\Connection.php(295): mysqli->query('DELETE FROM nodemcu WHERE IdUsuario = 12 AND IdNodemcu = B0553CD82252', 0)
 2 SYSTEMPATH\Database\BaseConnection.php(692): CodeIgniter\Database\MySQLi\Connection->execute('DELETE FROM nodemcu WHERE IdUsuario = 12 AND IdNodemcu = B0553CD82252')
 3 SYSTEMPATH\Database\BaseConnection.php(606): CodeIgniter\Database\BaseConnection->simpleQuery('DELETE FROM nodemcu WHERE IdUsuario = 12 AND IdNodemcu = B0553CD82252')
 4 APPPATH\Models\nodemcuModelo.php(61): CodeIgniter\Database\BaseConnection->query('DELETE FROM nodemcu WHERE IdUsuario = 12 AND IdNodemcu = B0553CD82252')
 5 APPPATH\Controllers\datosDispositivo.php(60): App\Models\NodemcuModelo->eliminarDispositivo([...])
 6 SYSTEMPATH\CodeIgniter.php(934): App\Controllers\DatosDispositivo->datosDispositivo()
 7 SYSTEMPATH\CodeIgniter.php(499): CodeIgniter\CodeIgniter->runController(Object(App\Controllers\DatosDispositivo))
 8 SYSTEMPATH\CodeIgniter.php(368): CodeIgniter\CodeIgniter->handleRequest(null, Object(Config\Cache), false)
 9 FCPATH\index.php(67): CodeIgniter\CodeIgniter->run()
INFO - 2023-09-13 13:56:28 --> Session: Class initialized using 'CodeIgniter\Session\Handlers\FileHandler' driver.
INFO - 2023-09-13 13:56:31 --> Session: Class initialized using 'CodeIgniter\Session\Handlers\FileHandler' driver.
ERROR - 2023-09-13 13:56:31 --> mysqli_sql_exception: Unknown column 'B0553CD822460' in 'where clause' in C:\xampp\htdocs\Disertus\system\Database\MySQLi\Connection.php:295
Stack trace:
#0 C:\xampp\htdocs\Disertus\system\Database\MySQLi\Connection.php(295): mysqli->query('DELETE FROM nod...', 0)
#1 C:\xampp\htdocs\Disertus\system\Database\BaseConnection.php(692): CodeIgniter\Database\MySQLi\Connection->execute('DELETE FROM nod...')
#2 C:\xampp\htdocs\Disertus\system\Database\BaseConnection.php(606): CodeIgniter\Database\BaseConnection->simpleQuery('DELETE FROM nod...')
#3 C:\xampp\htdocs\Disertus\app\Models\nodemcuModelo.php(61): CodeIgniter\Database\BaseConnection->query('DELETE FROM nod...')
#4 C:\xampp\htdocs\Disertus\app\Controllers\datosDispositivo.php(60): App\Models\NodemcuModelo->eliminarDispositivo(Array)
#5 C:\xampp\htdocs\Disertus\system\CodeIgniter.php(934): App\Controllers\DatosDispositivo->datosDispositivo()
#6 C:\xampp\htdocs\Disertus\system\CodeIgniter.php(499): CodeIgniter\CodeIgniter->runController(Object(App\Controllers\DatosDispositivo))
#7 C:\xampp\htdocs\Disertus\system\CodeIgniter.php(368): CodeIgniter\CodeIgniter->handleRequest(NULL, Object(Config\Cache), false)
#8 C:\xampp\htdocs\Disertus\public\index.php(67): CodeIgniter\CodeIgniter->run()
#9 {main}
CRITICAL - 2023-09-13 13:56:31 --> Unknown column 'B0553CD822460' in 'where clause'
in SYSTEMPATH\Database\MySQLi\Connection.php on line 295.
 1 SYSTEMPATH\Database\MySQLi\Connection.php(295): mysqli->query('DELETE FROM nodemcu WHERE IdUsuario = 12 AND IdNodemcu = B0553CD822460', 0)
 2 SYSTEMPATH\Database\BaseConnection.php(692): CodeIgniter\Database\MySQLi\Connection->execute('DELETE FROM nodemcu WHERE IdUsuario = 12 AND IdNodemcu = B0553CD822460')
 3 SYSTEMPATH\Database\BaseConnection.php(606): CodeIgniter\Database\BaseConnection->simpleQuery('DELETE FROM nodemcu WHERE IdUsuario = 12 AND IdNodemcu = B0553CD822460')
 4 APPPATH\Models\nodemcuModelo.php(61): CodeIgniter\Database\BaseConnection->query('DELETE FROM nodemcu WHERE IdUsuario = 12 AND IdNodemcu = B0553CD822460')
 5 APPPATH\Controllers\datosDispositivo.php(60): App\Models\NodemcuModelo->eliminarDispositivo([...])
 6 SYSTEMPATH\CodeIgniter.php(934): App\Controllers\DatosDispositivo->datosDispositivo()
 7 SYSTEMPATH\CodeIgniter.php(499): CodeIgniter\CodeIgniter->runController(Object(App\Controllers\DatosDispositivo))
 8 SYSTEMPATH\CodeIgniter.php(368): CodeIgniter\CodeIgniter->handleRequest(null, Object(Config\Cache), false)
 9 FCPATH\index.php(67): CodeIgniter\CodeIgniter->run()
INFO - 2023-09-13 13:57:44 --> Session: Class initialized using 'CodeIgniter\Session\Handlers\FileHandler' driver.
INFO - 2023-09-13 13:57:47 --> Session: Class initialized using 'CodeIgniter\Session\Handlers\FileHandler' driver.
INFO - 2023-09-13 13:57:52 --> Session: Class initialized using 'CodeIgniter\Session\Handlers\FileHandler' driver.
INFO - 2023-09-13 13:57:52 --> Session: Class initialized using 'CodeIgniter\Session\Handlers\FileHandler' driver.
INFO - 2023-09-13 13:57:56 --> Session: Class initialized using 'CodeIgniter\Session\Handlers\FileHandler' driver.
INFO - 2023-09-13 13:57:56 --> Session: Class initialized using 'CodeIgniter\Session\Handlers\FileHandler' driver.
INFO - 2023-09-13 13:58:00 --> Session: Class initialized using 'CodeIgniter\Session\Handlers\FileHandler' driver.
ERROR - 2023-09-13 13:58:00 --> mysqli_sql_exception: Unknown column 'B0553CD82240' in 'where clause' in C:\xampp\htdocs\Disertus\system\Database\MySQLi\Connection.php:295
Stack trace:
#0 C:\xampp\htdocs\Disertus\system\Database\MySQLi\Connection.php(295): mysqli->query('DELETE FROM nod...', 0)
#1 C:\xampp\htdocs\Disertus\system\Database\BaseConnection.php(692): CodeIgniter\Database\MySQLi\Connection->execute('DELETE FROM nod...')
#2 C:\xampp\htdocs\Disertus\system\Database\BaseConnection.php(606): CodeIgniter\Database\BaseConnection->simpleQuery('DELETE FROM nod...')
#3 C:\xampp\htdocs\Disertus\app\Models\nodemcuModelo.php(61): CodeIgniter\Database\BaseConnection->query('DELETE FROM nod...')
#4 C:\xampp\htdocs\Disertus\app\Controllers\datosDispositivo.php(60): App\Models\NodemcuModelo->eliminarDispositivo(Array)
#5 C:\xampp\htdocs\Disertus\system\CodeIgniter.php(934): App\Controllers\DatosDispositivo->datosDispositivo()
#6 C:\xampp\htdocs\Disertus\system\CodeIgniter.php(499): CodeIgniter\CodeIgniter->runController(Object(App\Controllers\DatosDispositivo))
#7 C:\xampp\htdocs\Disertus\system\CodeIgniter.php(368): CodeIgniter\CodeIgniter->handleRequest(NULL, Object(Config\Cache), false)
#8 C:\xampp\htdocs\Disertus\public\index.php(67): CodeIgniter\CodeIgniter->run()
#9 {main}
CRITICAL - 2023-09-13 13:58:00 --> Unknown column 'B0553CD82240' in 'where clause'
in SYSTEMPATH\Database\MySQLi\Connection.php on line 295.
 1 SYSTEMPATH\Database\MySQLi\Connection.php(295): mysqli->query('DELETE FROM nodemcu WHERE IdUsuario = 12 AND IdNodemcu = B0553CD82240', 0)
 2 SYSTEMPATH\Database\BaseConnection.php(692): CodeIgniter\Database\MySQLi\Connection->execute('DELETE FROM nodemcu WHERE IdUsuario = 12 AND IdNodemcu = B0553CD82240')
 3 SYSTEMPATH\Database\BaseConnection.php(606): CodeIgniter\Database\BaseConnection->simpleQuery('DELETE FROM nodemcu WHERE IdUsuario = 12 AND IdNodemcu = B0553CD82240')
 4 APPPATH\Models\nodemcuModelo.php(61): CodeIgniter\Database\BaseConnection->query('DELETE FROM nodemcu WHERE IdUsuario = 12 AND IdNodemcu = B0553CD82240')
 5 APPPATH\Controllers\datosDispositivo.php(60): App\Models\NodemcuModelo->eliminarDispositivo([...])
 6 SYSTEMPATH\CodeIgniter.php(934): App\Controllers\DatosDispositivo->datosDispositivo()
 7 SYSTEMPATH\CodeIgniter.php(499): CodeIgniter\CodeIgniter->runController(Object(App\Controllers\DatosDispositivo))
 8 SYSTEMPATH\CodeIgniter.php(368): CodeIgniter\CodeIgniter->handleRequest(null, Object(Config\Cache), false)
 9 FCPATH\index.php(67): CodeIgniter\CodeIgniter->run()
INFO - 2023-09-13 13:58:02 --> Session: Class initialized using 'CodeIgniter\Session\Handlers\FileHandler' driver.
INFO - 2023-09-13 15:54:05 --> Session: Class initialized using 'CodeIgniter\Session\Handlers\FileHandler' driver.
INFO - 2023-09-13 15:54:10 --> Session: Class initialized using 'CodeIgniter\Session\Handlers\FileHandler' driver.
INFO - 2023-09-13 15:54:16 --> Session: Class initialized using 'CodeIgniter\Session\Handlers\FileHandler' driver.
INFO - 2023-09-13 15:54:16 --> Session: Class initialized using 'CodeIgniter\Session\Handlers\FileHandler' driver.
INFO - 2023-09-13 15:54:23 --> Session: Class initialized using 'CodeIgniter\Session\Handlers\FileHandler' driver.
ERROR - 2023-09-13 15:54:23 --> mysqli_sql_exception: Unknown column 'B0553CD822460' in 'where clause' in C:\xampp\htdocs\Disertus\system\Database\MySQLi\Connection.php:295
Stack trace:
#0 C:\xampp\htdocs\Disertus\system\Database\MySQLi\Connection.php(295): mysqli->query('DELETE FROM nod...', 0)
#1 C:\xampp\htdocs\Disertus\system\Database\BaseConnection.php(692): CodeIgniter\Database\MySQLi\Connection->execute('DELETE FROM nod...')
#2 C:\xampp\htdocs\Disertus\system\Database\BaseConnection.php(606): CodeIgniter\Database\BaseConnection->simpleQuery('DELETE FROM nod...')
#3 C:\xampp\htdocs\Disertus\app\Models\nodemcuModelo.php(61): CodeIgniter\Database\BaseConnection->query('DELETE FROM nod...')
#4 C:\xampp\htdocs\Disertus\app\Controllers\datosDispositivo.php(60): App\Models\NodemcuModelo->eliminarDispositivo(Array)
#5 C:\xampp\htdocs\Disertus\system\CodeIgniter.php(934): App\Controllers\DatosDispositivo->datosDispositivo()
#6 C:\xampp\htdocs\Disertus\system\CodeIgniter.php(499): CodeIgniter\CodeIgniter->runController(Object(App\Controllers\DatosDispositivo))
#7 C:\xampp\htdocs\Disertus\system\CodeIgniter.php(368): CodeIgniter\CodeIgniter->handleRequest(NULL, Object(Config\Cache), false)
#8 C:\xampp\htdocs\Disertus\public\index.php(67): CodeIgniter\CodeIgniter->run()
#9 {main}
CRITICAL - 2023-09-13 15:54:23 --> Unknown column 'B0553CD822460' in 'where clause'
in SYSTEMPATH\Database\MySQLi\Connection.php on line 295.
 1 SYSTEMPATH\Database\MySQLi\Connection.php(295): mysqli->query('DELETE FROM nodemcu WHERE IdUsuario = 12 AND IdNodemcu = B0553CD822460', 0)
 2 SYSTEMPATH\Database\BaseConnection.php(692): CodeIgniter\Database\MySQLi\Connection->execute('DELETE FROM nodemcu WHERE IdUsuario = 12 AND IdNodemcu = B0553CD822460')
 3 SYSTEMPATH\Database\BaseConnection.php(606): CodeIgniter\Database\BaseConnection->simpleQuery('DELETE FROM nodemcu WHERE IdUsuario = 12 AND IdNodemcu = B0553CD822460')
 4 APPPATH\Models\nodemcuModelo.php(61): CodeIgniter\Database\BaseConnection->query('DELETE FROM nodemcu WHERE IdUsuario = 12 AND IdNodemcu = B0553CD822460')
 5 APPPATH\Controllers\datosDispositivo.php(60): App\Models\NodemcuModelo->eliminarDispositivo([...])
 6 SYSTEMPATH\CodeIgniter.php(934): App\Controllers\DatosDispositivo->datosDispositivo()
 7 SYSTEMPATH\CodeIgniter.php(499): CodeIgniter\CodeIgniter->runController(Object(App\Controllers\DatosDispositivo))
 8 SYSTEMPATH\CodeIgniter.php(368): CodeIgniter\CodeIgniter->handleRequest(null, Object(Config\Cache), false)
 9 FCPATH\index.php(67): CodeIgniter\CodeIgniter->run()
INFO - 2023-09-13 15:54:27 --> Session: Class initialized using 'CodeIgniter\Session\Handlers\FileHandler' driver.
INFO - 2023-09-13 15:54:37 --> Session: Class initialized using 'CodeIgniter\Session\Handlers\FileHandler' driver.
ERROR - 2023-09-13 15:54:37 --> mysqli_sql_exception: Unknown column 'B0553CD82251' in 'where clause' in C:\xampp\htdocs\Disertus\system\Database\MySQLi\Connection.php:295
Stack trace:
#0 C:\xampp\htdocs\Disertus\system\Database\MySQLi\Connection.php(295): mysqli->query('DELETE FROM nod...', 0)
#1 C:\xampp\htdocs\Disertus\system\Database\BaseConnection.php(692): CodeIgniter\Database\MySQLi\Connection->execute('DELETE FROM nod...')
#2 C:\xampp\htdocs\Disertus\system\Database\BaseConnection.php(606): CodeIgniter\Database\BaseConnection->simpleQuery('DELETE FROM nod...')
#3 C:\xampp\htdocs\Disertus\app\Models\nodemcuModelo.php(61): CodeIgniter\Database\BaseConnection->query('DELETE FROM nod...')
#4 C:\xampp\htdocs\Disertus\app\Controllers\datosDispositivo.php(60): App\Models\NodemcuModelo->eliminarDispositivo(Array)
#5 C:\xampp\htdocs\Disertus\system\CodeIgniter.php(934): App\Controllers\DatosDispositivo->datosDispositivo()
#6 C:\xampp\htdocs\Disertus\system\CodeIgniter.php(499): CodeIgniter\CodeIgniter->runController(Object(App\Controllers\DatosDispositivo))
#7 C:\xampp\htdocs\Disertus\system\CodeIgniter.php(368): CodeIgniter\CodeIgniter->handleRequest(NULL, Object(Config\Cache), false)
#8 C:\xampp\htdocs\Disertus\public\index.php(67): CodeIgniter\CodeIgniter->run()
#9 {main}
CRITICAL - 2023-09-13 15:54:37 --> Unknown column 'B0553CD82251' in 'where clause'
in SYSTEMPATH\Database\MySQLi\Connection.php on line 295.
 1 SYSTEMPATH\Database\MySQLi\Connection.php(295): mysqli->query('DELETE FROM nodemcu WHERE IdUsuario = 12 AND IdNodemcu = B0553CD82251', 0)
 2 SYSTEMPATH\Database\BaseConnection.php(692): CodeIgniter\Database\MySQLi\Connection->execute('DELETE FROM nodemcu WHERE IdUsuario = 12 AND IdNodemcu = B0553CD82251')
 3 SYSTEMPATH\Database\BaseConnection.php(606): CodeIgniter\Database\BaseConnection->simpleQuery('DELETE FROM nodemcu WHERE IdUsuario = 12 AND IdNodemcu = B0553CD82251')
 4 APPPATH\Models\nodemcuModelo.php(61): CodeIgniter\Database\BaseConnection->query('DELETE FROM nodemcu WHERE IdUsuario = 12 AND IdNodemcu = B0553CD82251')
 5 APPPATH\Controllers\datosDispositivo.php(60): App\Models\NodemcuModelo->eliminarDispositivo([...])
 6 SYSTEMPATH\CodeIgniter.php(934): App\Controllers\DatosDispositivo->datosDispositivo()
 7 SYSTEMPATH\CodeIgniter.php(499): CodeIgniter\CodeIgniter->runController(Object(App\Controllers\DatosDispositivo))
 8 SYSTEMPATH\CodeIgniter.php(368): CodeIgniter\CodeIgniter->handleRequest(null, Object(Config\Cache), false)
 9 FCPATH\index.php(67): CodeIgniter\CodeIgniter->run()
INFO - 2023-09-13 15:54:39 --> Session: Class initialized using 'CodeIgniter\Session\Handlers\FileHandler' driver.
INFO - 2023-09-13 15:54:44 --> Session: Class initialized using 'CodeIgniter\Session\Handlers\FileHandler' driver.
INFO - 2023-09-13 15:54:44 --> Session: Class initialized using 'CodeIgniter\Session\Handlers\FileHandler' driver.
INFO - 2023-09-13 15:55:09 --> Session: Class initialized using 'CodeIgniter\Session\Handlers\FileHandler' driver.
ERROR - 2023-09-13 15:55:09 --> mysqli_sql_exception: Unknown column 'B0553CD82240' in 'where clause' in C:\xampp\htdocs\Disertus\system\Database\MySQLi\Connection.php:295
Stack trace:
#0 C:\xampp\htdocs\Disertus\system\Database\MySQLi\Connection.php(295): mysqli->query('DELETE FROM nod...', 0)
#1 C:\xampp\htdocs\Disertus\system\Database\BaseConnection.php(692): CodeIgniter\Database\MySQLi\Connection->execute('DELETE FROM nod...')
#2 C:\xampp\htdocs\Disertus\system\Database\BaseConnection.php(606): CodeIgniter\Database\BaseConnection->simpleQuery('DELETE FROM nod...')
#3 C:\xampp\htdocs\Disertus\app\Models\nodemcuModelo.php(61): CodeIgniter\Database\BaseConnection->query('DELETE FROM nod...')
#4 C:\xampp\htdocs\Disertus\app\Controllers\datosDispositivo.php(60): App\Models\NodemcuModelo->eliminarDispositivo(Array)
#5 C:\xampp\htdocs\Disertus\system\CodeIgniter.php(934): App\Controllers\DatosDispositivo->datosDispositivo()
#6 C:\xampp\htdocs\Disertus\system\CodeIgniter.php(499): CodeIgniter\CodeIgniter->runController(Object(App\Controllers\DatosDispositivo))
#7 C:\xampp\htdocs\Disertus\system\CodeIgniter.php(368): CodeIgniter\CodeIgniter->handleRequest(NULL, Object(Config\Cache), false)
#8 C:\xampp\htdocs\Disertus\public\index.php(67): CodeIgniter\CodeIgniter->run()
#9 {main}
CRITICAL - 2023-09-13 15:55:09 --> Unknown column 'B0553CD82240' in 'where clause'
in SYSTEMPATH\Database\MySQLi\Connection.php on line 295.
 1 SYSTEMPATH\Database\MySQLi\Connection.php(295): mysqli->query('DELETE FROM nodemcu WHERE IdUsuario = 12 AND IdNodemcu = B0553CD82240', 0)
 2 SYSTEMPATH\Database\BaseConnection.php(692): CodeIgniter\Database\MySQLi\Connection->execute('DELETE FROM nodemcu WHERE IdUsuario = 12 AND IdNodemcu = B0553CD82240')
 3 SYSTEMPATH\Database\BaseConnection.php(606): CodeIgniter\Database\BaseConnection->simpleQuery('DELETE FROM nodemcu WHERE IdUsuario = 12 AND IdNodemcu = B0553CD82240')
 4 APPPATH\Models\nodemcuModelo.php(61): CodeIgniter\Database\BaseConnection->query('DELETE FROM nodemcu WHERE IdUsuario = 12 AND IdNodemcu = B0553CD82240')
 5 APPPATH\Controllers\datosDispositivo.php(60): App\Models\NodemcuModelo->eliminarDispositivo([...])
 6 SYSTEMPATH\CodeIgniter.php(934): App\Controllers\DatosDispositivo->datosDispositivo()
 7 SYSTEMPATH\CodeIgniter.php(499): CodeIgniter\CodeIgniter->runController(Object(App\Controllers\DatosDispositivo))
 8 SYSTEMPATH\CodeIgniter.php(368): CodeIgniter\CodeIgniter->handleRequest(null, Object(Config\Cache), false)
 9 FCPATH\index.php(67): CodeIgniter\CodeIgniter->run()
INFO - 2023-09-13 15:57:17 --> Session: Class initialized using 'CodeIgniter\Session\Handlers\FileHandler' driver.
INFO - 2023-09-13 16:01:31 --> Session: Class initialized using 'CodeIgniter\Session\Handlers\FileHandler' driver.
INFO - 2023-09-13 16:01:33 --> Session: Class initialized using 'CodeIgniter\Session\Handlers\FileHandler' driver.
INFO - 2023-09-13 16:01:37 --> Session: Class initialized using 'CodeIgniter\Session\Handlers\FileHandler' driver.
INFO - 2023-09-13 16:01:37 --> Session: Class initialized using 'CodeIgniter\Session\Handlers\FileHandler' driver.
INFO - 2023-09-13 16:02:29 --> Session: Class initialized using 'CodeIgniter\Session\Handlers\FileHandler' driver.
INFO - 2023-09-13 16:02:32 --> Session: Class initialized using 'CodeIgniter\Session\Handlers\FileHandler' driver.
ERROR - 2023-09-13 16:02:32 --> mysqli_sql_exception: Unknown column 'B0553CD822463' in 'where clause' in C:\xampp\htdocs\Disertus\system\Database\MySQLi\Connection.php:295
Stack trace:
#0 C:\xampp\htdocs\Disertus\system\Database\MySQLi\Connection.php(295): mysqli->query('DELETE FROM nod...', 0)
#1 C:\xampp\htdocs\Disertus\system\Database\BaseConnection.php(692): CodeIgniter\Database\MySQLi\Connection->execute('DELETE FROM nod...')
#2 C:\xampp\htdocs\Disertus\system\Database\BaseConnection.php(606): CodeIgniter\Database\BaseConnection->simpleQuery('DELETE FROM nod...')
#3 C:\xampp\htdocs\Disertus\app\Models\nodemcuModelo.php(61): CodeIgniter\Database\BaseConnection->query('DELETE FROM nod...')
#4 C:\xampp\htdocs\Disertus\app\Controllers\datosDispositivo.php(60): App\Models\NodemcuModelo->eliminarDispositivo(Array)
#5 C:\xampp\htdocs\Disertus\system\CodeIgniter.php(934): App\Controllers\DatosDispositivo->datosDispositivo()
#6 C:\xampp\htdocs\Disertus\system\CodeIgniter.php(499): CodeIgniter\CodeIgniter->runController(Object(App\Controllers\DatosDispositivo))
#7 C:\xampp\htdocs\Disertus\system\CodeIgniter.php(368): CodeIgniter\CodeIgniter->handleRequest(NULL, Object(Config\Cache), false)
#8 C:\xampp\htdocs\Disertus\public\index.php(67): CodeIgniter\CodeIgniter->run()
#9 {main}
CRITICAL - 2023-09-13 16:02:32 --> Unknown column 'B0553CD822463' in 'where clause'
in SYSTEMPATH\Database\MySQLi\Connection.php on line 295.
 1 SYSTEMPATH\Database\MySQLi\Connection.php(295): mysqli->query('DELETE FROM nodemcu WHERE IdUsuario = 12 AND IdNodemcu = B0553CD822463', 0)
 2 SYSTEMPATH\Database\BaseConnection.php(692): CodeIgniter\Database\MySQLi\Connection->execute('DELETE FROM nodemcu WHERE IdUsuario = 12 AND IdNodemcu = B0553CD822463')
 3 SYSTEMPATH\Database\BaseConnection.php(606): CodeIgniter\Database\BaseConnection->simpleQuery('DELETE FROM nodemcu WHERE IdUsuario = 12 AND IdNodemcu = B0553CD822463')
 4 APPPATH\Models\nodemcuModelo.php(61): CodeIgniter\Database\BaseConnection->query('DELETE FROM nodemcu WHERE IdUsuario = 12 AND IdNodemcu = B0553CD822463')
 5 APPPATH\Controllers\datosDispositivo.php(60): App\Models\NodemcuModelo->eliminarDispositivo([...])
 6 SYSTEMPATH\CodeIgniter.php(934): App\Controllers\DatosDispositivo->datosDispositivo()
 7 SYSTEMPATH\CodeIgniter.php(499): CodeIgniter\CodeIgniter->runController(Object(App\Controllers\DatosDispositivo))
 8 SYSTEMPATH\CodeIgniter.php(368): CodeIgniter\CodeIgniter->handleRequest(null, Object(Config\Cache), false)
 9 FCPATH\index.php(67): CodeIgniter\CodeIgniter->run()
INFO - 2023-09-13 16:04:10 --> Session: Class initialized using 'CodeIgniter\Session\Handlers\FileHandler' driver.
INFO - 2023-09-13 16:04:14 --> Session: Class initialized using 'CodeIgniter\Session\Handlers\FileHandler' driver.
ERROR - 2023-09-13 16:04:14 --> mysqli_sql_exception: Unknown column 'b0553cd82264' in 'where clause' in C:\xampp\htdocs\Disertus\system\Database\MySQLi\Connection.php:295
Stack trace:
#0 C:\xampp\htdocs\Disertus\system\Database\MySQLi\Connection.php(295): mysqli->query('DELETE FROM nod...', 0)
#1 C:\xampp\htdocs\Disertus\system\Database\BaseConnection.php(692): CodeIgniter\Database\MySQLi\Connection->execute('DELETE FROM nod...')
#2 C:\xampp\htdocs\Disertus\system\Database\BaseConnection.php(606): CodeIgniter\Database\BaseConnection->simpleQuery('DELETE FROM nod...')
#3 C:\xampp\htdocs\Disertus\app\Models\nodemcuModelo.php(61): CodeIgniter\Database\BaseConnection->query('DELETE FROM nod...')
#4 C:\xampp\htdocs\Disertus\app\Controllers\datosDispositivo.php(60): App\Models\NodemcuModelo->eliminarDispositivo(Array)
#5 C:\xampp\htdocs\Disertus\system\CodeIgniter.php(934): App\Controllers\DatosDispositivo->datosDispositivo()
#6 C:\xampp\htdocs\Disertus\system\CodeIgniter.php(499): CodeIgniter\CodeIgniter->runController(Object(App\Controllers\DatosDispositivo))
#7 C:\xampp\htdocs\Disertus\system\CodeIgniter.php(368): CodeIgniter\CodeIgniter->handleRequest(NULL, Object(Config\Cache), false)
#8 C:\xampp\htdocs\Disertus\public\index.php(67): CodeIgniter\CodeIgniter->run()
#9 {main}
CRITICAL - 2023-09-13 16:04:14 --> Unknown column 'b0553cd82264' in 'where clause'
in SYSTEMPATH\Database\MySQLi\Connection.php on line 295.
 1 SYSTEMPATH\Database\MySQLi\Connection.php(295): mysqli->query('DELETE FROM nodemcu WHERE IdUsuario = 12 AND IdNodemcu = b0553cd82264', 0)
 2 SYSTEMPATH\Database\BaseConnection.php(692): CodeIgniter\Database\MySQLi\Connection->execute('DELETE FROM nodemcu WHERE IdUsuario = 12 AND IdNodemcu = b0553cd82264')
 3 SYSTEMPATH\Database\BaseConnection.php(606): CodeIgniter\Database\BaseConnection->simpleQuery('DELETE FROM nodemcu WHERE IdUsuario = 12 AND IdNodemcu = b0553cd82264')
 4 APPPATH\Models\nodemcuModelo.php(61): CodeIgniter\Database\BaseConnection->query('DELETE FROM nodemcu WHERE IdUsuario = 12 AND IdNodemcu = b0553cd82264')
 5 APPPATH\Controllers\datosDispositivo.php(60): App\Models\NodemcuModelo->eliminarDispositivo([...])
 6 SYSTEMPATH\CodeIgniter.php(934): App\Controllers\DatosDispositivo->datosDispositivo()
 7 SYSTEMPATH\CodeIgniter.php(499): CodeIgniter\CodeIgniter->runController(Object(App\Controllers\DatosDispositivo))
 8 SYSTEMPATH\CodeIgniter.php(368): CodeIgniter\CodeIgniter->handleRequest(null, Object(Config\Cache), false)
 9 FCPATH\index.php(67): CodeIgniter\CodeIgniter->run()
INFO - 2023-09-13 16:04:25 --> Session: Class initialized using 'CodeIgniter\Session\Handlers\FileHandler' driver.
INFO - 2023-09-13 16:05:01 --> Session: Class initialized using 'CodeIgniter\Session\Handlers\FileHandler' driver.
INFO - 2023-09-13 16:05:04 --> Session: Class initialized using 'CodeIgniter\Session\Handlers\FileHandler' driver.
ERROR - 2023-09-13 16:05:04 --> mysqli_sql_exception: Unknown column 'dfdgdgdfg' in 'where clause' in C:\xampp\htdocs\Disertus\system\Database\MySQLi\Connection.php:295
Stack trace:
#0 C:\xampp\htdocs\Disertus\system\Database\MySQLi\Connection.php(295): mysqli->query('DELETE FROM nod...', 0)
#1 C:\xampp\htdocs\Disertus\system\Database\BaseConnection.php(692): CodeIgniter\Database\MySQLi\Connection->execute('DELETE FROM nod...')
#2 C:\xampp\htdocs\Disertus\system\Database\BaseConnection.php(606): CodeIgniter\Database\BaseConnection->simpleQuery('DELETE FROM nod...')
#3 C:\xampp\htdocs\Disertus\app\Models\nodemcuModelo.php(61): CodeIgniter\Database\BaseConnection->query('DELETE FROM nod...')
#4 C:\xampp\htdocs\Disertus\app\Controllers\datosDispositivo.php(60): App\Models\NodemcuModelo->eliminarDispositivo(Array)
#5 C:\xampp\htdocs\Disertus\system\CodeIgniter.php(934): App\Controllers\DatosDispositivo->datosDispositivo()
#6 C:\xampp\htdocs\Disertus\system\CodeIgniter.php(499): CodeIgniter\CodeIgniter->runController(Object(App\Controllers\DatosDispositivo))
#7 C:\xampp\htdocs\Disertus\system\CodeIgniter.php(368): CodeIgniter\CodeIgniter->handleRequest(NULL, Object(Config\Cache), false)
#8 C:\xampp\htdocs\Disertus\public\index.php(67): CodeIgniter\CodeIgniter->run()
#9 {main}
CRITICAL - 2023-09-13 16:05:04 --> Unknown column 'dfdgdgdfg' in 'where clause'
in SYSTEMPATH\Database\MySQLi\Connection.php on line 295.
 1 SYSTEMPATH\Database\MySQLi\Connection.php(295): mysqli->query('DELETE FROM nodemcu WHERE IdUsuario = 12 AND IdNodemcu = dfdgdgdfg', 0)
 2 SYSTEMPATH\Database\BaseConnection.php(692): CodeIgniter\Database\MySQLi\Connection->execute('DELETE FROM nodemcu WHERE IdUsuario = 12 AND IdNodemcu = dfdgdgdfg')
 3 SYSTEMPATH\Database\BaseConnection.php(606): CodeIgniter\Database\BaseConnection->simpleQuery('DELETE FROM nodemcu WHERE IdUsuario = 12 AND IdNodemcu = dfdgdgdfg')
 4 APPPATH\Models\nodemcuModelo.php(61): CodeIgniter\Database\BaseConnection->query('DELETE FROM nodemcu WHERE IdUsuario = 12 AND IdNodemcu = dfdgdgdfg')
 5 APPPATH\Controllers\datosDispositivo.php(60): App\Models\NodemcuModelo->eliminarDispositivo([...])
 6 SYSTEMPATH\CodeIgniter.php(934): App\Controllers\DatosDispositivo->datosDispositivo()
 7 SYSTEMPATH\CodeIgniter.php(499): CodeIgniter\CodeIgniter->runController(Object(App\Controllers\DatosDispositivo))
 8 SYSTEMPATH\CodeIgniter.php(368): CodeIgniter\CodeIgniter->handleRequest(null, Object(Config\Cache), false)
 9 FCPATH\index.php(67): CodeIgniter\CodeIgniter->run()
INFO - 2023-09-13 16:05:32 --> Session: Class initialized using 'CodeIgniter\Session\Handlers\FileHandler' driver.
INFO - 2023-09-13 16:05:35 --> Session: Class initialized using 'CodeIgniter\Session\Handlers\FileHandler' driver.
INFO - 2023-09-13 16:05:35 --> Session: Class initialized using 'CodeIgniter\Session\Handlers\FileHandler' driver.
INFO - 2023-09-13 16:05:45 --> Session: Class initialized using 'CodeIgniter\Session\Handlers\FileHandler' driver.
ERROR - 2023-09-13 16:05:45 --> mysqli_sql_exception: Unknown column 'b0553cd822463' in 'where clause' in C:\xampp\htdocs\Disertus\system\Database\MySQLi\Connection.php:295
Stack trace:
#0 C:\xampp\htdocs\Disertus\system\Database\MySQLi\Connection.php(295): mysqli->query('DELETE FROM nod...', 0)
#1 C:\xampp\htdocs\Disertus\system\Database\BaseConnection.php(692): CodeIgniter\Database\MySQLi\Connection->execute('DELETE FROM nod...')
#2 C:\xampp\htdocs\Disertus\system\Database\BaseConnection.php(606): CodeIgniter\Database\BaseConnection->simpleQuery('DELETE FROM nod...')
#3 C:\xampp\htdocs\Disertus\app\Models\nodemcuModelo.php(61): CodeIgniter\Database\BaseConnection->query('DELETE FROM nod...')
#4 C:\xampp\htdocs\Disertus\app\Controllers\datosDispositivo.php(60): App\Models\NodemcuModelo->eliminarDispositivo(Array)
#5 C:\xampp\htdocs\Disertus\system\CodeIgniter.php(934): App\Controllers\DatosDispositivo->datosDispositivo()
#6 C:\xampp\htdocs\Disertus\system\CodeIgniter.php(499): CodeIgniter\CodeIgniter->runController(Object(App\Controllers\DatosDispositivo))
#7 C:\xampp\htdocs\Disertus\system\CodeIgniter.php(368): CodeIgniter\CodeIgniter->handleRequest(NULL, Object(Config\Cache), false)
#8 C:\xampp\htdocs\Disertus\public\index.php(67): CodeIgniter\CodeIgniter->run()
#9 {main}
CRITICAL - 2023-09-13 16:05:45 --> Unknown column 'b0553cd822463' in 'where clause'
in SYSTEMPATH\Database\MySQLi\Connection.php on line 295.
 1 SYSTEMPATH\Database\MySQLi\Connection.php(295): mysqli->query('DELETE FROM nodemcu WHERE IdUsuario = 12 AND IdNodemcu = b0553cd822463', 0)
 2 SYSTEMPATH\Database\BaseConnection.php(692): CodeIgniter\Database\MySQLi\Connection->execute('DELETE FROM nodemcu WHERE IdUsuario = 12 AND IdNodemcu = b0553cd822463')
 3 SYSTEMPATH\Database\BaseConnection.php(606): CodeIgniter\Database\BaseConnection->simpleQuery('DELETE FROM nodemcu WHERE IdUsuario = 12 AND IdNodemcu = b0553cd822463')
 4 APPPATH\Models\nodemcuModelo.php(61): CodeIgniter\Database\BaseConnection->query('DELETE FROM nodemcu WHERE IdUsuario = 12 AND IdNodemcu = b0553cd822463')
 5 APPPATH\Controllers\datosDispositivo.php(60): App\Models\NodemcuModelo->eliminarDispositivo([...])
 6 SYSTEMPATH\CodeIgniter.php(934): App\Controllers\DatosDispositivo->datosDispositivo()
 7 SYSTEMPATH\CodeIgniter.php(499): CodeIgniter\CodeIgniter->runController(Object(App\Controllers\DatosDispositivo))
 8 SYSTEMPATH\CodeIgniter.php(368): CodeIgniter\CodeIgniter->handleRequest(null, Object(Config\Cache), false)
 9 FCPATH\index.php(67): CodeIgniter\CodeIgniter->run()
INFO - 2023-09-13 16:09:57 --> Session: Class initialized using 'CodeIgniter\Session\Handlers\FileHandler' driver.
INFO - 2023-09-13 16:10:01 --> Session: Class initialized using 'CodeIgniter\Session\Handlers\FileHandler' driver.
INFO - 2023-09-13 16:10:08 --> Session: Class initialized using 'CodeIgniter\Session\Handlers\FileHandler' driver.
INFO - 2023-09-13 16:10:08 --> Session: Class initialized using 'CodeIgniter\Session\Handlers\FileHandler' driver.
INFO - 2023-09-13 16:10:13 --> Session: Class initialized using 'CodeIgniter\Session\Handlers\FileHandler' driver.
INFO - 2023-09-13 16:10:13 --> Session: Class initialized using 'CodeIgniter\Session\Handlers\FileHandler' driver.
INFO - 2023-09-13 16:10:17 --> Session: Class initialized using 'CodeIgniter\Session\Handlers\FileHandler' driver.
INFO - 2023-09-13 16:10:25 --> Session: Class initialized using 'CodeIgniter\Session\Handlers\FileHandler' driver.
INFO - 2023-09-13 16:10:25 --> Session: Class initialized using 'CodeIgniter\Session\Handlers\FileHandler' driver.
INFO - 2023-09-13 16:10:28 --> Session: Class initialized using 'CodeIgniter\Session\Handlers\FileHandler' driver.
INFO - 2023-09-13 16:10:28 --> Session: Class initialized using 'CodeIgniter\Session\Handlers\FileHandler' driver.
INFO - 2023-09-13 16:10:32 --> Session: Class initialized using 'CodeIgniter\Session\Handlers\FileHandler' driver.
INFO - 2023-09-13 16:10:36 --> Session: Class initialized using 'CodeIgniter\Session\Handlers\FileHandler' driver.
INFO - 2023-09-13 16:10:39 --> Session: Class initialized using 'CodeIgniter\Session\Handlers\FileHandler' driver.
INFO - 2023-09-13 16:10:39 --> Session: Class initialized using 'CodeIgniter\Session\Handlers\FileHandler' driver.
INFO - 2023-09-13 16:19:03 --> Session: Class initialized using 'CodeIgniter\Session\Handlers\FileHandler' driver.
INFO - 2023-09-13 16:19:34 --> Session: Class initialized using 'CodeIgniter\Session\Handlers\FileHandler' driver.
INFO - 2023-09-13 16:20:06 --> Session: Class initialized using 'CodeIgniter\Session\Handlers\FileHandler' driver.
INFO - 2023-09-13 16:21:22 --> Session: Class initialized using 'CodeIgniter\Session\Handlers\FileHandler' driver.
INFO - 2023-09-13 16:21:23 --> Session: Class initialized using 'CodeIgniter\Session\Handlers\FileHandler' driver.
INFO - 2023-09-13 16:21:27 --> Session: Class initialized using 'CodeIgniter\Session\Handlers\FileHandler' driver.
INFO - 2023-09-13 16:22:07 --> Session: Class initialized using 'CodeIgniter\Session\Handlers\FileHandler' driver.
INFO - 2023-09-13 16:22:09 --> Session: Class initialized using 'CodeIgniter\Session\Handlers\FileHandler' driver.
INFO - 2023-09-13 16:22:12 --> Session: Class initialized using 'CodeIgniter\Session\Handlers\FileHandler' driver.
INFO - 2023-09-13 16:22:15 --> Session: Class initialized using 'CodeIgniter\Session\Handlers\FileHandler' driver.
INFO - 2023-09-13 16:22:18 --> Session: Class initialized using 'CodeIgniter\Session\Handlers\FileHandler' driver.
INFO - 2023-09-13 16:22:58 --> Session: Class initialized using 'CodeIgniter\Session\Handlers\FileHandler' driver.
INFO - 2023-09-13 16:23:07 --> Session: Class initialized using 'CodeIgniter\Session\Handlers\FileHandler' driver.
INFO - 2023-09-13 16:23:18 --> Session: Class initialized using 'CodeIgniter\Session\Handlers\FileHandler' driver.
INFO - 2023-09-13 16:23:26 --> Session: Class initialized using 'CodeIgniter\Session\Handlers\FileHandler' driver.
INFO - 2023-09-13 16:23:54 --> Session: Class initialized using 'CodeIgniter\Session\Handlers\FileHandler' driver.
INFO - 2023-09-13 16:24:08 --> Session: Class initialized using 'CodeIgniter\Session\Handlers\FileHandler' driver.
INFO - 2023-09-13 16:24:17 --> Session: Class initialized using 'CodeIgniter\Session\Handlers\FileHandler' driver.
INFO - 2023-09-13 16:24:32 --> Session: Class initialized using 'CodeIgniter\Session\Handlers\FileHandler' driver.
INFO - 2023-09-13 16:25:21 --> Session: Class initialized using 'CodeIgniter\Session\Handlers\FileHandler' driver.
INFO - 2023-09-13 16:27:58 --> Session: Class initialized using 'CodeIgniter\Session\Handlers\FileHandler' driver.
INFO - 2023-09-13 16:28:56 --> Session: Class initialized using 'CodeIgniter\Session\Handlers\FileHandler' driver.
INFO - 2023-09-13 16:29:32 --> Session: Class initialized using 'CodeIgniter\Session\Handlers\FileHandler' driver.
INFO - 2023-09-13 16:31:37 --> Session: Class initialized using 'CodeIgniter\Session\Handlers\FileHandler' driver.
INFO - 2023-09-13 16:32:27 --> Session: Class initialized using 'CodeIgniter\Session\Handlers\FileHandler' driver.
INFO - 2023-09-13 16:42:53 --> Session: Class initialized using 'CodeIgniter\Session\Handlers\FileHandler' driver.
INFO - 2023-09-13 16:42:56 --> Session: Class initialized using 'CodeIgniter\Session\Handlers\FileHandler' driver.
INFO - 2023-09-13 16:43:14 --> Session: Class initialized using 'CodeIgniter\Session\Handlers\FileHandler' driver.
CRITICAL - 2023-09-13 16:43:14 --> Undefined variable $vista
in APPPATH\Views\spConfiguracion.php on line 110.
 1 APPPATH\Views\spConfiguracion.php(110): CodeIgniter\Debug\Exceptions->errorHandler(2, 'Undefined variable $vista', 'C:\\xampp\\htdocs\\Disertus\\app\\Views\\spConfiguracion.php', 110)
 2 SYSTEMPATH\View\View.php(213): include('C:\\xampp\\htdocs\\Disertus\\app\\Views\\spConfiguracion.php')
 3 SYSTEMPATH\View\View.php(216): CodeIgniter\View\View->CodeIgniter\View\{closure}()
 4 SYSTEMPATH\Common.php(1184): CodeIgniter\View\View->render('spConfiguracion', [], true)
 5 APPPATH\Controllers\datosDispositivo.php(41): view('spConfiguracion', [...])
 6 SYSTEMPATH\CodeIgniter.php(934): App\Controllers\DatosDispositivo->datosDispositivo()
 7 SYSTEMPATH\CodeIgniter.php(499): CodeIgniter\CodeIgniter->runController(Object(App\Controllers\DatosDispositivo))
 8 SYSTEMPATH\CodeIgniter.php(368): CodeIgniter\CodeIgniter->handleRequest(null, Object(Config\Cache), false)
 9 FCPATH\index.php(67): CodeIgniter\CodeIgniter->run()
INFO - 2023-09-13 16:44:20 --> Session: Class initialized using 'CodeIgniter\Session\Handlers\FileHandler' driver.
CRITICAL - 2023-09-13 16:44:20 --> Undefined variable $resultado
in APPPATH\Views\spConfiguracion.php on line 115.
 1 APPPATH\Views\spConfiguracion.php(115): CodeIgniter\Debug\Exceptions->errorHandler(2, 'Undefined variable $resultado', 'C:\\xampp\\htdocs\\Disertus\\app\\Views\\spConfiguracion.php', 115)
 2 SYSTEMPATH\View\View.php(213): include('C:\\xampp\\htdocs\\Disertus\\app\\Views\\spConfiguracion.php')
 3 SYSTEMPATH\View\View.php(216): CodeIgniter\View\View->CodeIgniter\View\{closure}()
 4 SYSTEMPATH\Common.php(1184): CodeIgniter\View\View->render('spConfiguracion', [], true)
 5 APPPATH\Controllers\datosDispositivo.php(42): view('spConfiguracion', [...])
 6 SYSTEMPATH\CodeIgniter.php(934): App\Controllers\DatosDispositivo->datosDispositivo()
 7 SYSTEMPATH\CodeIgniter.php(499): CodeIgniter\CodeIgniter->runController(Object(App\Controllers\DatosDispositivo))
 8 SYSTEMPATH\CodeIgniter.php(368): CodeIgniter\CodeIgniter->handleRequest(null, Object(Config\Cache), false)
 9 FCPATH\index.php(67): CodeIgniter\CodeIgniter->run()
