CRITICAL - 2023-08-24 11:39:28 --> Cannot redeclare App\Controllers\RecibirNodemcu::recibirDatosPrueba()
in APPPATH\Controllers\recibirNodemcu.php on line 61.
 1 [internal function]: CodeIgniter\Debug\Exceptions->shutdownHandler()
CRITICAL - 2023-08-24 11:43:33 --> Cannot redeclare App\Controllers\RecibirNodemcu::recibirDatosPrueba()
in APPPATH\Controllers\recibirNodemcu.php on line 61.
 1 [internal function]: CodeIgniter\Debug\Exceptions->shutdownHandler()
CRITICAL - 2023-08-24 11:55:55 --> Cannot redeclare App\Controllers\RecibirNodemcu::recibirDatosPrueba()
in APPPATH\Controllers\recibirNodemcu.php on line 62.
 1 [internal function]: CodeIgniter\Debug\Exceptions->shutdownHandler()
CRITICAL - 2023-08-24 11:57:33 --> Cannot redeclare App\Controllers\RecibirNodemcu::recibirDatosPrueba()
in APPPATH\Controllers\recibirNodemcu.php on line 62.
 1 [internal function]: CodeIgniter\Debug\Exceptions->shutdownHandler()
INFO - 2023-08-24 12:00:56 --> Session: Class initialized using 'CodeIgniter\Session\Handlers\FileHandler' driver.
INFO - 2023-08-24 12:01:15 --> Session: Class initialized using 'CodeIgniter\Session\Handlers\FileHandler' driver.
CRITICAL - 2023-08-24 12:01:28 --> Cannot redeclare App\Controllers\RecibirNodemcu::recibirDatosPrueba()
in APPPATH\Controllers\recibirNodemcu.php on line 62.
 1 [internal function]: CodeIgniter\Debug\Exceptions->shutdownHandler()
CRITICAL - 2023-08-24 12:02:35 --> Cannot redeclare App\Controllers\RecibirNodemcu::recibirDatosPrueba()
in APPPATH\Controllers\recibirNodemcu.php on line 62.
 1 [internal function]: CodeIgniter\Debug\Exceptions->shutdownHandler()
CRITICAL - 2023-08-24 12:02:46 --> Cannot redeclare App\Controllers\RecibirNodemcu::recibirDatosPrueba()
in APPPATH\Controllers\recibirNodemcu.php on line 62.
 1 [internal function]: CodeIgniter\Debug\Exceptions->shutdownHandler()
INFO - 2023-08-24 12:02:54 --> Session: Class initialized using 'CodeIgniter\Session\Handlers\FileHandler' driver.
CRITICAL - 2023-08-24 12:03:15 --> Cannot redeclare App\Controllers\RecibirNodemcu::recibirDatosPrueba()
in APPPATH\Controllers\recibirNodemcu.php on line 62.
 1 [internal function]: CodeIgniter\Debug\Exceptions->shutdownHandler()
CRITICAL - 2023-08-24 12:03:59 --> Cannot redeclare App\Controllers\RecibirNodemcu::recibirDatosPrueba()
in APPPATH\Controllers\recibirNodemcu.php on line 62.
 1 [internal function]: CodeIgniter\Debug\Exceptions->shutdownHandler()
CRITICAL - 2023-08-24 12:04:01 --> Cannot redeclare App\Controllers\RecibirNodemcu::recibirDatosPrueba()
in APPPATH\Controllers\recibirNodemcu.php on line 62.
 1 [internal function]: CodeIgniter\Debug\Exceptions->shutdownHandler()
CRITICAL - 2023-08-24 12:04:01 --> Cannot redeclare App\Controllers\RecibirNodemcu::recibirDatosPrueba()
in APPPATH\Controllers\recibirNodemcu.php on line 62.
 1 [internal function]: CodeIgniter\Debug\Exceptions->shutdownHandler()
CRITICAL - 2023-08-24 12:04:01 --> Cannot redeclare App\Controllers\RecibirNodemcu::recibirDatosPrueba()
in APPPATH\Controllers\recibirNodemcu.php on line 62.
 1 [internal function]: CodeIgniter\Debug\Exceptions->shutdownHandler()
CRITICAL - 2023-08-24 12:04:53 --> Cannot redeclare App\Controllers\RecibirNodemcu::recibirDatosPrueba()
in APPPATH\Controllers\recibirNodemcu.php on line 62.
 1 [internal function]: CodeIgniter\Debug\Exceptions->shutdownHandler()
CRITICAL - 2023-08-24 12:04:54 --> Cannot redeclare App\Controllers\RecibirNodemcu::recibirDatosPrueba()
in APPPATH\Controllers\recibirNodemcu.php on line 62.
 1 [internal function]: CodeIgniter\Debug\Exceptions->shutdownHandler()
CRITICAL - 2023-08-24 12:04:54 --> Cannot redeclare App\Controllers\RecibirNodemcu::recibirDatosPrueba()
in APPPATH\Controllers\recibirNodemcu.php on line 62.
 1 [internal function]: CodeIgniter\Debug\Exceptions->shutdownHandler()
CRITICAL - 2023-08-24 12:04:54 --> Cannot redeclare App\Controllers\RecibirNodemcu::recibirDatosPrueba()
in APPPATH\Controllers\recibirNodemcu.php on line 62.
 1 [internal function]: CodeIgniter\Debug\Exceptions->shutdownHandler()
CRITICAL - 2023-08-24 12:04:54 --> Cannot redeclare App\Controllers\RecibirNodemcu::recibirDatosPrueba()
in APPPATH\Controllers\recibirNodemcu.php on line 62.
 1 [internal function]: CodeIgniter\Debug\Exceptions->shutdownHandler()
CRITICAL - 2023-08-24 12:04:55 --> Cannot redeclare App\Controllers\RecibirNodemcu::recibirDatosPrueba()
in APPPATH\Controllers\recibirNodemcu.php on line 62.
 1 [internal function]: CodeIgniter\Debug\Exceptions->shutdownHandler()
CRITICAL - 2023-08-24 12:04:55 --> Cannot redeclare App\Controllers\RecibirNodemcu::recibirDatosPrueba()
in APPPATH\Controllers\recibirNodemcu.php on line 62.
 1 [internal function]: CodeIgniter\Debug\Exceptions->shutdownHandler()
CRITICAL - 2023-08-24 12:04:57 --> Cannot redeclare App\Controllers\RecibirNodemcu::recibirDatosPrueba()
in APPPATH\Controllers\recibirNodemcu.php on line 62.
 1 [internal function]: CodeIgniter\Debug\Exceptions->shutdownHandler()
CRITICAL - 2023-08-24 12:05:03 --> Undefined variable $idNodemcu
in APPPATH\Controllers\recibirNodemcu.php on line 13.
 1 APPPATH\Controllers\recibirNodemcu.php(13): CodeIgniter\Debug\Exceptions->errorHandler(2, 'Undefined variable $idNodemcu', 'C:\\xampp\\htdocs\\Disertus\\app\\Controllers\\recibirNodemcu.php', 13)
 2 SYSTEMPATH\CodeIgniter.php(934): App\Controllers\RecibirNodemcu->recibirDatos()
 3 SYSTEMPATH\CodeIgniter.php(499): CodeIgniter\CodeIgniter->runController(Object(App\Controllers\RecibirNodemcu))
 4 SYSTEMPATH\CodeIgniter.php(368): CodeIgniter\CodeIgniter->handleRequest(null, Object(Config\Cache), false)
 5 FCPATH\index.php(67): CodeIgniter\CodeIgniter->run()
