CRITICAL - 2023-05-17 12:01:47 --> Undefined variable $validation
in APPPATH\Controllers\registrar.php on line 24.
 1 APPPATH\Controllers\registrar.php(24): CodeIgniter\Debug\Exceptions->errorHandler(2, 'Undefined variable $validation', 'C:\\xampp\\htdocs\\Disertus\\app\\Controllers\\registrar.php', 24)
 2 SYSTEMPATH\CodeIgniter.php(934): App\Controllers\Registrar->ingresar_datos()
 3 SYSTEMPATH\CodeIgniter.php(499): CodeIgniter\CodeIgniter->runController(Object(App\Controllers\Registrar))
 4 SYSTEMPATH\CodeIgniter.php(368): CodeIgniter\CodeIgniter->handleRequest(null, Object(Config\Cache), false)
 5 FCPATH\index.php(67): CodeIgniter\CodeIgniter->run()
CRITICAL - 2023-05-17 12:44:45 --> syntax error, unexpected token "{"
in APPPATH\Views\sp_registrar.php on line 26.
 1 SYSTEMPATH\View\View.php(216): CodeIgniter\View\View->CodeIgniter\View\{closure}()
 2 SYSTEMPATH\Common.php(1184): CodeIgniter\View\View->render('sp_registrar', [], true)
 3 APPPATH\Controllers\registrar.php(11): view('sp_registrar')
 4 SYSTEMPATH\CodeIgniter.php(934): App\Controllers\Registrar->registrar()
 5 SYSTEMPATH\CodeIgniter.php(499): CodeIgniter\CodeIgniter->runController(Object(App\Controllers\Registrar))
 6 SYSTEMPATH\CodeIgniter.php(368): CodeIgniter\CodeIgniter->handleRequest(null, Object(Config\Cache), false)
 7 FCPATH\index.php(67): CodeIgniter\CodeIgniter->run()
CRITICAL - 2023-05-17 12:44:52 --> syntax error, unexpected token "{"
in APPPATH\Views\sp_registrar.php on line 26.
 1 SYSTEMPATH\View\View.php(216): CodeIgniter\View\View->CodeIgniter\View\{closure}()
 2 SYSTEMPATH\Common.php(1184): CodeIgniter\View\View->render('sp_registrar', [], true)
 3 APPPATH\Controllers\registrar.php(11): view('sp_registrar')
 4 SYSTEMPATH\CodeIgniter.php(934): App\Controllers\Registrar->registrar()
 5 SYSTEMPATH\CodeIgniter.php(499): CodeIgniter\CodeIgniter->runController(Object(App\Controllers\Registrar))
 6 SYSTEMPATH\CodeIgniter.php(368): CodeIgniter\CodeIgniter->handleRequest(null, Object(Config\Cache), false)
 7 FCPATH\index.php(67): CodeIgniter\CodeIgniter->run()
ERROR - 2023-05-17 12:49:33 --> mysqli_sql_exception: Unknown column 'Mail' in 'field list' in C:\xampp\htdocs\Disertus\system\Database\MySQLi\Connection.php:295
Stack trace:
#0 C:\xampp\htdocs\Disertus\system\Database\MySQLi\Connection.php(295): mysqli->query('INSERT INTO `us...', 0)
#1 C:\xampp\htdocs\Disertus\system\Database\BaseConnection.php(692): CodeIgniter\Database\MySQLi\Connection->execute('INSERT INTO `us...')
#2 C:\xampp\htdocs\Disertus\system\Database\BaseConnection.php(606): CodeIgniter\Database\BaseConnection->simpleQuery('INSERT INTO `us...')
#3 C:\xampp\htdocs\Disertus\system\Database\BaseBuilder.php(2309): CodeIgniter\Database\BaseConnection->query('INSERT INTO `us...', Array, false)
#4 C:\xampp\htdocs\Disertus\app\Models\registrar_modelo.php(12): CodeIgniter\Database\BaseBuilder->insert(Array)
#5 C:\xampp\htdocs\Disertus\app\Controllers\registrar.php(32): App\Models\Registrar_modelo->registrar(Array)
#6 C:\xampp\htdocs\Disertus\system\CodeIgniter.php(934): App\Controllers\Registrar->ingresar_datos()
#7 C:\xampp\htdocs\Disertus\system\CodeIgniter.php(499): CodeIgniter\CodeIgniter->runController(Object(App\Controllers\Registrar))
#8 C:\xampp\htdocs\Disertus\system\CodeIgniter.php(368): CodeIgniter\CodeIgniter->handleRequest(NULL, Object(Config\Cache), false)
#9 C:\xampp\htdocs\Disertus\public\index.php(67): CodeIgniter\CodeIgniter->run()
#10 {main}
CRITICAL - 2023-05-17 12:49:33 --> Unknown column 'Mail' in 'field list'
in SYSTEMPATH\Database\MySQLi\Connection.php on line 295.
 1 SYSTEMPATH\Database\MySQLi\Connection.php(295): mysqli->query('INSERT INTO `usuarios` (`Nombre`, `Mail`, `Contrasena`) VALUES (\'Alejocloquell\', \'alejocloquell@alumnos.itr3.edu.ar\', \'$2y$10$CC1yGXO00jBZRlx1JtXsEuiW7iI3BSjs8Ss/BYnP.WTV2zq02pskO\')', 0)
 2 SYSTEMPATH\Database\BaseConnection.php(692): CodeIgniter\Database\MySQLi\Connection->execute('INSERT INTO `usuarios` (`Nombre`, `Mail`, `Contrasena`) VALUES (\'Alejocloquell\', \'alejocloquell@alumnos.itr3.edu.ar\', \'$2y$10$CC1yGXO00jBZRlx1JtXsEuiW7iI3BSjs8Ss/BYnP.WTV2zq02pskO\')')
 3 SYSTEMPATH\Database\BaseConnection.php(606): CodeIgniter\Database\BaseConnection->simpleQuery('INSERT INTO `usuarios` (`Nombre`, `Mail`, `Contrasena`) VALUES (\'Alejocloquell\', \'alejocloquell@alumnos.itr3.edu.ar\', \'$2y$10$CC1yGXO00jBZRlx1JtXsEuiW7iI3BSjs8Ss/BYnP.WTV2zq02pskO\')')
 4 SYSTEMPATH\Database\BaseBuilder.php(2309): CodeIgniter\Database\BaseConnection->query('INSERT INTO `usuarios` (`Nombre`, `Mail`, `Contrasena`) VALUES (:Nombre:, :Mail:, :Contrasena:)', [...], false)
 5 APPPATH\Models\registrar_modelo.php(12): CodeIgniter\Database\BaseBuilder->insert([...])
 6 APPPATH\Controllers\registrar.php(32): App\Models\Registrar_modelo->registrar([...])
 7 SYSTEMPATH\CodeIgniter.php(934): App\Controllers\Registrar->ingresar_datos()
 8 SYSTEMPATH\CodeIgniter.php(499): CodeIgniter\CodeIgniter->runController(Object(App\Controllers\Registrar))
 9 SYSTEMPATH\CodeIgniter.php(368): CodeIgniter\CodeIgniter->handleRequest(null, Object(Config\Cache), false)
10 FCPATH\index.php(67): CodeIgniter\CodeIgniter->run()
ERROR - 2023-05-17 12:49:35 --> mysqli_sql_exception: Unknown column 'Mail' in 'field list' in C:\xampp\htdocs\Disertus\system\Database\MySQLi\Connection.php:295
Stack trace:
#0 C:\xampp\htdocs\Disertus\system\Database\MySQLi\Connection.php(295): mysqli->query('INSERT INTO `us...', 0)
#1 C:\xampp\htdocs\Disertus\system\Database\BaseConnection.php(692): CodeIgniter\Database\MySQLi\Connection->execute('INSERT INTO `us...')
#2 C:\xampp\htdocs\Disertus\system\Database\BaseConnection.php(606): CodeIgniter\Database\BaseConnection->simpleQuery('INSERT INTO `us...')
#3 C:\xampp\htdocs\Disertus\system\Database\BaseBuilder.php(2309): CodeIgniter\Database\BaseConnection->query('INSERT INTO `us...', Array, false)
#4 C:\xampp\htdocs\Disertus\app\Models\registrar_modelo.php(12): CodeIgniter\Database\BaseBuilder->insert(Array)
#5 C:\xampp\htdocs\Disertus\app\Controllers\registrar.php(32): App\Models\Registrar_modelo->registrar(Array)
#6 C:\xampp\htdocs\Disertus\system\CodeIgniter.php(934): App\Controllers\Registrar->ingresar_datos()
#7 C:\xampp\htdocs\Disertus\system\CodeIgniter.php(499): CodeIgniter\CodeIgniter->runController(Object(App\Controllers\Registrar))
#8 C:\xampp\htdocs\Disertus\system\CodeIgniter.php(368): CodeIgniter\CodeIgniter->handleRequest(NULL, Object(Config\Cache), false)
#9 C:\xampp\htdocs\Disertus\public\index.php(67): CodeIgniter\CodeIgniter->run()
#10 {main}
CRITICAL - 2023-05-17 12:49:35 --> Unknown column 'Mail' in 'field list'
in SYSTEMPATH\Database\MySQLi\Connection.php on line 295.
 1 SYSTEMPATH\Database\MySQLi\Connection.php(295): mysqli->query('INSERT INTO `usuarios` (`Nombre`, `Mail`, `Contrasena`) VALUES (\'Alejocloquell\', \'alejocloquell@alumnos.itr3.edu.ar\', \'$2y$10$zw3rvGWTppiCNVc/wmzS.ugPuj4M8qMtqQh4liCI7iwiHXyaQAUFq\')', 0)
 2 SYSTEMPATH\Database\BaseConnection.php(692): CodeIgniter\Database\MySQLi\Connection->execute('INSERT INTO `usuarios` (`Nombre`, `Mail`, `Contrasena`) VALUES (\'Alejocloquell\', \'alejocloquell@alumnos.itr3.edu.ar\', \'$2y$10$zw3rvGWTppiCNVc/wmzS.ugPuj4M8qMtqQh4liCI7iwiHXyaQAUFq\')')
 3 SYSTEMPATH\Database\BaseConnection.php(606): CodeIgniter\Database\BaseConnection->simpleQuery('INSERT INTO `usuarios` (`Nombre`, `Mail`, `Contrasena`) VALUES (\'Alejocloquell\', \'alejocloquell@alumnos.itr3.edu.ar\', \'$2y$10$zw3rvGWTppiCNVc/wmzS.ugPuj4M8qMtqQh4liCI7iwiHXyaQAUFq\')')
 4 SYSTEMPATH\Database\BaseBuilder.php(2309): CodeIgniter\Database\BaseConnection->query('INSERT INTO `usuarios` (`Nombre`, `Mail`, `Contrasena`) VALUES (:Nombre:, :Mail:, :Contrasena:)', [...], false)
 5 APPPATH\Models\registrar_modelo.php(12): CodeIgniter\Database\BaseBuilder->insert([...])
 6 APPPATH\Controllers\registrar.php(32): App\Models\Registrar_modelo->registrar([...])
 7 SYSTEMPATH\CodeIgniter.php(934): App\Controllers\Registrar->ingresar_datos()
 8 SYSTEMPATH\CodeIgniter.php(499): CodeIgniter\CodeIgniter->runController(Object(App\Controllers\Registrar))
 9 SYSTEMPATH\CodeIgniter.php(368): CodeIgniter\CodeIgniter->handleRequest(null, Object(Config\Cache), false)
10 FCPATH\index.php(67): CodeIgniter\CodeIgniter->run()
ERROR - 2023-05-17 12:51:07 --> mysqli_sql_exception: Unknown column 'Mail' in 'field list' in C:\xampp\htdocs\Disertus\system\Database\MySQLi\Connection.php:295
Stack trace:
#0 C:\xampp\htdocs\Disertus\system\Database\MySQLi\Connection.php(295): mysqli->query('INSERT INTO `us...', 0)
#1 C:\xampp\htdocs\Disertus\system\Database\BaseConnection.php(692): CodeIgniter\Database\MySQLi\Connection->execute('INSERT INTO `us...')
#2 C:\xampp\htdocs\Disertus\system\Database\BaseConnection.php(606): CodeIgniter\Database\BaseConnection->simpleQuery('INSERT INTO `us...')
#3 C:\xampp\htdocs\Disertus\system\Database\BaseBuilder.php(2309): CodeIgniter\Database\BaseConnection->query('INSERT INTO `us...', Array, false)
#4 C:\xampp\htdocs\Disertus\app\Models\registrar_modelo.php(12): CodeIgniter\Database\BaseBuilder->insert(Array)
#5 C:\xampp\htdocs\Disertus\app\Controllers\registrar.php(32): App\Models\Registrar_modelo->registrar(Array)
#6 C:\xampp\htdocs\Disertus\system\CodeIgniter.php(934): App\Controllers\Registrar->ingresar_datos()
#7 C:\xampp\htdocs\Disertus\system\CodeIgniter.php(499): CodeIgniter\CodeIgniter->runController(Object(App\Controllers\Registrar))
#8 C:\xampp\htdocs\Disertus\system\CodeIgniter.php(368): CodeIgniter\CodeIgniter->handleRequest(NULL, Object(Config\Cache), false)
#9 C:\xampp\htdocs\Disertus\public\index.php(67): CodeIgniter\CodeIgniter->run()
#10 {main}
CRITICAL - 2023-05-17 12:51:07 --> Unknown column 'Mail' in 'field list'
in SYSTEMPATH\Database\MySQLi\Connection.php on line 295.
 1 SYSTEMPATH\Database\MySQLi\Connection.php(295): mysqli->query('INSERT INTO `usuarios` (`Nombre`, `Mail`, `Contrasena`) VALUES (\'Alejocloquell\', \'alejocloquell@alumnos.itr3.edu.ar\', \'$2y$10$q3t/DZEd2o3vdqb50y7hoeNUFl10qd0GIkBPuotXRvl5.5K5nW4OC\')', 0)
 2 SYSTEMPATH\Database\BaseConnection.php(692): CodeIgniter\Database\MySQLi\Connection->execute('INSERT INTO `usuarios` (`Nombre`, `Mail`, `Contrasena`) VALUES (\'Alejocloquell\', \'alejocloquell@alumnos.itr3.edu.ar\', \'$2y$10$q3t/DZEd2o3vdqb50y7hoeNUFl10qd0GIkBPuotXRvl5.5K5nW4OC\')')
 3 SYSTEMPATH\Database\BaseConnection.php(606): CodeIgniter\Database\BaseConnection->simpleQuery('INSERT INTO `usuarios` (`Nombre`, `Mail`, `Contrasena`) VALUES (\'Alejocloquell\', \'alejocloquell@alumnos.itr3.edu.ar\', \'$2y$10$q3t/DZEd2o3vdqb50y7hoeNUFl10qd0GIkBPuotXRvl5.5K5nW4OC\')')
 4 SYSTEMPATH\Database\BaseBuilder.php(2309): CodeIgniter\Database\BaseConnection->query('INSERT INTO `usuarios` (`Nombre`, `Mail`, `Contrasena`) VALUES (:Nombre:, :Mail:, :Contrasena:)', [...], false)
 5 APPPATH\Models\registrar_modelo.php(12): CodeIgniter\Database\BaseBuilder->insert([...])
 6 APPPATH\Controllers\registrar.php(32): App\Models\Registrar_modelo->registrar([...])
 7 SYSTEMPATH\CodeIgniter.php(934): App\Controllers\Registrar->ingresar_datos()
 8 SYSTEMPATH\CodeIgniter.php(499): CodeIgniter\CodeIgniter->runController(Object(App\Controllers\Registrar))
 9 SYSTEMPATH\CodeIgniter.php(368): CodeIgniter\CodeIgniter->handleRequest(null, Object(Config\Cache), false)
10 FCPATH\index.php(67): CodeIgniter\CodeIgniter->run()
ERROR - 2023-05-17 12:51:08 --> mysqli_sql_exception: Unknown column 'Mail' in 'field list' in C:\xampp\htdocs\Disertus\system\Database\MySQLi\Connection.php:295
Stack trace:
#0 C:\xampp\htdocs\Disertus\system\Database\MySQLi\Connection.php(295): mysqli->query('INSERT INTO `us...', 0)
#1 C:\xampp\htdocs\Disertus\system\Database\BaseConnection.php(692): CodeIgniter\Database\MySQLi\Connection->execute('INSERT INTO `us...')
#2 C:\xampp\htdocs\Disertus\system\Database\BaseConnection.php(606): CodeIgniter\Database\BaseConnection->simpleQuery('INSERT INTO `us...')
#3 C:\xampp\htdocs\Disertus\system\Database\BaseBuilder.php(2309): CodeIgniter\Database\BaseConnection->query('INSERT INTO `us...', Array, false)
#4 C:\xampp\htdocs\Disertus\app\Models\registrar_modelo.php(12): CodeIgniter\Database\BaseBuilder->insert(Array)
#5 C:\xampp\htdocs\Disertus\app\Controllers\registrar.php(32): App\Models\Registrar_modelo->registrar(Array)
#6 C:\xampp\htdocs\Disertus\system\CodeIgniter.php(934): App\Controllers\Registrar->ingresar_datos()
#7 C:\xampp\htdocs\Disertus\system\CodeIgniter.php(499): CodeIgniter\CodeIgniter->runController(Object(App\Controllers\Registrar))
#8 C:\xampp\htdocs\Disertus\system\CodeIgniter.php(368): CodeIgniter\CodeIgniter->handleRequest(NULL, Object(Config\Cache), false)
#9 C:\xampp\htdocs\Disertus\public\index.php(67): CodeIgniter\CodeIgniter->run()
#10 {main}
CRITICAL - 2023-05-17 12:51:08 --> Unknown column 'Mail' in 'field list'
in SYSTEMPATH\Database\MySQLi\Connection.php on line 295.
 1 SYSTEMPATH\Database\MySQLi\Connection.php(295): mysqli->query('INSERT INTO `usuarios` (`Nombre`, `Mail`, `Contrasena`) VALUES (\'Alejocloquell\', \'alejocloquell@alumnos.itr3.edu.ar\', \'$2y$10$IiZMAcmCNVf5CC5RqqtJQulZRYTlull7d7S6BVn1jb6yNkeLJGWRu\')', 0)
 2 SYSTEMPATH\Database\BaseConnection.php(692): CodeIgniter\Database\MySQLi\Connection->execute('INSERT INTO `usuarios` (`Nombre`, `Mail`, `Contrasena`) VALUES (\'Alejocloquell\', \'alejocloquell@alumnos.itr3.edu.ar\', \'$2y$10$IiZMAcmCNVf5CC5RqqtJQulZRYTlull7d7S6BVn1jb6yNkeLJGWRu\')')
 3 SYSTEMPATH\Database\BaseConnection.php(606): CodeIgniter\Database\BaseConnection->simpleQuery('INSERT INTO `usuarios` (`Nombre`, `Mail`, `Contrasena`) VALUES (\'Alejocloquell\', \'alejocloquell@alumnos.itr3.edu.ar\', \'$2y$10$IiZMAcmCNVf5CC5RqqtJQulZRYTlull7d7S6BVn1jb6yNkeLJGWRu\')')
 4 SYSTEMPATH\Database\BaseBuilder.php(2309): CodeIgniter\Database\BaseConnection->query('INSERT INTO `usuarios` (`Nombre`, `Mail`, `Contrasena`) VALUES (:Nombre:, :Mail:, :Contrasena:)', [...], false)
 5 APPPATH\Models\registrar_modelo.php(12): CodeIgniter\Database\BaseBuilder->insert([...])
 6 APPPATH\Controllers\registrar.php(32): App\Models\Registrar_modelo->registrar([...])
 7 SYSTEMPATH\CodeIgniter.php(934): App\Controllers\Registrar->ingresar_datos()
 8 SYSTEMPATH\CodeIgniter.php(499): CodeIgniter\CodeIgniter->runController(Object(App\Controllers\Registrar))
 9 SYSTEMPATH\CodeIgniter.php(368): CodeIgniter\CodeIgniter->handleRequest(null, Object(Config\Cache), false)
10 FCPATH\index.php(67): CodeIgniter\CodeIgniter->run()
ERROR - 2023-05-17 12:51:09 --> mysqli_sql_exception: Unknown column 'Mail' in 'field list' in C:\xampp\htdocs\Disertus\system\Database\MySQLi\Connection.php:295
Stack trace:
#0 C:\xampp\htdocs\Disertus\system\Database\MySQLi\Connection.php(295): mysqli->query('INSERT INTO `us...', 0)
#1 C:\xampp\htdocs\Disertus\system\Database\BaseConnection.php(692): CodeIgniter\Database\MySQLi\Connection->execute('INSERT INTO `us...')
#2 C:\xampp\htdocs\Disertus\system\Database\BaseConnection.php(606): CodeIgniter\Database\BaseConnection->simpleQuery('INSERT INTO `us...')
#3 C:\xampp\htdocs\Disertus\system\Database\BaseBuilder.php(2309): CodeIgniter\Database\BaseConnection->query('INSERT INTO `us...', Array, false)
#4 C:\xampp\htdocs\Disertus\app\Models\registrar_modelo.php(12): CodeIgniter\Database\BaseBuilder->insert(Array)
#5 C:\xampp\htdocs\Disertus\app\Controllers\registrar.php(32): App\Models\Registrar_modelo->registrar(Array)
#6 C:\xampp\htdocs\Disertus\system\CodeIgniter.php(934): App\Controllers\Registrar->ingresar_datos()
#7 C:\xampp\htdocs\Disertus\system\CodeIgniter.php(499): CodeIgniter\CodeIgniter->runController(Object(App\Controllers\Registrar))
#8 C:\xampp\htdocs\Disertus\system\CodeIgniter.php(368): CodeIgniter\CodeIgniter->handleRequest(NULL, Object(Config\Cache), false)
#9 C:\xampp\htdocs\Disertus\public\index.php(67): CodeIgniter\CodeIgniter->run()
#10 {main}
CRITICAL - 2023-05-17 12:51:09 --> Unknown column 'Mail' in 'field list'
in SYSTEMPATH\Database\MySQLi\Connection.php on line 295.
 1 SYSTEMPATH\Database\MySQLi\Connection.php(295): mysqli->query('INSERT INTO `usuarios` (`Nombre`, `Mail`, `Contrasena`) VALUES (\'Alejo\', \'gaga@gmail.com\', \'$2y$10$d1NJcPuIvX0NHWtw6TVEQOeigCuGgGvSwR1vu8C7JL7fV5upXF7VK\')', 0)
 2 SYSTEMPATH\Database\BaseConnection.php(692): CodeIgniter\Database\MySQLi\Connection->execute('INSERT INTO `usuarios` (`Nombre`, `Mail`, `Contrasena`) VALUES (\'Alejo\', \'gaga@gmail.com\', \'$2y$10$d1NJcPuIvX0NHWtw6TVEQOeigCuGgGvSwR1vu8C7JL7fV5upXF7VK\')')
 3 SYSTEMPATH\Database\BaseConnection.php(606): CodeIgniter\Database\BaseConnection->simpleQuery('INSERT INTO `usuarios` (`Nombre`, `Mail`, `Contrasena`) VALUES (\'Alejo\', \'gaga@gmail.com\', \'$2y$10$d1NJcPuIvX0NHWtw6TVEQOeigCuGgGvSwR1vu8C7JL7fV5upXF7VK\')')
 4 SYSTEMPATH\Database\BaseBuilder.php(2309): CodeIgniter\Database\BaseConnection->query('INSERT INTO `usuarios` (`Nombre`, `Mail`, `Contrasena`) VALUES (:Nombre:, :Mail:, :Contrasena:)', [...], false)
 5 APPPATH\Models\registrar_modelo.php(12): CodeIgniter\Database\BaseBuilder->insert([...])
 6 APPPATH\Controllers\registrar.php(32): App\Models\Registrar_modelo->registrar([...])
 7 SYSTEMPATH\CodeIgniter.php(934): App\Controllers\Registrar->ingresar_datos()
 8 SYSTEMPATH\CodeIgniter.php(499): CodeIgniter\CodeIgniter->runController(Object(App\Controllers\Registrar))
 9 SYSTEMPATH\CodeIgniter.php(368): CodeIgniter\CodeIgniter->handleRequest(null, Object(Config\Cache), false)
10 FCPATH\index.php(67): CodeIgniter\CodeIgniter->run()
ERROR - 2023-05-17 12:51:10 --> mysqli_sql_exception: Unknown column 'Mail' in 'field list' in C:\xampp\htdocs\Disertus\system\Database\MySQLi\Connection.php:295
Stack trace:
#0 C:\xampp\htdocs\Disertus\system\Database\MySQLi\Connection.php(295): mysqli->query('INSERT INTO `us...', 0)
#1 C:\xampp\htdocs\Disertus\system\Database\BaseConnection.php(692): CodeIgniter\Database\MySQLi\Connection->execute('INSERT INTO `us...')
#2 C:\xampp\htdocs\Disertus\system\Database\BaseConnection.php(606): CodeIgniter\Database\BaseConnection->simpleQuery('INSERT INTO `us...')
#3 C:\xampp\htdocs\Disertus\system\Database\BaseBuilder.php(2309): CodeIgniter\Database\BaseConnection->query('INSERT INTO `us...', Array, false)
#4 C:\xampp\htdocs\Disertus\app\Models\registrar_modelo.php(12): CodeIgniter\Database\BaseBuilder->insert(Array)
#5 C:\xampp\htdocs\Disertus\app\Controllers\registrar.php(32): App\Models\Registrar_modelo->registrar(Array)
#6 C:\xampp\htdocs\Disertus\system\CodeIgniter.php(934): App\Controllers\Registrar->ingresar_datos()
#7 C:\xampp\htdocs\Disertus\system\CodeIgniter.php(499): CodeIgniter\CodeIgniter->runController(Object(App\Controllers\Registrar))
#8 C:\xampp\htdocs\Disertus\system\CodeIgniter.php(368): CodeIgniter\CodeIgniter->handleRequest(NULL, Object(Config\Cache), false)
#9 C:\xampp\htdocs\Disertus\public\index.php(67): CodeIgniter\CodeIgniter->run()
#10 {main}
CRITICAL - 2023-05-17 12:51:10 --> Unknown column 'Mail' in 'field list'
in SYSTEMPATH\Database\MySQLi\Connection.php on line 295.
 1 SYSTEMPATH\Database\MySQLi\Connection.php(295): mysqli->query('INSERT INTO `usuarios` (`Nombre`, `Mail`, `Contrasena`) VALUES (\'Alejo\', \'gaga@gmail.com\', \'$2y$10$XgnaNHy8B4HFJtyXAwdd6ulciaoKTcPoXFdzgfeXOl5q7gcGPv9cm\')', 0)
 2 SYSTEMPATH\Database\BaseConnection.php(692): CodeIgniter\Database\MySQLi\Connection->execute('INSERT INTO `usuarios` (`Nombre`, `Mail`, `Contrasena`) VALUES (\'Alejo\', \'gaga@gmail.com\', \'$2y$10$XgnaNHy8B4HFJtyXAwdd6ulciaoKTcPoXFdzgfeXOl5q7gcGPv9cm\')')
 3 SYSTEMPATH\Database\BaseConnection.php(606): CodeIgniter\Database\BaseConnection->simpleQuery('INSERT INTO `usuarios` (`Nombre`, `Mail`, `Contrasena`) VALUES (\'Alejo\', \'gaga@gmail.com\', \'$2y$10$XgnaNHy8B4HFJtyXAwdd6ulciaoKTcPoXFdzgfeXOl5q7gcGPv9cm\')')
 4 SYSTEMPATH\Database\BaseBuilder.php(2309): CodeIgniter\Database\BaseConnection->query('INSERT INTO `usuarios` (`Nombre`, `Mail`, `Contrasena`) VALUES (:Nombre:, :Mail:, :Contrasena:)', [...], false)
 5 APPPATH\Models\registrar_modelo.php(12): CodeIgniter\Database\BaseBuilder->insert([...])
 6 APPPATH\Controllers\registrar.php(32): App\Models\Registrar_modelo->registrar([...])
 7 SYSTEMPATH\CodeIgniter.php(934): App\Controllers\Registrar->ingresar_datos()
 8 SYSTEMPATH\CodeIgniter.php(499): CodeIgniter\CodeIgniter->runController(Object(App\Controllers\Registrar))
 9 SYSTEMPATH\CodeIgniter.php(368): CodeIgniter\CodeIgniter->handleRequest(null, Object(Config\Cache), false)
10 FCPATH\index.php(67): CodeIgniter\CodeIgniter->run()
ERROR - 2023-05-17 12:51:11 --> mysqli_sql_exception: Unknown column 'Mail' in 'field list' in C:\xampp\htdocs\Disertus\system\Database\MySQLi\Connection.php:295
Stack trace:
#0 C:\xampp\htdocs\Disertus\system\Database\MySQLi\Connection.php(295): mysqli->query('INSERT INTO `us...', 0)
#1 C:\xampp\htdocs\Disertus\system\Database\BaseConnection.php(692): CodeIgniter\Database\MySQLi\Connection->execute('INSERT INTO `us...')
#2 C:\xampp\htdocs\Disertus\system\Database\BaseConnection.php(606): CodeIgniter\Database\BaseConnection->simpleQuery('INSERT INTO `us...')
#3 C:\xampp\htdocs\Disertus\system\Database\BaseBuilder.php(2309): CodeIgniter\Database\BaseConnection->query('INSERT INTO `us...', Array, false)
#4 C:\xampp\htdocs\Disertus\app\Models\registrar_modelo.php(12): CodeIgniter\Database\BaseBuilder->insert(Array)
#5 C:\xampp\htdocs\Disertus\app\Controllers\registrar.php(32): App\Models\Registrar_modelo->registrar(Array)
#6 C:\xampp\htdocs\Disertus\system\CodeIgniter.php(934): App\Controllers\Registrar->ingresar_datos()
#7 C:\xampp\htdocs\Disertus\system\CodeIgniter.php(499): CodeIgniter\CodeIgniter->runController(Object(App\Controllers\Registrar))
#8 C:\xampp\htdocs\Disertus\system\CodeIgniter.php(368): CodeIgniter\CodeIgniter->handleRequest(NULL, Object(Config\Cache), false)
#9 C:\xampp\htdocs\Disertus\public\index.php(67): CodeIgniter\CodeIgniter->run()
#10 {main}
CRITICAL - 2023-05-17 12:51:11 --> Unknown column 'Mail' in 'field list'
in SYSTEMPATH\Database\MySQLi\Connection.php on line 295.
 1 SYSTEMPATH\Database\MySQLi\Connection.php(295): mysqli->query('INSERT INTO `usuarios` (`Nombre`, `Mail`, `Contrasena`) VALUES (\'Alejo\', \'gaga@gmail.com\', \'$2y$10$.eMKHvpdYi/fnEspvAY5WuA7FiPTpQ3f8uAtex7s7yjs7Dz.LfyiS\')', 0)
 2 SYSTEMPATH\Database\BaseConnection.php(692): CodeIgniter\Database\MySQLi\Connection->execute('INSERT INTO `usuarios` (`Nombre`, `Mail`, `Contrasena`) VALUES (\'Alejo\', \'gaga@gmail.com\', \'$2y$10$.eMKHvpdYi/fnEspvAY5WuA7FiPTpQ3f8uAtex7s7yjs7Dz.LfyiS\')')
 3 SYSTEMPATH\Database\BaseConnection.php(606): CodeIgniter\Database\BaseConnection->simpleQuery('INSERT INTO `usuarios` (`Nombre`, `Mail`, `Contrasena`) VALUES (\'Alejo\', \'gaga@gmail.com\', \'$2y$10$.eMKHvpdYi/fnEspvAY5WuA7FiPTpQ3f8uAtex7s7yjs7Dz.LfyiS\')')
 4 SYSTEMPATH\Database\BaseBuilder.php(2309): CodeIgniter\Database\BaseConnection->query('INSERT INTO `usuarios` (`Nombre`, `Mail`, `Contrasena`) VALUES (:Nombre:, :Mail:, :Contrasena:)', [...], false)
 5 APPPATH\Models\registrar_modelo.php(12): CodeIgniter\Database\BaseBuilder->insert([...])
 6 APPPATH\Controllers\registrar.php(32): App\Models\Registrar_modelo->registrar([...])
 7 SYSTEMPATH\CodeIgniter.php(934): App\Controllers\Registrar->ingresar_datos()
 8 SYSTEMPATH\CodeIgniter.php(499): CodeIgniter\CodeIgniter->runController(Object(App\Controllers\Registrar))
 9 SYSTEMPATH\CodeIgniter.php(368): CodeIgniter\CodeIgniter->handleRequest(null, Object(Config\Cache), false)
10 FCPATH\index.php(67): CodeIgniter\CodeIgniter->run()
ERROR - 2023-05-17 12:51:11 --> mysqli_sql_exception: Unknown column 'Mail' in 'field list' in C:\xampp\htdocs\Disertus\system\Database\MySQLi\Connection.php:295
Stack trace:
#0 C:\xampp\htdocs\Disertus\system\Database\MySQLi\Connection.php(295): mysqli->query('INSERT INTO `us...', 0)
#1 C:\xampp\htdocs\Disertus\system\Database\BaseConnection.php(692): CodeIgniter\Database\MySQLi\Connection->execute('INSERT INTO `us...')
#2 C:\xampp\htdocs\Disertus\system\Database\BaseConnection.php(606): CodeIgniter\Database\BaseConnection->simpleQuery('INSERT INTO `us...')
#3 C:\xampp\htdocs\Disertus\system\Database\BaseBuilder.php(2309): CodeIgniter\Database\BaseConnection->query('INSERT INTO `us...', Array, false)
#4 C:\xampp\htdocs\Disertus\app\Models\registrar_modelo.php(12): CodeIgniter\Database\BaseBuilder->insert(Array)
#5 C:\xampp\htdocs\Disertus\app\Controllers\registrar.php(32): App\Models\Registrar_modelo->registrar(Array)
#6 C:\xampp\htdocs\Disertus\system\CodeIgniter.php(934): App\Controllers\Registrar->ingresar_datos()
#7 C:\xampp\htdocs\Disertus\system\CodeIgniter.php(499): CodeIgniter\CodeIgniter->runController(Object(App\Controllers\Registrar))
#8 C:\xampp\htdocs\Disertus\system\CodeIgniter.php(368): CodeIgniter\CodeIgniter->handleRequest(NULL, Object(Config\Cache), false)
#9 C:\xampp\htdocs\Disertus\public\index.php(67): CodeIgniter\CodeIgniter->run()
#10 {main}
CRITICAL - 2023-05-17 12:51:11 --> Unknown column 'Mail' in 'field list'
in SYSTEMPATH\Database\MySQLi\Connection.php on line 295.
 1 SYSTEMPATH\Database\MySQLi\Connection.php(295): mysqli->query('INSERT INTO `usuarios` (`Nombre`, `Mail`, `Contrasena`) VALUES (\'Alejo\', \'gaga@gmail.com\', \'$2y$10$4G.dgQa51NsiLrHmhomrOuM33.F8qOmzEzGFa0qK396QukE/diY6a\')', 0)
 2 SYSTEMPATH\Database\BaseConnection.php(692): CodeIgniter\Database\MySQLi\Connection->execute('INSERT INTO `usuarios` (`Nombre`, `Mail`, `Contrasena`) VALUES (\'Alejo\', \'gaga@gmail.com\', \'$2y$10$4G.dgQa51NsiLrHmhomrOuM33.F8qOmzEzGFa0qK396QukE/diY6a\')')
 3 SYSTEMPATH\Database\BaseConnection.php(606): CodeIgniter\Database\BaseConnection->simpleQuery('INSERT INTO `usuarios` (`Nombre`, `Mail`, `Contrasena`) VALUES (\'Alejo\', \'gaga@gmail.com\', \'$2y$10$4G.dgQa51NsiLrHmhomrOuM33.F8qOmzEzGFa0qK396QukE/diY6a\')')
 4 SYSTEMPATH\Database\BaseBuilder.php(2309): CodeIgniter\Database\BaseConnection->query('INSERT INTO `usuarios` (`Nombre`, `Mail`, `Contrasena`) VALUES (:Nombre:, :Mail:, :Contrasena:)', [...], false)
 5 APPPATH\Models\registrar_modelo.php(12): CodeIgniter\Database\BaseBuilder->insert([...])
 6 APPPATH\Controllers\registrar.php(32): App\Models\Registrar_modelo->registrar([...])
 7 SYSTEMPATH\CodeIgniter.php(934): App\Controllers\Registrar->ingresar_datos()
 8 SYSTEMPATH\CodeIgniter.php(499): CodeIgniter\CodeIgniter->runController(Object(App\Controllers\Registrar))
 9 SYSTEMPATH\CodeIgniter.php(368): CodeIgniter\CodeIgniter->handleRequest(null, Object(Config\Cache), false)
10 FCPATH\index.php(67): CodeIgniter\CodeIgniter->run()
ERROR - 2023-05-17 12:51:19 --> mysqli_sql_exception: Unknown column 'Mail' in 'field list' in C:\xampp\htdocs\Disertus\system\Database\MySQLi\Connection.php:295
Stack trace:
#0 C:\xampp\htdocs\Disertus\system\Database\MySQLi\Connection.php(295): mysqli->query('INSERT INTO `us...', 0)
#1 C:\xampp\htdocs\Disertus\system\Database\BaseConnection.php(692): CodeIgniter\Database\MySQLi\Connection->execute('INSERT INTO `us...')
#2 C:\xampp\htdocs\Disertus\system\Database\BaseConnection.php(606): CodeIgniter\Database\BaseConnection->simpleQuery('INSERT INTO `us...')
#3 C:\xampp\htdocs\Disertus\system\Database\BaseBuilder.php(2309): CodeIgniter\Database\BaseConnection->query('INSERT INTO `us...', Array, false)
#4 C:\xampp\htdocs\Disertus\app\Models\registrar_modelo.php(12): CodeIgniter\Database\BaseBuilder->insert(Array)
#5 C:\xampp\htdocs\Disertus\app\Controllers\registrar.php(32): App\Models\Registrar_modelo->registrar(Array)
#6 C:\xampp\htdocs\Disertus\system\CodeIgniter.php(934): App\Controllers\Registrar->ingresar_datos()
#7 C:\xampp\htdocs\Disertus\system\CodeIgniter.php(499): CodeIgniter\CodeIgniter->runController(Object(App\Controllers\Registrar))
#8 C:\xampp\htdocs\Disertus\system\CodeIgniter.php(368): CodeIgniter\CodeIgniter->handleRequest(NULL, Object(Config\Cache), false)
#9 C:\xampp\htdocs\Disertus\public\index.php(67): CodeIgniter\CodeIgniter->run()
#10 {main}
CRITICAL - 2023-05-17 12:51:19 --> Unknown column 'Mail' in 'field list'
in SYSTEMPATH\Database\MySQLi\Connection.php on line 295.
 1 SYSTEMPATH\Database\MySQLi\Connection.php(295): mysqli->query('INSERT INTO `usuarios` (`Nombre`, `Mail`, `Contrasena`) VALUES (NULL, NULL, \'$2y$10$2/Zy6JAXJdVV9tcy.yt2FOOkCc6FJ1.r3XjLxXsQomnsOC5mMF8ca\')', 0)
 2 SYSTEMPATH\Database\BaseConnection.php(692): CodeIgniter\Database\MySQLi\Connection->execute('INSERT INTO `usuarios` (`Nombre`, `Mail`, `Contrasena`) VALUES (NULL, NULL, \'$2y$10$2/Zy6JAXJdVV9tcy.yt2FOOkCc6FJ1.r3XjLxXsQomnsOC5mMF8ca\')')
 3 SYSTEMPATH\Database\BaseConnection.php(606): CodeIgniter\Database\BaseConnection->simpleQuery('INSERT INTO `usuarios` (`Nombre`, `Mail`, `Contrasena`) VALUES (NULL, NULL, \'$2y$10$2/Zy6JAXJdVV9tcy.yt2FOOkCc6FJ1.r3XjLxXsQomnsOC5mMF8ca\')')
 4 SYSTEMPATH\Database\BaseBuilder.php(2309): CodeIgniter\Database\BaseConnection->query('INSERT INTO `usuarios` (`Nombre`, `Mail`, `Contrasena`) VALUES (:Nombre:, :Mail:, :Contrasena:)', [...], false)
 5 APPPATH\Models\registrar_modelo.php(12): CodeIgniter\Database\BaseBuilder->insert([...])
 6 APPPATH\Controllers\registrar.php(32): App\Models\Registrar_modelo->registrar([...])
 7 SYSTEMPATH\CodeIgniter.php(934): App\Controllers\Registrar->ingresar_datos()
 8 SYSTEMPATH\CodeIgniter.php(499): CodeIgniter\CodeIgniter->runController(Object(App\Controllers\Registrar))
 9 SYSTEMPATH\CodeIgniter.php(368): CodeIgniter\CodeIgniter->handleRequest(null, Object(Config\Cache), false)
10 FCPATH\index.php(67): CodeIgniter\CodeIgniter->run()
ERROR - 2023-05-17 12:51:32 --> mysqli_sql_exception: Unknown column 'Mail' in 'field list' in C:\xampp\htdocs\Disertus\system\Database\MySQLi\Connection.php:295
Stack trace:
#0 C:\xampp\htdocs\Disertus\system\Database\MySQLi\Connection.php(295): mysqli->query('INSERT INTO `us...', 0)
#1 C:\xampp\htdocs\Disertus\system\Database\BaseConnection.php(692): CodeIgniter\Database\MySQLi\Connection->execute('INSERT INTO `us...')
#2 C:\xampp\htdocs\Disertus\system\Database\BaseConnection.php(606): CodeIgniter\Database\BaseConnection->simpleQuery('INSERT INTO `us...')
#3 C:\xampp\htdocs\Disertus\system\Database\BaseBuilder.php(2309): CodeIgniter\Database\BaseConnection->query('INSERT INTO `us...', Array, false)
#4 C:\xampp\htdocs\Disertus\app\Models\registrar_modelo.php(12): CodeIgniter\Database\BaseBuilder->insert(Array)
#5 C:\xampp\htdocs\Disertus\app\Controllers\registrar.php(32): App\Models\Registrar_modelo->registrar(Array)
#6 C:\xampp\htdocs\Disertus\system\CodeIgniter.php(934): App\Controllers\Registrar->ingresar_datos()
#7 C:\xampp\htdocs\Disertus\system\CodeIgniter.php(499): CodeIgniter\CodeIgniter->runController(Object(App\Controllers\Registrar))
#8 C:\xampp\htdocs\Disertus\system\CodeIgniter.php(368): CodeIgniter\CodeIgniter->handleRequest(NULL, Object(Config\Cache), false)
#9 C:\xampp\htdocs\Disertus\public\index.php(67): CodeIgniter\CodeIgniter->run()
#10 {main}
CRITICAL - 2023-05-17 12:51:32 --> Unknown column 'Mail' in 'field list'
in SYSTEMPATH\Database\MySQLi\Connection.php on line 295.
 1 SYSTEMPATH\Database\MySQLi\Connection.php(295): mysqli->query('INSERT INTO `usuarios` (`Nombre`, `Mail`, `Contrasena`) VALUES (\'hgf\', \'gfh\', \'$2y$10$XQMU/hnEUQxz/As7YAJQ7.s4Hl3plFxzDNV8zElYgg8jo/BsaULpS\')', 0)
 2 SYSTEMPATH\Database\BaseConnection.php(692): CodeIgniter\Database\MySQLi\Connection->execute('INSERT INTO `usuarios` (`Nombre`, `Mail`, `Contrasena`) VALUES (\'hgf\', \'gfh\', \'$2y$10$XQMU/hnEUQxz/As7YAJQ7.s4Hl3plFxzDNV8zElYgg8jo/BsaULpS\')')
 3 SYSTEMPATH\Database\BaseConnection.php(606): CodeIgniter\Database\BaseConnection->simpleQuery('INSERT INTO `usuarios` (`Nombre`, `Mail`, `Contrasena`) VALUES (\'hgf\', \'gfh\', \'$2y$10$XQMU/hnEUQxz/As7YAJQ7.s4Hl3plFxzDNV8zElYgg8jo/BsaULpS\')')
 4 SYSTEMPATH\Database\BaseBuilder.php(2309): CodeIgniter\Database\BaseConnection->query('INSERT INTO `usuarios` (`Nombre`, `Mail`, `Contrasena`) VALUES (:Nombre:, :Mail:, :Contrasena:)', [...], false)
 5 APPPATH\Models\registrar_modelo.php(12): CodeIgniter\Database\BaseBuilder->insert([...])
 6 APPPATH\Controllers\registrar.php(32): App\Models\Registrar_modelo->registrar([...])
 7 SYSTEMPATH\CodeIgniter.php(934): App\Controllers\Registrar->ingresar_datos()
 8 SYSTEMPATH\CodeIgniter.php(499): CodeIgniter\CodeIgniter->runController(Object(App\Controllers\Registrar))
 9 SYSTEMPATH\CodeIgniter.php(368): CodeIgniter\CodeIgniter->handleRequest(null, Object(Config\Cache), false)
10 FCPATH\index.php(67): CodeIgniter\CodeIgniter->run()
CRITICAL - 2023-05-17 12:59:54 --> Invalid file: "registrar.php"
in SYSTEMPATH\Exceptions\FrameworkException.php on line 33.
 1 SYSTEMPATH\View\View.php(201): CodeIgniter\Exceptions\FrameworkException::forInvalidFile('registrar.php')
 2 SYSTEMPATH\Common.php(1184): CodeIgniter\View\View->render('registrar', [], true)
 3 APPPATH\Controllers\registrar.php(27): view('registrar', [...])
 4 SYSTEMPATH\CodeIgniter.php(934): App\Controllers\Registrar->ingresar_datos()
 5 SYSTEMPATH\CodeIgniter.php(499): CodeIgniter\CodeIgniter->runController(Object(App\Controllers\Registrar))
 6 SYSTEMPATH\CodeIgniter.php(368): CodeIgniter\CodeIgniter->handleRequest(null, Object(Config\Cache), false)
 7 FCPATH\index.php(67): CodeIgniter\CodeIgniter->run()
CRITICAL - 2023-05-17 13:05:48 --> Undefined variable $email
in APPPATH\Controllers\registrar.php on line 19.
 1 APPPATH\Controllers\registrar.php(19): CodeIgniter\Debug\Exceptions->errorHandler(2, 'Undefined variable $email', 'C:\\xampp\\htdocs\\Disertus\\app\\Controllers\\registrar.php', 19)
 2 SYSTEMPATH\CodeIgniter.php(934): App\Controllers\Registrar->ingresar_datos()
 3 SYSTEMPATH\CodeIgniter.php(499): CodeIgniter\CodeIgniter->runController(Object(App\Controllers\Registrar))
 4 SYSTEMPATH\CodeIgniter.php(368): CodeIgniter\CodeIgniter->handleRequest(null, Object(Config\Cache), false)
 5 FCPATH\index.php(67): CodeIgniter\CodeIgniter->run()
CRITICAL - 2023-05-17 13:33:50 --> syntax error, unexpected token "=>", expecting "]"
in APPPATH\Controllers\registrar.php on line 35.
 1 SYSTEMPATH\Autoloader\Autoloader.php(289): CodeIgniter\Autoloader\Autoloader->includeFile('C:\\xampp\\htdocs\\Disertus\\app\\Controllers\\registrar.php')
 2 SYSTEMPATH\Autoloader\Autoloader.php(267): CodeIgniter\Autoloader\Autoloader->loadInNamespace('App\\Controllers\\registrar')
 3 [internal function]: CodeIgniter\Autoloader\Autoloader->loadClass('App\\Controllers\\registrar')
 4 SYSTEMPATH\CodeIgniter.php(892): class_exists('\\App\\Controllers\\registrar', true)
 5 SYSTEMPATH\CodeIgniter.php(486): CodeIgniter\CodeIgniter->startController()
 6 SYSTEMPATH\CodeIgniter.php(368): CodeIgniter\CodeIgniter->handleRequest(null, Object(Config\Cache), false)
 7 FCPATH\index.php(67): CodeIgniter\CodeIgniter->run()
CRITICAL - 2023-05-17 13:33:51 --> syntax error, unexpected token "=>", expecting "]"
in APPPATH\Controllers\registrar.php on line 35.
 1 SYSTEMPATH\Autoloader\Autoloader.php(289): CodeIgniter\Autoloader\Autoloader->includeFile('C:\\xampp\\htdocs\\Disertus\\app\\Controllers\\registrar.php')
 2 SYSTEMPATH\Autoloader\Autoloader.php(267): CodeIgniter\Autoloader\Autoloader->loadInNamespace('App\\Controllers\\registrar')
 3 [internal function]: CodeIgniter\Autoloader\Autoloader->loadClass('App\\Controllers\\registrar')
 4 SYSTEMPATH\CodeIgniter.php(892): class_exists('\\App\\Controllers\\registrar', true)
 5 SYSTEMPATH\CodeIgniter.php(486): CodeIgniter\CodeIgniter->startController()
 6 SYSTEMPATH\CodeIgniter.php(368): CodeIgniter\CodeIgniter->handleRequest(null, Object(Config\Cache), false)
 7 FCPATH\index.php(67): CodeIgniter\CodeIgniter->run()
CRITICAL - 2023-05-17 13:33:51 --> syntax error, unexpected token "=>", expecting "]"
in APPPATH\Controllers\registrar.php on line 35.
 1 SYSTEMPATH\Autoloader\Autoloader.php(289): CodeIgniter\Autoloader\Autoloader->includeFile('C:\\xampp\\htdocs\\Disertus\\app\\Controllers\\registrar.php')
 2 SYSTEMPATH\Autoloader\Autoloader.php(267): CodeIgniter\Autoloader\Autoloader->loadInNamespace('App\\Controllers\\registrar')
 3 [internal function]: CodeIgniter\Autoloader\Autoloader->loadClass('App\\Controllers\\registrar')
 4 SYSTEMPATH\CodeIgniter.php(892): class_exists('\\App\\Controllers\\registrar', true)
 5 SYSTEMPATH\CodeIgniter.php(486): CodeIgniter\CodeIgniter->startController()
 6 SYSTEMPATH\CodeIgniter.php(368): CodeIgniter\CodeIgniter->handleRequest(null, Object(Config\Cache), false)
 7 FCPATH\index.php(67): CodeIgniter\CodeIgniter->run()
CRITICAL - 2023-05-17 13:35:08 --> syntax error, unexpected token "=>", expecting "]"
in APPPATH\Controllers\registrar.php on line 35.
 1 SYSTEMPATH\Autoloader\Autoloader.php(289): CodeIgniter\Autoloader\Autoloader->includeFile('C:\\xampp\\htdocs\\Disertus\\app\\Controllers\\registrar.php')
 2 SYSTEMPATH\Autoloader\Autoloader.php(267): CodeIgniter\Autoloader\Autoloader->loadInNamespace('App\\Controllers\\registrar')
 3 [internal function]: CodeIgniter\Autoloader\Autoloader->loadClass('App\\Controllers\\registrar')
 4 SYSTEMPATH\CodeIgniter.php(892): class_exists('\\App\\Controllers\\registrar', true)
 5 SYSTEMPATH\CodeIgniter.php(486): CodeIgniter\CodeIgniter->startController()
 6 SYSTEMPATH\CodeIgniter.php(368): CodeIgniter\CodeIgniter->handleRequest(null, Object(Config\Cache), false)
 7 FCPATH\index.php(67): CodeIgniter\CodeIgniter->run()
CRITICAL - 2023-05-17 13:35:53 --> Undefined variable $validation
in APPPATH\Controllers\registrar.php on line 20.
 1 APPPATH\Controllers\registrar.php(20): CodeIgniter\Debug\Exceptions->errorHandler(2, 'Undefined variable $validation', 'C:\\xampp\\htdocs\\Disertus\\app\\Controllers\\registrar.php', 20)
 2 SYSTEMPATH\CodeIgniter.php(934): App\Controllers\Registrar->ingresar_datos()
 3 SYSTEMPATH\CodeIgniter.php(499): CodeIgniter\CodeIgniter->runController(Object(App\Controllers\Registrar))
 4 SYSTEMPATH\CodeIgniter.php(368): CodeIgniter\CodeIgniter->handleRequest(null, Object(Config\Cache), false)
 5 FCPATH\index.php(67): CodeIgniter\CodeIgniter->run()
CRITICAL - 2023-05-17 13:35:54 --> Undefined variable $validation
in APPPATH\Controllers\registrar.php on line 20.
 1 APPPATH\Controllers\registrar.php(20): CodeIgniter\Debug\Exceptions->errorHandler(2, 'Undefined variable $validation', 'C:\\xampp\\htdocs\\Disertus\\app\\Controllers\\registrar.php', 20)
 2 SYSTEMPATH\CodeIgniter.php(934): App\Controllers\Registrar->ingresar_datos()
 3 SYSTEMPATH\CodeIgniter.php(499): CodeIgniter\CodeIgniter->runController(Object(App\Controllers\Registrar))
 4 SYSTEMPATH\CodeIgniter.php(368): CodeIgniter\CodeIgniter->handleRequest(null, Object(Config\Cache), false)
 5 FCPATH\index.php(67): CodeIgniter\CodeIgniter->run()
CRITICAL - 2023-05-17 13:35:55 --> Undefined variable $validation
in APPPATH\Controllers\registrar.php on line 20.
 1 APPPATH\Controllers\registrar.php(20): CodeIgniter\Debug\Exceptions->errorHandler(2, 'Undefined variable $validation', 'C:\\xampp\\htdocs\\Disertus\\app\\Controllers\\registrar.php', 20)
 2 SYSTEMPATH\CodeIgniter.php(934): App\Controllers\Registrar->ingresar_datos()
 3 SYSTEMPATH\CodeIgniter.php(499): CodeIgniter\CodeIgniter->runController(Object(App\Controllers\Registrar))
 4 SYSTEMPATH\CodeIgniter.php(368): CodeIgniter\CodeIgniter->handleRequest(null, Object(Config\Cache), false)
 5 FCPATH\index.php(67): CodeIgniter\CodeIgniter->run()
CRITICAL - 2023-05-17 13:36:34 --> Call to a member function getErrors() on bool
in APPPATH\Controllers\registrar.php on line 42.
 1 SYSTEMPATH\CodeIgniter.php(934): App\Controllers\Registrar->ingresar_datos()
 2 SYSTEMPATH\CodeIgniter.php(499): CodeIgniter\CodeIgniter->runController(Object(App\Controllers\Registrar))
 3 SYSTEMPATH\CodeIgniter.php(368): CodeIgniter\CodeIgniter->handleRequest(null, Object(Config\Cache), false)
 4 FCPATH\index.php(67): CodeIgniter\CodeIgniter->run()
CRITICAL - 2023-05-17 13:36:35 --> Call to a member function getErrors() on bool
in APPPATH\Controllers\registrar.php on line 42.
 1 SYSTEMPATH\CodeIgniter.php(934): App\Controllers\Registrar->ingresar_datos()
 2 SYSTEMPATH\CodeIgniter.php(499): CodeIgniter\CodeIgniter->runController(Object(App\Controllers\Registrar))
 3 SYSTEMPATH\CodeIgniter.php(368): CodeIgniter\CodeIgniter->handleRequest(null, Object(Config\Cache), false)
 4 FCPATH\index.php(67): CodeIgniter\CodeIgniter->run()
CRITICAL - 2023-05-17 13:36:35 --> Call to a member function getErrors() on bool
in APPPATH\Controllers\registrar.php on line 42.
 1 SYSTEMPATH\CodeIgniter.php(934): App\Controllers\Registrar->ingresar_datos()
 2 SYSTEMPATH\CodeIgniter.php(499): CodeIgniter\CodeIgniter->runController(Object(App\Controllers\Registrar))
 3 SYSTEMPATH\CodeIgniter.php(368): CodeIgniter\CodeIgniter->handleRequest(null, Object(Config\Cache), false)
 4 FCPATH\index.php(67): CodeIgniter\CodeIgniter->run()
CRITICAL - 2023-05-17 13:37:24 --> Call to a member function getErrors() on bool
in APPPATH\Controllers\registrar.php on line 42.
 1 SYSTEMPATH\CodeIgniter.php(934): App\Controllers\Registrar->ingresar_datos()
 2 SYSTEMPATH\CodeIgniter.php(499): CodeIgniter\CodeIgniter->runController(Object(App\Controllers\Registrar))
 3 SYSTEMPATH\CodeIgniter.php(368): CodeIgniter\CodeIgniter->handleRequest(null, Object(Config\Cache), false)
 4 FCPATH\index.php(67): CodeIgniter\CodeIgniter->run()
CRITICAL - 2023-05-17 13:41:40 --> syntax error, unexpected token "=>"
in APPPATH\Controllers\registrar.php on line 42.
 1 SYSTEMPATH\Autoloader\Autoloader.php(289): CodeIgniter\Autoloader\Autoloader->includeFile('C:\\xampp\\htdocs\\Disertus\\app\\Controllers\\registrar.php')
 2 SYSTEMPATH\Autoloader\Autoloader.php(267): CodeIgniter\Autoloader\Autoloader->loadInNamespace('App\\Controllers\\registrar')
 3 [internal function]: CodeIgniter\Autoloader\Autoloader->loadClass('App\\Controllers\\registrar')
 4 SYSTEMPATH\CodeIgniter.php(892): class_exists('\\App\\Controllers\\registrar', true)
 5 SYSTEMPATH\CodeIgniter.php(486): CodeIgniter\CodeIgniter->startController()
 6 SYSTEMPATH\CodeIgniter.php(368): CodeIgniter\CodeIgniter->handleRequest(null, Object(Config\Cache), false)
 7 FCPATH\index.php(67): CodeIgniter\CodeIgniter->run()
CRITICAL - 2023-05-17 13:41:41 --> syntax error, unexpected token "=>"
in APPPATH\Controllers\registrar.php on line 42.
 1 SYSTEMPATH\Autoloader\Autoloader.php(289): CodeIgniter\Autoloader\Autoloader->includeFile('C:\\xampp\\htdocs\\Disertus\\app\\Controllers\\registrar.php')
 2 SYSTEMPATH\Autoloader\Autoloader.php(267): CodeIgniter\Autoloader\Autoloader->loadInNamespace('App\\Controllers\\registrar')
 3 [internal function]: CodeIgniter\Autoloader\Autoloader->loadClass('App\\Controllers\\registrar')
 4 SYSTEMPATH\CodeIgniter.php(892): class_exists('\\App\\Controllers\\registrar', true)
 5 SYSTEMPATH\CodeIgniter.php(486): CodeIgniter\CodeIgniter->startController()
 6 SYSTEMPATH\CodeIgniter.php(368): CodeIgniter\CodeIgniter->handleRequest(null, Object(Config\Cache), false)
 7 FCPATH\index.php(67): CodeIgniter\CodeIgniter->run()
CRITICAL - 2023-05-17 13:41:41 --> syntax error, unexpected token "=>"
in APPPATH\Controllers\registrar.php on line 42.
 1 SYSTEMPATH\Autoloader\Autoloader.php(289): CodeIgniter\Autoloader\Autoloader->includeFile('C:\\xampp\\htdocs\\Disertus\\app\\Controllers\\registrar.php')
 2 SYSTEMPATH\Autoloader\Autoloader.php(267): CodeIgniter\Autoloader\Autoloader->loadInNamespace('App\\Controllers\\registrar')
 3 [internal function]: CodeIgniter\Autoloader\Autoloader->loadClass('App\\Controllers\\registrar')
 4 SYSTEMPATH\CodeIgniter.php(892): class_exists('\\App\\Controllers\\registrar', true)
 5 SYSTEMPATH\CodeIgniter.php(486): CodeIgniter\CodeIgniter->startController()
 6 SYSTEMPATH\CodeIgniter.php(368): CodeIgniter\CodeIgniter->handleRequest(null, Object(Config\Cache), false)
 7 FCPATH\index.php(67): CodeIgniter\CodeIgniter->run()
CRITICAL - 2023-05-17 13:41:57 --> syntax error, unexpected token "=>"
in APPPATH\Controllers\registrar.php on line 42.
 1 SYSTEMPATH\Autoloader\Autoloader.php(289): CodeIgniter\Autoloader\Autoloader->includeFile('C:\\xampp\\htdocs\\Disertus\\app\\Controllers\\registrar.php')
 2 SYSTEMPATH\Autoloader\Autoloader.php(267): CodeIgniter\Autoloader\Autoloader->loadInNamespace('App\\Controllers\\registrar')
 3 [internal function]: CodeIgniter\Autoloader\Autoloader->loadClass('App\\Controllers\\registrar')
 4 SYSTEMPATH\CodeIgniter.php(892): class_exists('\\App\\Controllers\\registrar', true)
 5 SYSTEMPATH\CodeIgniter.php(486): CodeIgniter\CodeIgniter->startController()
 6 SYSTEMPATH\CodeIgniter.php(368): CodeIgniter\CodeIgniter->handleRequest(null, Object(Config\Cache), false)
 7 FCPATH\index.php(67): CodeIgniter\CodeIgniter->run()
CRITICAL - 2023-05-17 13:41:58 --> syntax error, unexpected token "=>"
in APPPATH\Controllers\registrar.php on line 42.
 1 SYSTEMPATH\Autoloader\Autoloader.php(289): CodeIgniter\Autoloader\Autoloader->includeFile('C:\\xampp\\htdocs\\Disertus\\app\\Controllers\\registrar.php')
 2 SYSTEMPATH\Autoloader\Autoloader.php(267): CodeIgniter\Autoloader\Autoloader->loadInNamespace('App\\Controllers\\registrar')
 3 [internal function]: CodeIgniter\Autoloader\Autoloader->loadClass('App\\Controllers\\registrar')
 4 SYSTEMPATH\CodeIgniter.php(892): class_exists('\\App\\Controllers\\registrar', true)
 5 SYSTEMPATH\CodeIgniter.php(486): CodeIgniter\CodeIgniter->startController()
 6 SYSTEMPATH\CodeIgniter.php(368): CodeIgniter\CodeIgniter->handleRequest(null, Object(Config\Cache), false)
 7 FCPATH\index.php(67): CodeIgniter\CodeIgniter->run()
CRITICAL - 2023-05-17 13:42:18 --> syntax error, unexpected token "=>"
in APPPATH\Controllers\registrar.php on line 42.
 1 SYSTEMPATH\Autoloader\Autoloader.php(289): CodeIgniter\Autoloader\Autoloader->includeFile('C:\\xampp\\htdocs\\Disertus\\app\\Controllers\\registrar.php')
 2 SYSTEMPATH\Autoloader\Autoloader.php(267): CodeIgniter\Autoloader\Autoloader->loadInNamespace('App\\Controllers\\registrar')
 3 [internal function]: CodeIgniter\Autoloader\Autoloader->loadClass('App\\Controllers\\registrar')
 4 SYSTEMPATH\CodeIgniter.php(892): class_exists('\\App\\Controllers\\registrar', true)
 5 SYSTEMPATH\CodeIgniter.php(486): CodeIgniter\CodeIgniter->startController()
 6 SYSTEMPATH\CodeIgniter.php(368): CodeIgniter\CodeIgniter->handleRequest(null, Object(Config\Cache), false)
 7 FCPATH\index.php(67): CodeIgniter\CodeIgniter->run()
CRITICAL - 2023-05-17 13:42:19 --> syntax error, unexpected token "=>"
in APPPATH\Controllers\registrar.php on line 42.
 1 SYSTEMPATH\Autoloader\Autoloader.php(289): CodeIgniter\Autoloader\Autoloader->includeFile('C:\\xampp\\htdocs\\Disertus\\app\\Controllers\\registrar.php')
 2 SYSTEMPATH\Autoloader\Autoloader.php(267): CodeIgniter\Autoloader\Autoloader->loadInNamespace('App\\Controllers\\registrar')
 3 [internal function]: CodeIgniter\Autoloader\Autoloader->loadClass('App\\Controllers\\registrar')
 4 SYSTEMPATH\CodeIgniter.php(892): class_exists('\\App\\Controllers\\registrar', true)
 5 SYSTEMPATH\CodeIgniter.php(486): CodeIgniter\CodeIgniter->startController()
 6 SYSTEMPATH\CodeIgniter.php(368): CodeIgniter\CodeIgniter->handleRequest(null, Object(Config\Cache), false)
 7 FCPATH\index.php(67): CodeIgniter\CodeIgniter->run()
CRITICAL - 2023-05-17 13:42:19 --> syntax error, unexpected token "=>"
in APPPATH\Controllers\registrar.php on line 42.
 1 SYSTEMPATH\Autoloader\Autoloader.php(289): CodeIgniter\Autoloader\Autoloader->includeFile('C:\\xampp\\htdocs\\Disertus\\app\\Controllers\\registrar.php')
 2 SYSTEMPATH\Autoloader\Autoloader.php(267): CodeIgniter\Autoloader\Autoloader->loadInNamespace('App\\Controllers\\registrar')
 3 [internal function]: CodeIgniter\Autoloader\Autoloader->loadClass('App\\Controllers\\registrar')
 4 SYSTEMPATH\CodeIgniter.php(892): class_exists('\\App\\Controllers\\registrar', true)
 5 SYSTEMPATH\CodeIgniter.php(486): CodeIgniter\CodeIgniter->startController()
 6 SYSTEMPATH\CodeIgniter.php(368): CodeIgniter\CodeIgniter->handleRequest(null, Object(Config\Cache), false)
 7 FCPATH\index.php(67): CodeIgniter\CodeIgniter->run()
CRITICAL - 2023-05-17 13:42:35 --> Call to a member function hasError() on bool
in APPPATH\Controllers\registrar.php on line 42.
 1 SYSTEMPATH\CodeIgniter.php(934): App\Controllers\Registrar->ingresar_datos()
 2 SYSTEMPATH\CodeIgniter.php(499): CodeIgniter\CodeIgniter->runController(Object(App\Controllers\Registrar))
 3 SYSTEMPATH\CodeIgniter.php(368): CodeIgniter\CodeIgniter->handleRequest(null, Object(Config\Cache), false)
 4 FCPATH\index.php(67): CodeIgniter\CodeIgniter->run()
CRITICAL - 2023-05-17 13:42:36 --> Call to a member function hasError() on bool
in APPPATH\Controllers\registrar.php on line 42.
 1 SYSTEMPATH\CodeIgniter.php(934): App\Controllers\Registrar->ingresar_datos()
 2 SYSTEMPATH\CodeIgniter.php(499): CodeIgniter\CodeIgniter->runController(Object(App\Controllers\Registrar))
 3 SYSTEMPATH\CodeIgniter.php(368): CodeIgniter\CodeIgniter->handleRequest(null, Object(Config\Cache), false)
 4 FCPATH\index.php(67): CodeIgniter\CodeIgniter->run()
CRITICAL - 2023-05-17 13:42:36 --> Call to a member function hasError() on bool
in APPPATH\Controllers\registrar.php on line 42.
 1 SYSTEMPATH\CodeIgniter.php(934): App\Controllers\Registrar->ingresar_datos()
 2 SYSTEMPATH\CodeIgniter.php(499): CodeIgniter\CodeIgniter->runController(Object(App\Controllers\Registrar))
 3 SYSTEMPATH\CodeIgniter.php(368): CodeIgniter\CodeIgniter->handleRequest(null, Object(Config\Cache), false)
 4 FCPATH\index.php(67): CodeIgniter\CodeIgniter->run()
CRITICAL - 2023-05-17 13:42:55 --> Undefined variable $validatio
in APPPATH\Controllers\registrar.php on line 42.
 1 APPPATH\Controllers\registrar.php(42): CodeIgniter\Debug\Exceptions->errorHandler(2, 'Undefined variable $validatio', 'C:\\xampp\\htdocs\\Disertus\\app\\Controllers\\registrar.php', 42)
 2 SYSTEMPATH\CodeIgniter.php(934): App\Controllers\Registrar->ingresar_datos()
 3 SYSTEMPATH\CodeIgniter.php(499): CodeIgniter\CodeIgniter->runController(Object(App\Controllers\Registrar))
 4 SYSTEMPATH\CodeIgniter.php(368): CodeIgniter\CodeIgniter->handleRequest(null, Object(Config\Cache), false)
 5 FCPATH\index.php(67): CodeIgniter\CodeIgniter->run()
CRITICAL - 2023-05-17 13:45:03 --> Call to a member function hasError() on bool
in APPPATH\Controllers\registrar.php on line 42.
 1 SYSTEMPATH\CodeIgniter.php(934): App\Controllers\Registrar->ingresar_datos()
 2 SYSTEMPATH\CodeIgniter.php(499): CodeIgniter\CodeIgniter->runController(Object(App\Controllers\Registrar))
 3 SYSTEMPATH\CodeIgniter.php(368): CodeIgniter\CodeIgniter->handleRequest(null, Object(Config\Cache), false)
 4 FCPATH\index.php(67): CodeIgniter\CodeIgniter->run()
CRITICAL - 2023-05-17 13:59:50 --> syntax error, unexpected token ";"
in APPPATH\Controllers\registrar.php on line 47.
 1 SYSTEMPATH\Autoloader\Autoloader.php(289): CodeIgniter\Autoloader\Autoloader->includeFile('C:\\xampp\\htdocs\\Disertus\\app\\Controllers\\registrar.php')
 2 SYSTEMPATH\Autoloader\Autoloader.php(267): CodeIgniter\Autoloader\Autoloader->loadInNamespace('App\\Controllers\\registrar')
 3 [internal function]: CodeIgniter\Autoloader\Autoloader->loadClass('App\\Controllers\\registrar')
 4 SYSTEMPATH\CodeIgniter.php(892): class_exists('\\App\\Controllers\\registrar', true)
 5 SYSTEMPATH\CodeIgniter.php(486): CodeIgniter\CodeIgniter->startController()
 6 SYSTEMPATH\CodeIgniter.php(368): CodeIgniter\CodeIgniter->handleRequest(null, Object(Config\Cache), false)
 7 FCPATH\index.php(67): CodeIgniter\CodeIgniter->run()
CRITICAL - 2023-05-17 15:11:34 --> Cannot access offset of type string on string
in APPPATH\Controllers\registrar.php on line 50.
 1 SYSTEMPATH\CodeIgniter.php(934): App\Controllers\Registrar->ingresar_datos()
 2 SYSTEMPATH\CodeIgniter.php(499): CodeIgniter\CodeIgniter->runController(Object(App\Controllers\Registrar))
 3 SYSTEMPATH\CodeIgniter.php(368): CodeIgniter\CodeIgniter->handleRequest(null, Object(Config\Cache), false)
 4 FCPATH\index.php(67): CodeIgniter\CodeIgniter->run()
CRITICAL - 2023-05-17 15:11:57 --> Cannot access offset of type string on string
in APPPATH\Controllers\registrar.php on line 50.
 1 SYSTEMPATH\CodeIgniter.php(934): App\Controllers\Registrar->ingresar_datos()
 2 SYSTEMPATH\CodeIgniter.php(499): CodeIgniter\CodeIgniter->runController(Object(App\Controllers\Registrar))
 3 SYSTEMPATH\CodeIgniter.php(368): CodeIgniter\CodeIgniter->handleRequest(null, Object(Config\Cache), false)
 4 FCPATH\index.php(67): CodeIgniter\CodeIgniter->run()
CRITICAL - 2023-05-17 15:11:58 --> Cannot access offset of type string on string
in APPPATH\Controllers\registrar.php on line 50.
 1 SYSTEMPATH\CodeIgniter.php(934): App\Controllers\Registrar->ingresar_datos()
 2 SYSTEMPATH\CodeIgniter.php(499): CodeIgniter\CodeIgniter->runController(Object(App\Controllers\Registrar))
 3 SYSTEMPATH\CodeIgniter.php(368): CodeIgniter\CodeIgniter->handleRequest(null, Object(Config\Cache), false)
 4 FCPATH\index.php(67): CodeIgniter\CodeIgniter->run()
CRITICAL - 2023-05-17 15:11:58 --> Cannot access offset of type string on string
in APPPATH\Controllers\registrar.php on line 50.
 1 SYSTEMPATH\CodeIgniter.php(934): App\Controllers\Registrar->ingresar_datos()
 2 SYSTEMPATH\CodeIgniter.php(499): CodeIgniter\CodeIgniter->runController(Object(App\Controllers\Registrar))
 3 SYSTEMPATH\CodeIgniter.php(368): CodeIgniter\CodeIgniter->handleRequest(null, Object(Config\Cache), false)
 4 FCPATH\index.php(67): CodeIgniter\CodeIgniter->run()
CRITICAL - 2023-05-17 15:21:04 --> syntax error, unexpected token "*"
in APPPATH\Controllers\registrar.php on line 64.
 1 SYSTEMPATH\Autoloader\Autoloader.php(289): CodeIgniter\Autoloader\Autoloader->includeFile('C:\\xampp\\htdocs\\Disertus\\app\\Controllers\\registrar.php')
 2 SYSTEMPATH\Autoloader\Autoloader.php(267): CodeIgniter\Autoloader\Autoloader->loadInNamespace('App\\Controllers\\registrar')
 3 [internal function]: CodeIgniter\Autoloader\Autoloader->loadClass('App\\Controllers\\registrar')
 4 SYSTEMPATH\CodeIgniter.php(892): class_exists('\\App\\Controllers\\registrar', true)
 5 SYSTEMPATH\CodeIgniter.php(486): CodeIgniter\CodeIgniter->startController()
 6 SYSTEMPATH\CodeIgniter.php(368): CodeIgniter\CodeIgniter->handleRequest(null, Object(Config\Cache), false)
 7 FCPATH\index.php(67): CodeIgniter\CodeIgniter->run()
CRITICAL - 2023-05-17 15:21:05 --> syntax error, unexpected token "*"
in APPPATH\Controllers\registrar.php on line 64.
 1 SYSTEMPATH\Autoloader\Autoloader.php(289): CodeIgniter\Autoloader\Autoloader->includeFile('C:\\xampp\\htdocs\\Disertus\\app\\Controllers\\registrar.php')
 2 SYSTEMPATH\Autoloader\Autoloader.php(267): CodeIgniter\Autoloader\Autoloader->loadInNamespace('App\\Controllers\\registrar')
 3 [internal function]: CodeIgniter\Autoloader\Autoloader->loadClass('App\\Controllers\\registrar')
 4 SYSTEMPATH\CodeIgniter.php(892): class_exists('\\App\\Controllers\\registrar', true)
 5 SYSTEMPATH\CodeIgniter.php(486): CodeIgniter\CodeIgniter->startController()
 6 SYSTEMPATH\CodeIgniter.php(368): CodeIgniter\CodeIgniter->handleRequest(null, Object(Config\Cache), false)
 7 FCPATH\index.php(67): CodeIgniter\CodeIgniter->run()
CRITICAL - 2023-05-17 15:21:07 --> syntax error, unexpected token "*"
in APPPATH\Controllers\registrar.php on line 64.
 1 SYSTEMPATH\Autoloader\Autoloader.php(289): CodeIgniter\Autoloader\Autoloader->includeFile('C:\\xampp\\htdocs\\Disertus\\app\\Controllers\\registrar.php')
 2 SYSTEMPATH\Autoloader\Autoloader.php(267): CodeIgniter\Autoloader\Autoloader->loadInNamespace('App\\Controllers\\registrar')
 3 [internal function]: CodeIgniter\Autoloader\Autoloader->loadClass('App\\Controllers\\registrar')
 4 SYSTEMPATH\CodeIgniter.php(892): class_exists('\\App\\Controllers\\registrar', true)
 5 SYSTEMPATH\CodeIgniter.php(486): CodeIgniter\CodeIgniter->startController()
 6 SYSTEMPATH\CodeIgniter.php(368): CodeIgniter\CodeIgniter->handleRequest(null, Object(Config\Cache), false)
 7 FCPATH\index.php(67): CodeIgniter\CodeIgniter->run()
CRITICAL - 2023-05-17 15:21:46 --> Call to a member function getErrors() on bool
in APPPATH\Controllers\registrar.php on line 45.
 1 SYSTEMPATH\CodeIgniter.php(934): App\Controllers\Registrar->ingresar_datos()
 2 SYSTEMPATH\CodeIgniter.php(499): CodeIgniter\CodeIgniter->runController(Object(App\Controllers\Registrar))
 3 SYSTEMPATH\CodeIgniter.php(368): CodeIgniter\CodeIgniter->handleRequest(null, Object(Config\Cache), false)
 4 FCPATH\index.php(67): CodeIgniter\CodeIgniter->run()
CRITICAL - 2023-05-17 15:21:49 --> Call to a member function getErrors() on bool
in APPPATH\Controllers\registrar.php on line 45.
 1 SYSTEMPATH\CodeIgniter.php(934): App\Controllers\Registrar->ingresar_datos()
 2 SYSTEMPATH\CodeIgniter.php(499): CodeIgniter\CodeIgniter->runController(Object(App\Controllers\Registrar))
 3 SYSTEMPATH\CodeIgniter.php(368): CodeIgniter\CodeIgniter->handleRequest(null, Object(Config\Cache), false)
 4 FCPATH\index.php(67): CodeIgniter\CodeIgniter->run()
CRITICAL - 2023-05-17 15:56:24 --> syntax error, unexpected variable "$error"
in APPPATH\Controllers\registrar.php on line 47.
 1 SYSTEMPATH\Autoloader\Autoloader.php(289): CodeIgniter\Autoloader\Autoloader->includeFile('C:\\xampp\\htdocs\\Disertus\\app\\Controllers\\registrar.php')
 2 SYSTEMPATH\Autoloader\Autoloader.php(267): CodeIgniter\Autoloader\Autoloader->loadInNamespace('App\\Controllers\\registrar')
 3 [internal function]: CodeIgniter\Autoloader\Autoloader->loadClass('App\\Controllers\\registrar')
 4 SYSTEMPATH\CodeIgniter.php(892): class_exists('\\App\\Controllers\\registrar', true)
 5 SYSTEMPATH\CodeIgniter.php(486): CodeIgniter\CodeIgniter->startController()
 6 SYSTEMPATH\CodeIgniter.php(368): CodeIgniter\CodeIgniter->handleRequest(null, Object(Config\Cache), false)
 7 FCPATH\index.php(67): CodeIgniter\CodeIgniter->run()
CRITICAL - 2023-05-17 15:56:25 --> syntax error, unexpected variable "$error"
in APPPATH\Controllers\registrar.php on line 47.
 1 SYSTEMPATH\Autoloader\Autoloader.php(289): CodeIgniter\Autoloader\Autoloader->includeFile('C:\\xampp\\htdocs\\Disertus\\app\\Controllers\\registrar.php')
 2 SYSTEMPATH\Autoloader\Autoloader.php(267): CodeIgniter\Autoloader\Autoloader->loadInNamespace('App\\Controllers\\registrar')
 3 [internal function]: CodeIgniter\Autoloader\Autoloader->loadClass('App\\Controllers\\registrar')
 4 SYSTEMPATH\CodeIgniter.php(892): class_exists('\\App\\Controllers\\registrar', true)
 5 SYSTEMPATH\CodeIgniter.php(486): CodeIgniter\CodeIgniter->startController()
 6 SYSTEMPATH\CodeIgniter.php(368): CodeIgniter\CodeIgniter->handleRequest(null, Object(Config\Cache), false)
 7 FCPATH\index.php(67): CodeIgniter\CodeIgniter->run()
CRITICAL - 2023-05-17 15:56:38 --> syntax error, unexpected variable "$error"
in APPPATH\Controllers\registrar.php on line 47.
 1 SYSTEMPATH\Autoloader\Autoloader.php(289): CodeIgniter\Autoloader\Autoloader->includeFile('C:\\xampp\\htdocs\\Disertus\\app\\Controllers\\registrar.php')
 2 SYSTEMPATH\Autoloader\Autoloader.php(267): CodeIgniter\Autoloader\Autoloader->loadInNamespace('App\\Controllers\\registrar')
 3 [internal function]: CodeIgniter\Autoloader\Autoloader->loadClass('App\\Controllers\\registrar')
 4 SYSTEMPATH\CodeIgniter.php(892): class_exists('\\App\\Controllers\\registrar', true)
 5 SYSTEMPATH\CodeIgniter.php(486): CodeIgniter\CodeIgniter->startController()
 6 SYSTEMPATH\CodeIgniter.php(368): CodeIgniter\CodeIgniter->handleRequest(null, Object(Config\Cache), false)
 7 FCPATH\index.php(67): CodeIgniter\CodeIgniter->run()
CRITICAL - 2023-05-17 15:56:38 --> syntax error, unexpected variable "$error"
in APPPATH\Controllers\registrar.php on line 47.
 1 SYSTEMPATH\Autoloader\Autoloader.php(289): CodeIgniter\Autoloader\Autoloader->includeFile('C:\\xampp\\htdocs\\Disertus\\app\\Controllers\\registrar.php')
 2 SYSTEMPATH\Autoloader\Autoloader.php(267): CodeIgniter\Autoloader\Autoloader->loadInNamespace('App\\Controllers\\registrar')
 3 [internal function]: CodeIgniter\Autoloader\Autoloader->loadClass('App\\Controllers\\registrar')
 4 SYSTEMPATH\CodeIgniter.php(892): class_exists('\\App\\Controllers\\registrar', true)
 5 SYSTEMPATH\CodeIgniter.php(486): CodeIgniter\CodeIgniter->startController()
 6 SYSTEMPATH\CodeIgniter.php(368): CodeIgniter\CodeIgniter->handleRequest(null, Object(Config\Cache), false)
 7 FCPATH\index.php(67): CodeIgniter\CodeIgniter->run()
CRITICAL - 2023-05-17 15:56:39 --> syntax error, unexpected variable "$error"
in APPPATH\Controllers\registrar.php on line 47.
 1 SYSTEMPATH\Autoloader\Autoloader.php(289): CodeIgniter\Autoloader\Autoloader->includeFile('C:\\xampp\\htdocs\\Disertus\\app\\Controllers\\registrar.php')
 2 SYSTEMPATH\Autoloader\Autoloader.php(267): CodeIgniter\Autoloader\Autoloader->loadInNamespace('App\\Controllers\\registrar')
 3 [internal function]: CodeIgniter\Autoloader\Autoloader->loadClass('App\\Controllers\\registrar')
 4 SYSTEMPATH\CodeIgniter.php(892): class_exists('\\App\\Controllers\\registrar', true)
 5 SYSTEMPATH\CodeIgniter.php(486): CodeIgniter\CodeIgniter->startController()
 6 SYSTEMPATH\CodeIgniter.php(368): CodeIgniter\CodeIgniter->handleRequest(null, Object(Config\Cache), false)
 7 FCPATH\index.php(67): CodeIgniter\CodeIgniter->run()
CRITICAL - 2023-05-17 15:56:50 --> syntax error, unexpected variable "$this"
in APPPATH\Controllers\registrar.php on line 47.
 1 SYSTEMPATH\Autoloader\Autoloader.php(289): CodeIgniter\Autoloader\Autoloader->includeFile('C:\\xampp\\htdocs\\Disertus\\app\\Controllers\\registrar.php')
 2 SYSTEMPATH\Autoloader\Autoloader.php(267): CodeIgniter\Autoloader\Autoloader->loadInNamespace('App\\Controllers\\registrar')
 3 [internal function]: CodeIgniter\Autoloader\Autoloader->loadClass('App\\Controllers\\registrar')
 4 SYSTEMPATH\CodeIgniter.php(892): class_exists('\\App\\Controllers\\registrar', true)
 5 SYSTEMPATH\CodeIgniter.php(486): CodeIgniter\CodeIgniter->startController()
 6 SYSTEMPATH\CodeIgniter.php(368): CodeIgniter\CodeIgniter->handleRequest(null, Object(Config\Cache), false)
 7 FCPATH\index.php(67): CodeIgniter\CodeIgniter->run()
CRITICAL - 2023-05-17 15:56:51 --> syntax error, unexpected variable "$this"
in APPPATH\Controllers\registrar.php on line 47.
 1 SYSTEMPATH\Autoloader\Autoloader.php(289): CodeIgniter\Autoloader\Autoloader->includeFile('C:\\xampp\\htdocs\\Disertus\\app\\Controllers\\registrar.php')
 2 SYSTEMPATH\Autoloader\Autoloader.php(267): CodeIgniter\Autoloader\Autoloader->loadInNamespace('App\\Controllers\\registrar')
 3 [internal function]: CodeIgniter\Autoloader\Autoloader->loadClass('App\\Controllers\\registrar')
 4 SYSTEMPATH\CodeIgniter.php(892): class_exists('\\App\\Controllers\\registrar', true)
 5 SYSTEMPATH\CodeIgniter.php(486): CodeIgniter\CodeIgniter->startController()
 6 SYSTEMPATH\CodeIgniter.php(368): CodeIgniter\CodeIgniter->handleRequest(null, Object(Config\Cache), false)
 7 FCPATH\index.php(67): CodeIgniter\CodeIgniter->run()
CRITICAL - 2023-05-17 15:56:51 --> syntax error, unexpected variable "$this"
in APPPATH\Controllers\registrar.php on line 47.
 1 SYSTEMPATH\Autoloader\Autoloader.php(289): CodeIgniter\Autoloader\Autoloader->includeFile('C:\\xampp\\htdocs\\Disertus\\app\\Controllers\\registrar.php')
 2 SYSTEMPATH\Autoloader\Autoloader.php(267): CodeIgniter\Autoloader\Autoloader->loadInNamespace('App\\Controllers\\registrar')
 3 [internal function]: CodeIgniter\Autoloader\Autoloader->loadClass('App\\Controllers\\registrar')
 4 SYSTEMPATH\CodeIgniter.php(892): class_exists('\\App\\Controllers\\registrar', true)
 5 SYSTEMPATH\CodeIgniter.php(486): CodeIgniter\CodeIgniter->startController()
 6 SYSTEMPATH\CodeIgniter.php(368): CodeIgniter\CodeIgniter->handleRequest(null, Object(Config\Cache), false)
 7 FCPATH\index.php(67): CodeIgniter\CodeIgniter->run()
CRITICAL - 2023-05-17 15:57:10 --> Undefined variable $error
in APPPATH\Controllers\registrar.php on line 50.
 1 APPPATH\Controllers\registrar.php(50): CodeIgniter\Debug\Exceptions->errorHandler(2, 'Undefined variable $error', 'C:\\xampp\\htdocs\\Disertus\\app\\Controllers\\registrar.php', 50)
 2 SYSTEMPATH\CodeIgniter.php(934): App\Controllers\Registrar->ingresar_datos()
 3 SYSTEMPATH\CodeIgniter.php(499): CodeIgniter\CodeIgniter->runController(Object(App\Controllers\Registrar))
 4 SYSTEMPATH\CodeIgniter.php(368): CodeIgniter\CodeIgniter->handleRequest(null, Object(Config\Cache), false)
 5 FCPATH\index.php(67): CodeIgniter\CodeIgniter->run()
CRITICAL - 2023-05-17 15:57:11 --> Undefined variable $error
in APPPATH\Controllers\registrar.php on line 50.
 1 APPPATH\Controllers\registrar.php(50): CodeIgniter\Debug\Exceptions->errorHandler(2, 'Undefined variable $error', 'C:\\xampp\\htdocs\\Disertus\\app\\Controllers\\registrar.php', 50)
 2 SYSTEMPATH\CodeIgniter.php(934): App\Controllers\Registrar->ingresar_datos()
 3 SYSTEMPATH\CodeIgniter.php(499): CodeIgniter\CodeIgniter->runController(Object(App\Controllers\Registrar))
 4 SYSTEMPATH\CodeIgniter.php(368): CodeIgniter\CodeIgniter->handleRequest(null, Object(Config\Cache), false)
 5 FCPATH\index.php(67): CodeIgniter\CodeIgniter->run()
CRITICAL - 2023-05-17 15:57:12 --> Undefined variable $error
in APPPATH\Controllers\registrar.php on line 50.
 1 APPPATH\Controllers\registrar.php(50): CodeIgniter\Debug\Exceptions->errorHandler(2, 'Undefined variable $error', 'C:\\xampp\\htdocs\\Disertus\\app\\Controllers\\registrar.php', 50)
 2 SYSTEMPATH\CodeIgniter.php(934): App\Controllers\Registrar->ingresar_datos()
 3 SYSTEMPATH\CodeIgniter.php(499): CodeIgniter\CodeIgniter->runController(Object(App\Controllers\Registrar))
 4 SYSTEMPATH\CodeIgniter.php(368): CodeIgniter\CodeIgniter->handleRequest(null, Object(Config\Cache), false)
 5 FCPATH\index.php(67): CodeIgniter\CodeIgniter->run()
CRITICAL - 2023-05-17 15:57:12 --> Undefined variable $error
in APPPATH\Controllers\registrar.php on line 50.
 1 APPPATH\Controllers\registrar.php(50): CodeIgniter\Debug\Exceptions->errorHandler(2, 'Undefined variable $error', 'C:\\xampp\\htdocs\\Disertus\\app\\Controllers\\registrar.php', 50)
 2 SYSTEMPATH\CodeIgniter.php(934): App\Controllers\Registrar->ingresar_datos()
 3 SYSTEMPATH\CodeIgniter.php(499): CodeIgniter\CodeIgniter->runController(Object(App\Controllers\Registrar))
 4 SYSTEMPATH\CodeIgniter.php(368): CodeIgniter\CodeIgniter->handleRequest(null, Object(Config\Cache), false)
 5 FCPATH\index.php(67): CodeIgniter\CodeIgniter->run()
CRITICAL - 2023-05-17 16:06:08 --> Unclosed '{' on line 8
in APPPATH\Controllers\registrar.php on line 68.
 1 SYSTEMPATH\Autoloader\Autoloader.php(289): CodeIgniter\Autoloader\Autoloader->includeFile('C:\\xampp\\htdocs\\Disertus\\app\\Controllers\\registrar.php')
 2 SYSTEMPATH\Autoloader\Autoloader.php(267): CodeIgniter\Autoloader\Autoloader->loadInNamespace('App\\Controllers\\registrar')
 3 [internal function]: CodeIgniter\Autoloader\Autoloader->loadClass('App\\Controllers\\registrar')
 4 SYSTEMPATH\CodeIgniter.php(892): class_exists('\\App\\Controllers\\registrar', true)
 5 SYSTEMPATH\CodeIgniter.php(486): CodeIgniter\CodeIgniter->startController()
 6 SYSTEMPATH\CodeIgniter.php(368): CodeIgniter\CodeIgniter->handleRequest(null, Object(Config\Cache), false)
 7 FCPATH\index.php(67): CodeIgniter\CodeIgniter->run()
CRITICAL - 2023-05-17 16:07:18 --> Call to undefined method CodeIgniter\Validation\Validation::errors()
in APPPATH\Controllers\registrar.php on line 45.
 1 SYSTEMPATH\CodeIgniter.php(934): App\Controllers\Registrar->ingresar_datos()
 2 SYSTEMPATH\CodeIgniter.php(499): CodeIgniter\CodeIgniter->runController(Object(App\Controllers\Registrar))
 3 SYSTEMPATH\CodeIgniter.php(368): CodeIgniter\CodeIgniter->handleRequest(null, Object(Config\Cache), false)
 4 FCPATH\index.php(67): CodeIgniter\CodeIgniter->run()
CRITICAL - 2023-05-17 16:11:31 --> Call to a member function getErrors() on array
in APPPATH\Controllers\registrar.php on line 50.
 1 SYSTEMPATH\CodeIgniter.php(934): App\Controllers\Registrar->ingresar_datos()
 2 SYSTEMPATH\CodeIgniter.php(499): CodeIgniter\CodeIgniter->runController(Object(App\Controllers\Registrar))
 3 SYSTEMPATH\CodeIgniter.php(368): CodeIgniter\CodeIgniter->handleRequest(null, Object(Config\Cache), false)
 4 FCPATH\index.php(67): CodeIgniter\CodeIgniter->run()
CRITICAL - 2023-05-17 16:23:59 --> Call to a member function getErrors() on array
in APPPATH\Controllers\registrar.php on line 47.
 1 SYSTEMPATH\CodeIgniter.php(934): App\Controllers\Registrar->ingresar_datos()
 2 SYSTEMPATH\CodeIgniter.php(499): CodeIgniter\CodeIgniter->runController(Object(App\Controllers\Registrar))
 3 SYSTEMPATH\CodeIgniter.php(368): CodeIgniter\CodeIgniter->handleRequest(null, Object(Config\Cache), false)
 4 FCPATH\index.php(67): CodeIgniter\CodeIgniter->run()
CRITICAL - 2023-05-17 16:24:39 --> Call to undefined method CodeIgniter\Validation\Validation::hasErrors()
in APPPATH\Controllers\registrar.php on line 45.
 1 SYSTEMPATH\CodeIgniter.php(934): App\Controllers\Registrar->ingresar_datos()
 2 SYSTEMPATH\CodeIgniter.php(499): CodeIgniter\CodeIgniter->runController(Object(App\Controllers\Registrar))
 3 SYSTEMPATH\CodeIgniter.php(368): CodeIgniter\CodeIgniter->handleRequest(null, Object(Config\Cache), false)
 4 FCPATH\index.php(67): CodeIgniter\CodeIgniter->run()
CRITICAL - 2023-05-17 16:24:50 --> Call to undefined method CodeIgniter\Validation\Validation::hadErrors()
in APPPATH\Controllers\registrar.php on line 45.
 1 SYSTEMPATH\CodeIgniter.php(934): App\Controllers\Registrar->ingresar_datos()
 2 SYSTEMPATH\CodeIgniter.php(499): CodeIgniter\CodeIgniter->runController(Object(App\Controllers\Registrar))
 3 SYSTEMPATH\CodeIgniter.php(368): CodeIgniter\CodeIgniter->handleRequest(null, Object(Config\Cache), false)
 4 FCPATH\index.php(67): CodeIgniter\CodeIgniter->run()
CRITICAL - 2023-05-17 16:25:02 --> Call to a member function getErrors() on array
in APPPATH\Controllers\registrar.php on line 47.
 1 SYSTEMPATH\CodeIgniter.php(934): App\Controllers\Registrar->ingresar_datos()
 2 SYSTEMPATH\CodeIgniter.php(499): CodeIgniter\CodeIgniter->runController(Object(App\Controllers\Registrar))
 3 SYSTEMPATH\CodeIgniter.php(368): CodeIgniter\CodeIgniter->handleRequest(null, Object(Config\Cache), false)
 4 FCPATH\index.php(67): CodeIgniter\CodeIgniter->run()
CRITICAL - 2023-05-17 16:25:23 --> Call to a member function getErrors() on array
in APPPATH\Controllers\registrar.php on line 47.
 1 SYSTEMPATH\CodeIgniter.php(934): App\Controllers\Registrar->ingresar_datos()
 2 SYSTEMPATH\CodeIgniter.php(499): CodeIgniter\CodeIgniter->runController(Object(App\Controllers\Registrar))
 3 SYSTEMPATH\CodeIgniter.php(368): CodeIgniter\CodeIgniter->handleRequest(null, Object(Config\Cache), false)
 4 FCPATH\index.php(67): CodeIgniter\CodeIgniter->run()
CRITICAL - 2023-05-17 16:25:52 --> Call to a member function getErrors() on array
in APPPATH\Controllers\registrar.php on line 47.
 1 SYSTEMPATH\CodeIgniter.php(934): App\Controllers\Registrar->ingresar_datos()
 2 SYSTEMPATH\CodeIgniter.php(499): CodeIgniter\CodeIgniter->runController(Object(App\Controllers\Registrar))
 3 SYSTEMPATH\CodeIgniter.php(368): CodeIgniter\CodeIgniter->handleRequest(null, Object(Config\Cache), false)
 4 FCPATH\index.php(67): CodeIgniter\CodeIgniter->run()
CRITICAL - 2023-05-17 16:27:05 --> Call to a member function getError() on string
in APPPATH\Controllers\registrar.php on line 47.
 1 SYSTEMPATH\CodeIgniter.php(934): App\Controllers\Registrar->ingresar_datos()
 2 SYSTEMPATH\CodeIgniter.php(499): CodeIgniter\CodeIgniter->runController(Object(App\Controllers\Registrar))
 3 SYSTEMPATH\CodeIgniter.php(368): CodeIgniter\CodeIgniter->handleRequest(null, Object(Config\Cache), false)
 4 FCPATH\index.php(67): CodeIgniter\CodeIgniter->run()
CRITICAL - 2023-05-17 16:27:12 --> Call to a member function getErro() on string
in APPPATH\Controllers\registrar.php on line 47.
 1 SYSTEMPATH\CodeIgniter.php(934): App\Controllers\Registrar->ingresar_datos()
 2 SYSTEMPATH\CodeIgniter.php(499): CodeIgniter\CodeIgniter->runController(Object(App\Controllers\Registrar))
 3 SYSTEMPATH\CodeIgniter.php(368): CodeIgniter\CodeIgniter->handleRequest(null, Object(Config\Cache), false)
 4 FCPATH\index.php(67): CodeIgniter\CodeIgniter->run()
CRITICAL - 2023-05-17 16:27:25 --> Call to a member function getError() on string
in APPPATH\Controllers\registrar.php on line 47.
 1 SYSTEMPATH\CodeIgniter.php(934): App\Controllers\Registrar->ingresar_datos()
 2 SYSTEMPATH\CodeIgniter.php(499): CodeIgniter\CodeIgniter->runController(Object(App\Controllers\Registrar))
 3 SYSTEMPATH\CodeIgniter.php(368): CodeIgniter\CodeIgniter->handleRequest(null, Object(Config\Cache), false)
 4 FCPATH\index.php(67): CodeIgniter\CodeIgniter->run()
CRITICAL - 2023-05-17 16:28:29 --> Undefined variable $validate
in APPPATH\Controllers\registrar.php on line 45.
 1 APPPATH\Controllers\registrar.php(45): CodeIgniter\Debug\Exceptions->errorHandler(2, 'Undefined variable $validate', 'C:\\xampp\\htdocs\\Disertus\\app\\Controllers\\registrar.php', 45)
 2 SYSTEMPATH\CodeIgniter.php(934): App\Controllers\Registrar->ingresar_datos()
 3 SYSTEMPATH\CodeIgniter.php(499): CodeIgniter\CodeIgniter->runController(Object(App\Controllers\Registrar))
 4 SYSTEMPATH\CodeIgniter.php(368): CodeIgniter\CodeIgniter->handleRequest(null, Object(Config\Cache), false)
 5 FCPATH\index.php(67): CodeIgniter\CodeIgniter->run()
CRITICAL - 2023-05-17 16:28:44 --> Call to a member function getErrors() on bool
in APPPATH\Controllers\registrar.php on line 45.
 1 SYSTEMPATH\CodeIgniter.php(934): App\Controllers\Registrar->ingresar_datos()
 2 SYSTEMPATH\CodeIgniter.php(499): CodeIgniter\CodeIgniter->runController(Object(App\Controllers\Registrar))
 3 SYSTEMPATH\CodeIgniter.php(368): CodeIgniter\CodeIgniter->handleRequest(null, Object(Config\Cache), false)
 4 FCPATH\index.php(67): CodeIgniter\CodeIgniter->run()
CRITICAL - 2023-05-17 16:28:45 --> Call to a member function getErrors() on bool
in APPPATH\Controllers\registrar.php on line 45.
 1 SYSTEMPATH\CodeIgniter.php(934): App\Controllers\Registrar->ingresar_datos()
 2 SYSTEMPATH\CodeIgniter.php(499): CodeIgniter\CodeIgniter->runController(Object(App\Controllers\Registrar))
 3 SYSTEMPATH\CodeIgniter.php(368): CodeIgniter\CodeIgniter->handleRequest(null, Object(Config\Cache), false)
 4 FCPATH\index.php(67): CodeIgniter\CodeIgniter->run()
CRITICAL - 2023-05-17 16:30:13 --> Unmatched '}'
in APPPATH\Controllers\registrar.php on line 64.
 1 SYSTEMPATH\Autoloader\Autoloader.php(289): CodeIgniter\Autoloader\Autoloader->includeFile('C:\\xampp\\htdocs\\Disertus\\app\\Controllers\\registrar.php')
 2 SYSTEMPATH\Autoloader\Autoloader.php(267): CodeIgniter\Autoloader\Autoloader->loadInNamespace('App\\Controllers\\registrar')
 3 [internal function]: CodeIgniter\Autoloader\Autoloader->loadClass('App\\Controllers\\registrar')
 4 SYSTEMPATH\CodeIgniter.php(892): class_exists('\\App\\Controllers\\registrar', true)
 5 SYSTEMPATH\CodeIgniter.php(486): CodeIgniter\CodeIgniter->startController()
 6 SYSTEMPATH\CodeIgniter.php(368): CodeIgniter\CodeIgniter->handleRequest(null, Object(Config\Cache), false)
 7 FCPATH\index.php(67): CodeIgniter\CodeIgniter->run()
CRITICAL - 2023-05-17 16:30:14 --> Unmatched '}'
in APPPATH\Controllers\registrar.php on line 64.
 1 SYSTEMPATH\Autoloader\Autoloader.php(289): CodeIgniter\Autoloader\Autoloader->includeFile('C:\\xampp\\htdocs\\Disertus\\app\\Controllers\\registrar.php')
 2 SYSTEMPATH\Autoloader\Autoloader.php(267): CodeIgniter\Autoloader\Autoloader->loadInNamespace('App\\Controllers\\registrar')
 3 [internal function]: CodeIgniter\Autoloader\Autoloader->loadClass('App\\Controllers\\registrar')
 4 SYSTEMPATH\CodeIgniter.php(892): class_exists('\\App\\Controllers\\registrar', true)
 5 SYSTEMPATH\CodeIgniter.php(486): CodeIgniter\CodeIgniter->startController()
 6 SYSTEMPATH\CodeIgniter.php(368): CodeIgniter\CodeIgniter->handleRequest(null, Object(Config\Cache), false)
 7 FCPATH\index.php(67): CodeIgniter\CodeIgniter->run()
CRITICAL - 2023-05-17 16:31:19 --> Undefined array key 0
in APPPATH\Controllers\registrar.php on line 49.
 1 APPPATH\Controllers\registrar.php(49): CodeIgniter\Debug\Exceptions->errorHandler(2, 'Undefined array key 0', 'C:\\xampp\\htdocs\\Disertus\\app\\Controllers\\registrar.php', 49)
 2 SYSTEMPATH\CodeIgniter.php(934): App\Controllers\Registrar->ingresar_datos()
 3 SYSTEMPATH\CodeIgniter.php(499): CodeIgniter\CodeIgniter->runController(Object(App\Controllers\Registrar))
 4 SYSTEMPATH\CodeIgniter.php(368): CodeIgniter\CodeIgniter->handleRequest(null, Object(Config\Cache), false)
 5 FCPATH\index.php(67): CodeIgniter\CodeIgniter->run()
CRITICAL - 2023-05-17 16:33:27 --> Trying to access array offset on value of type bool
in APPPATH\Controllers\registrar.php on line 45.
 1 APPPATH\Controllers\registrar.php(45): CodeIgniter\Debug\Exceptions->errorHandler(2, 'Trying to access array offset on value of type bool', 'C:\\xampp\\htdocs\\Disertus\\app\\Controllers\\registrar.php', 45)
 2 SYSTEMPATH\CodeIgniter.php(934): App\Controllers\Registrar->ingresar_datos()
 3 SYSTEMPATH\CodeIgniter.php(499): CodeIgniter\CodeIgniter->runController(Object(App\Controllers\Registrar))
 4 SYSTEMPATH\CodeIgniter.php(368): CodeIgniter\CodeIgniter->handleRequest(null, Object(Config\Cache), false)
 5 FCPATH\index.php(67): CodeIgniter\CodeIgniter->run()
CRITICAL - 2023-05-17 16:36:25 --> syntax error, unexpected identifier "print_r"
in APPPATH\Controllers\registrar.php on line 46.
 1 SYSTEMPATH\Autoloader\Autoloader.php(289): CodeIgniter\Autoloader\Autoloader->includeFile('C:\\xampp\\htdocs\\Disertus\\app\\Controllers\\registrar.php')
 2 SYSTEMPATH\Autoloader\Autoloader.php(267): CodeIgniter\Autoloader\Autoloader->loadInNamespace('App\\Controllers\\registrar')
 3 [internal function]: CodeIgniter\Autoloader\Autoloader->loadClass('App\\Controllers\\registrar')
 4 SYSTEMPATH\CodeIgniter.php(892): class_exists('\\App\\Controllers\\registrar', true)
 5 SYSTEMPATH\CodeIgniter.php(486): CodeIgniter\CodeIgniter->startController()
 6 SYSTEMPATH\CodeIgniter.php(368): CodeIgniter\CodeIgniter->handleRequest(null, Object(Config\Cache), false)
 7 FCPATH\index.php(67): CodeIgniter\CodeIgniter->run()
CRITICAL - 2023-05-17 16:36:26 --> syntax error, unexpected identifier "print_r"
in APPPATH\Controllers\registrar.php on line 46.
 1 SYSTEMPATH\Autoloader\Autoloader.php(289): CodeIgniter\Autoloader\Autoloader->includeFile('C:\\xampp\\htdocs\\Disertus\\app\\Controllers\\registrar.php')
 2 SYSTEMPATH\Autoloader\Autoloader.php(267): CodeIgniter\Autoloader\Autoloader->loadInNamespace('App\\Controllers\\registrar')
 3 [internal function]: CodeIgniter\Autoloader\Autoloader->loadClass('App\\Controllers\\registrar')
 4 SYSTEMPATH\CodeIgniter.php(892): class_exists('\\App\\Controllers\\registrar', true)
 5 SYSTEMPATH\CodeIgniter.php(486): CodeIgniter\CodeIgniter->startController()
 6 SYSTEMPATH\CodeIgniter.php(368): CodeIgniter\CodeIgniter->handleRequest(null, Object(Config\Cache), false)
 7 FCPATH\index.php(67): CodeIgniter\CodeIgniter->run()
CRITICAL - 2023-05-17 16:36:42 --> syntax error, unexpected token "echo"
in APPPATH\Controllers\registrar.php on line 46.
 1 SYSTEMPATH\Autoloader\Autoloader.php(289): CodeIgniter\Autoloader\Autoloader->includeFile('C:\\xampp\\htdocs\\Disertus\\app\\Controllers\\registrar.php')
 2 SYSTEMPATH\Autoloader\Autoloader.php(267): CodeIgniter\Autoloader\Autoloader->loadInNamespace('App\\Controllers\\registrar')
 3 [internal function]: CodeIgniter\Autoloader\Autoloader->loadClass('App\\Controllers\\registrar')
 4 SYSTEMPATH\CodeIgniter.php(892): class_exists('\\App\\Controllers\\registrar', true)
 5 SYSTEMPATH\CodeIgniter.php(486): CodeIgniter\CodeIgniter->startController()
 6 SYSTEMPATH\CodeIgniter.php(368): CodeIgniter\CodeIgniter->handleRequest(null, Object(Config\Cache), false)
 7 FCPATH\index.php(67): CodeIgniter\CodeIgniter->run()
CRITICAL - 2023-05-17 16:36:43 --> syntax error, unexpected token "echo"
in APPPATH\Controllers\registrar.php on line 46.
 1 SYSTEMPATH\Autoloader\Autoloader.php(289): CodeIgniter\Autoloader\Autoloader->includeFile('C:\\xampp\\htdocs\\Disertus\\app\\Controllers\\registrar.php')
 2 SYSTEMPATH\Autoloader\Autoloader.php(267): CodeIgniter\Autoloader\Autoloader->loadInNamespace('App\\Controllers\\registrar')
 3 [internal function]: CodeIgniter\Autoloader\Autoloader->loadClass('App\\Controllers\\registrar')
 4 SYSTEMPATH\CodeIgniter.php(892): class_exists('\\App\\Controllers\\registrar', true)
 5 SYSTEMPATH\CodeIgniter.php(486): CodeIgniter\CodeIgniter->startController()
 6 SYSTEMPATH\CodeIgniter.php(368): CodeIgniter\CodeIgniter->handleRequest(null, Object(Config\Cache), false)
 7 FCPATH\index.php(67): CodeIgniter\CodeIgniter->run()
CRITICAL - 2023-05-17 16:37:02 --> Undefined property: App\Controllers\Registrar::$validate
in APPPATH\Controllers\registrar.php on line 45.
 1 APPPATH\Controllers\registrar.php(45): CodeIgniter\Debug\Exceptions->errorHandler(2, 'Undefined property: App\\Controllers\\Registrar::$validate', 'C:\\xampp\\htdocs\\Disertus\\app\\Controllers\\registrar.php', 45)
 2 SYSTEMPATH\CodeIgniter.php(934): App\Controllers\Registrar->ingresar_datos()
 3 SYSTEMPATH\CodeIgniter.php(499): CodeIgniter\CodeIgniter->runController(Object(App\Controllers\Registrar))
 4 SYSTEMPATH\CodeIgniter.php(368): CodeIgniter\CodeIgniter->handleRequest(null, Object(Config\Cache), false)
 5 FCPATH\index.php(67): CodeIgniter\CodeIgniter->run()
CRITICAL - 2023-05-17 16:37:45 --> Undefined property: App\Controllers\Registrar::$validate
in APPPATH\Controllers\registrar.php on line 45.
 1 APPPATH\Controllers\registrar.php(45): CodeIgniter\Debug\Exceptions->errorHandler(2, 'Undefined property: App\\Controllers\\Registrar::$validate', 'C:\\xampp\\htdocs\\Disertus\\app\\Controllers\\registrar.php', 45)
 2 SYSTEMPATH\CodeIgniter.php(934): App\Controllers\Registrar->ingresar_datos()
 3 SYSTEMPATH\CodeIgniter.php(499): CodeIgniter\CodeIgniter->runController(Object(App\Controllers\Registrar))
 4 SYSTEMPATH\CodeIgniter.php(368): CodeIgniter\CodeIgniter->handleRequest(null, Object(Config\Cache), false)
 5 FCPATH\index.php(67): CodeIgniter\CodeIgniter->run()
CRITICAL - 2023-05-17 16:40:29 --> Undefined property: App\Controllers\Registrar::$validar
in APPPATH\Controllers\registrar.php on line 47.
 1 APPPATH\Controllers\registrar.php(47): CodeIgniter\Debug\Exceptions->errorHandler(2, 'Undefined property: App\\Controllers\\Registrar::$validar', 'C:\\xampp\\htdocs\\Disertus\\app\\Controllers\\registrar.php', 47)
 2 SYSTEMPATH\CodeIgniter.php(934): App\Controllers\Registrar->ingresar_datos()
 3 SYSTEMPATH\CodeIgniter.php(499): CodeIgniter\CodeIgniter->runController(Object(App\Controllers\Registrar))
 4 SYSTEMPATH\CodeIgniter.php(368): CodeIgniter\CodeIgniter->handleRequest(null, Object(Config\Cache), false)
 5 FCPATH\index.php(67): CodeIgniter\CodeIgniter->run()
CRITICAL - 2023-05-17 16:43:03 --> Cannot use [] for reading
in APPPATH\Controllers\registrar.php on line 17.
 1 [internal function]: CodeIgniter\Debug\Exceptions->shutdownHandler()
CRITICAL - 2023-05-17 16:43:15 --> Array to string conversion
in APPPATH\Controllers\registrar.php on line 45.
 1 APPPATH\Controllers\registrar.php(45): CodeIgniter\Debug\Exceptions->errorHandler(2, 'Array to string conversion', 'C:\\xampp\\htdocs\\Disertus\\app\\Controllers\\registrar.php', 45)
 2 SYSTEMPATH\CodeIgniter.php(934): App\Controllers\Registrar->ingresar_datos()
 3 SYSTEMPATH\CodeIgniter.php(499): CodeIgniter\CodeIgniter->runController(Object(App\Controllers\Registrar))
 4 SYSTEMPATH\CodeIgniter.php(368): CodeIgniter\CodeIgniter->handleRequest(null, Object(Config\Cache), false)
 5 FCPATH\index.php(67): CodeIgniter\CodeIgniter->run()
CRITICAL - 2023-05-17 16:43:35 --> Array to string conversion
in APPPATH\Controllers\registrar.php on line 45.
 1 APPPATH\Controllers\registrar.php(45): CodeIgniter\Debug\Exceptions->errorHandler(2, 'Array to string conversion', 'C:\\xampp\\htdocs\\Disertus\\app\\Controllers\\registrar.php', 45)
 2 SYSTEMPATH\CodeIgniter.php(934): App\Controllers\Registrar->ingresar_datos()
 3 SYSTEMPATH\CodeIgniter.php(499): CodeIgniter\CodeIgniter->runController(Object(App\Controllers\Registrar))
 4 SYSTEMPATH\CodeIgniter.php(368): CodeIgniter\CodeIgniter->handleRequest(null, Object(Config\Cache), false)
 5 FCPATH\index.php(67): CodeIgniter\CodeIgniter->run()
CRITICAL - 2023-05-17 16:43:36 --> Array to string conversion
in APPPATH\Controllers\registrar.php on line 45.
 1 APPPATH\Controllers\registrar.php(45): CodeIgniter\Debug\Exceptions->errorHandler(2, 'Array to string conversion', 'C:\\xampp\\htdocs\\Disertus\\app\\Controllers\\registrar.php', 45)
 2 SYSTEMPATH\CodeIgniter.php(934): App\Controllers\Registrar->ingresar_datos()
 3 SYSTEMPATH\CodeIgniter.php(499): CodeIgniter\CodeIgniter->runController(Object(App\Controllers\Registrar))
 4 SYSTEMPATH\CodeIgniter.php(368): CodeIgniter\CodeIgniter->handleRequest(null, Object(Config\Cache), false)
 5 FCPATH\index.php(67): CodeIgniter\CodeIgniter->run()
CRITICAL - 2023-05-17 16:43:36 --> Array to string conversion
in APPPATH\Controllers\registrar.php on line 45.
 1 APPPATH\Controllers\registrar.php(45): CodeIgniter\Debug\Exceptions->errorHandler(2, 'Array to string conversion', 'C:\\xampp\\htdocs\\Disertus\\app\\Controllers\\registrar.php', 45)
 2 SYSTEMPATH\CodeIgniter.php(934): App\Controllers\Registrar->ingresar_datos()
 3 SYSTEMPATH\CodeIgniter.php(499): CodeIgniter\CodeIgniter->runController(Object(App\Controllers\Registrar))
 4 SYSTEMPATH\CodeIgniter.php(368): CodeIgniter\CodeIgniter->handleRequest(null, Object(Config\Cache), false)
 5 FCPATH\index.php(67): CodeIgniter\CodeIgniter->run()
CRITICAL - 2023-05-17 16:43:36 --> Array to string conversion
in APPPATH\Controllers\registrar.php on line 45.
 1 APPPATH\Controllers\registrar.php(45): CodeIgniter\Debug\Exceptions->errorHandler(2, 'Array to string conversion', 'C:\\xampp\\htdocs\\Disertus\\app\\Controllers\\registrar.php', 45)
 2 SYSTEMPATH\CodeIgniter.php(934): App\Controllers\Registrar->ingresar_datos()
 3 SYSTEMPATH\CodeIgniter.php(499): CodeIgniter\CodeIgniter->runController(Object(App\Controllers\Registrar))
 4 SYSTEMPATH\CodeIgniter.php(368): CodeIgniter\CodeIgniter->handleRequest(null, Object(Config\Cache), false)
 5 FCPATH\index.php(67): CodeIgniter\CodeIgniter->run()
CRITICAL - 2023-05-17 16:43:36 --> Array to string conversion
in APPPATH\Controllers\registrar.php on line 45.
 1 APPPATH\Controllers\registrar.php(45): CodeIgniter\Debug\Exceptions->errorHandler(2, 'Array to string conversion', 'C:\\xampp\\htdocs\\Disertus\\app\\Controllers\\registrar.php', 45)
 2 SYSTEMPATH\CodeIgniter.php(934): App\Controllers\Registrar->ingresar_datos()
 3 SYSTEMPATH\CodeIgniter.php(499): CodeIgniter\CodeIgniter->runController(Object(App\Controllers\Registrar))
 4 SYSTEMPATH\CodeIgniter.php(368): CodeIgniter\CodeIgniter->handleRequest(null, Object(Config\Cache), false)
 5 FCPATH\index.php(67): CodeIgniter\CodeIgniter->run()
CRITICAL - 2023-05-17 16:45:32 --> Array to string conversion
in APPPATH\Controllers\registrar.php on line 45.
 1 APPPATH\Controllers\registrar.php(45): CodeIgniter\Debug\Exceptions->errorHandler(2, 'Array to string conversion', 'C:\\xampp\\htdocs\\Disertus\\app\\Controllers\\registrar.php', 45)
 2 SYSTEMPATH\CodeIgniter.php(934): App\Controllers\Registrar->ingresar_datos()
 3 SYSTEMPATH\CodeIgniter.php(499): CodeIgniter\CodeIgniter->runController(Object(App\Controllers\Registrar))
 4 SYSTEMPATH\CodeIgniter.php(368): CodeIgniter\CodeIgniter->handleRequest(null, Object(Config\Cache), false)
 5 FCPATH\index.php(67): CodeIgniter\CodeIgniter->run()
CRITICAL - 2023-05-17 16:45:33 --> Array to string conversion
in APPPATH\Controllers\registrar.php on line 45.
 1 APPPATH\Controllers\registrar.php(45): CodeIgniter\Debug\Exceptions->errorHandler(2, 'Array to string conversion', 'C:\\xampp\\htdocs\\Disertus\\app\\Controllers\\registrar.php', 45)
 2 SYSTEMPATH\CodeIgniter.php(934): App\Controllers\Registrar->ingresar_datos()
 3 SYSTEMPATH\CodeIgniter.php(499): CodeIgniter\CodeIgniter->runController(Object(App\Controllers\Registrar))
 4 SYSTEMPATH\CodeIgniter.php(368): CodeIgniter\CodeIgniter->handleRequest(null, Object(Config\Cache), false)
 5 FCPATH\index.php(67): CodeIgniter\CodeIgniter->run()
CRITICAL - 2023-05-17 16:45:33 --> Array to string conversion
in APPPATH\Controllers\registrar.php on line 45.
 1 APPPATH\Controllers\registrar.php(45): CodeIgniter\Debug\Exceptions->errorHandler(2, 'Array to string conversion', 'C:\\xampp\\htdocs\\Disertus\\app\\Controllers\\registrar.php', 45)
 2 SYSTEMPATH\CodeIgniter.php(934): App\Controllers\Registrar->ingresar_datos()
 3 SYSTEMPATH\CodeIgniter.php(499): CodeIgniter\CodeIgniter->runController(Object(App\Controllers\Registrar))
 4 SYSTEMPATH\CodeIgniter.php(368): CodeIgniter\CodeIgniter->handleRequest(null, Object(Config\Cache), false)
 5 FCPATH\index.php(67): CodeIgniter\CodeIgniter->run()
CRITICAL - 2023-05-17 16:45:33 --> Array to string conversion
in APPPATH\Controllers\registrar.php on line 45.
 1 APPPATH\Controllers\registrar.php(45): CodeIgniter\Debug\Exceptions->errorHandler(2, 'Array to string conversion', 'C:\\xampp\\htdocs\\Disertus\\app\\Controllers\\registrar.php', 45)
 2 SYSTEMPATH\CodeIgniter.php(934): App\Controllers\Registrar->ingresar_datos()
 3 SYSTEMPATH\CodeIgniter.php(499): CodeIgniter\CodeIgniter->runController(Object(App\Controllers\Registrar))
 4 SYSTEMPATH\CodeIgniter.php(368): CodeIgniter\CodeIgniter->handleRequest(null, Object(Config\Cache), false)
 5 FCPATH\index.php(67): CodeIgniter\CodeIgniter->run()
CRITICAL - 2023-05-17 16:45:44 --> Array to string conversion
in APPPATH\Controllers\registrar.php on line 45.
 1 APPPATH\Controllers\registrar.php(45): CodeIgniter\Debug\Exceptions->errorHandler(2, 'Array to string conversion', 'C:\\xampp\\htdocs\\Disertus\\app\\Controllers\\registrar.php', 45)
 2 SYSTEMPATH\CodeIgniter.php(934): App\Controllers\Registrar->ingresar_datos()
 3 SYSTEMPATH\CodeIgniter.php(499): CodeIgniter\CodeIgniter->runController(Object(App\Controllers\Registrar))
 4 SYSTEMPATH\CodeIgniter.php(368): CodeIgniter\CodeIgniter->handleRequest(null, Object(Config\Cache), false)
 5 FCPATH\index.php(67): CodeIgniter\CodeIgniter->run()
CRITICAL - 2023-05-17 16:50:39 --> syntax error, unexpected token "}", expecting ";"
in APPPATH\Controllers\registrar.php on line 48.
 1 SYSTEMPATH\Autoloader\Autoloader.php(289): CodeIgniter\Autoloader\Autoloader->includeFile('C:\\xampp\\htdocs\\Disertus\\app\\Controllers\\registrar.php')
 2 SYSTEMPATH\Autoloader\Autoloader.php(267): CodeIgniter\Autoloader\Autoloader->loadInNamespace('App\\Controllers\\registrar')
 3 [internal function]: CodeIgniter\Autoloader\Autoloader->loadClass('App\\Controllers\\registrar')
 4 SYSTEMPATH\CodeIgniter.php(892): class_exists('\\App\\Controllers\\registrar', true)
 5 SYSTEMPATH\CodeIgniter.php(486): CodeIgniter\CodeIgniter->startController()
 6 SYSTEMPATH\CodeIgniter.php(368): CodeIgniter\CodeIgniter->handleRequest(null, Object(Config\Cache), false)
 7 FCPATH\index.php(67): CodeIgniter\CodeIgniter->run()
CRITICAL - 2023-05-17 16:50:54 --> Array to string conversion
in APPPATH\Views\sp_registrar.php on line 24.
 1 APPPATH\Views\sp_registrar.php(24): CodeIgniter\Debug\Exceptions->errorHandler(2, 'Array to string conversion', 'C:\\xampp\\htdocs\\Disertus\\app\\Views\\sp_registrar.php', 24)
 2 SYSTEMPATH\View\View.php(213): include('C:\\xampp\\htdocs\\Disertus\\app\\Views\\sp_registrar.php')
 3 SYSTEMPATH\View\View.php(216): CodeIgniter\View\View->CodeIgniter\View\{closure}()
 4 SYSTEMPATH\Common.php(1184): CodeIgniter\View\View->render('sp_registrar', [], true)
 5 APPPATH\Controllers\registrar.php(46): view('sp_registrar', [...])
 6 SYSTEMPATH\CodeIgniter.php(934): App\Controllers\Registrar->ingresar_datos()
 7 SYSTEMPATH\CodeIgniter.php(499): CodeIgniter\CodeIgniter->runController(Object(App\Controllers\Registrar))
 8 SYSTEMPATH\CodeIgniter.php(368): CodeIgniter\CodeIgniter->handleRequest(null, Object(Config\Cache), false)
 9 FCPATH\index.php(67): CodeIgniter\CodeIgniter->run()
CRITICAL - 2023-05-17 18:11:25 --> Undefined variable $data
in APPPATH\Views\sp_registrar.php on line 25.
 1 APPPATH\Views\sp_registrar.php(25): CodeIgniter\Debug\Exceptions->errorHandler(2, 'Undefined variable $data', 'C:\\xampp\\htdocs\\Disertus\\app\\Views\\sp_registrar.php', 25)
 2 SYSTEMPATH\View\View.php(213): include('C:\\xampp\\htdocs\\Disertus\\app\\Views\\sp_registrar.php')
 3 SYSTEMPATH\View\View.php(216): CodeIgniter\View\View->CodeIgniter\View\{closure}()
 4 SYSTEMPATH\Common.php(1184): CodeIgniter\View\View->render('sp_registrar', [], true)
 5 APPPATH\Controllers\registrar.php(46): view('sp_registrar', [...])
 6 SYSTEMPATH\CodeIgniter.php(934): App\Controllers\Registrar->ingresar_datos()
 7 SYSTEMPATH\CodeIgniter.php(499): CodeIgniter\CodeIgniter->runController(Object(App\Controllers\Registrar))
 8 SYSTEMPATH\CodeIgniter.php(368): CodeIgniter\CodeIgniter->handleRequest(null, Object(Config\Cache), false)
 9 FCPATH\index.php(67): CodeIgniter\CodeIgniter->run()
CRITICAL - 2023-05-17 18:11:43 --> Undefined variable $var
in APPPATH\Views\sp_registrar.php on line 25.
 1 APPPATH\Views\sp_registrar.php(25): CodeIgniter\Debug\Exceptions->errorHandler(2, 'Undefined variable $var', 'C:\\xampp\\htdocs\\Disertus\\app\\Views\\sp_registrar.php', 25)
 2 SYSTEMPATH\View\View.php(213): include('C:\\xampp\\htdocs\\Disertus\\app\\Views\\sp_registrar.php')
 3 SYSTEMPATH\View\View.php(216): CodeIgniter\View\View->CodeIgniter\View\{closure}()
 4 SYSTEMPATH\Common.php(1184): CodeIgniter\View\View->render('sp_registrar', [], true)
 5 APPPATH\Controllers\registrar.php(46): view('sp_registrar', [...])
 6 SYSTEMPATH\CodeIgniter.php(934): App\Controllers\Registrar->ingresar_datos()
 7 SYSTEMPATH\CodeIgniter.php(499): CodeIgniter\CodeIgniter->runController(Object(App\Controllers\Registrar))
 8 SYSTEMPATH\CodeIgniter.php(368): CodeIgniter\CodeIgniter->handleRequest(null, Object(Config\Cache), false)
 9 FCPATH\index.php(67): CodeIgniter\CodeIgniter->run()
CRITICAL - 2023-05-17 18:11:44 --> Undefined variable $var
in APPPATH\Views\sp_registrar.php on line 25.
 1 APPPATH\Views\sp_registrar.php(25): CodeIgniter\Debug\Exceptions->errorHandler(2, 'Undefined variable $var', 'C:\\xampp\\htdocs\\Disertus\\app\\Views\\sp_registrar.php', 25)
 2 SYSTEMPATH\View\View.php(213): include('C:\\xampp\\htdocs\\Disertus\\app\\Views\\sp_registrar.php')
 3 SYSTEMPATH\View\View.php(216): CodeIgniter\View\View->CodeIgniter\View\{closure}()
 4 SYSTEMPATH\Common.php(1184): CodeIgniter\View\View->render('sp_registrar', [], true)
 5 APPPATH\Controllers\registrar.php(46): view('sp_registrar', [...])
 6 SYSTEMPATH\CodeIgniter.php(934): App\Controllers\Registrar->ingresar_datos()
 7 SYSTEMPATH\CodeIgniter.php(499): CodeIgniter\CodeIgniter->runController(Object(App\Controllers\Registrar))
 8 SYSTEMPATH\CodeIgniter.php(368): CodeIgniter\CodeIgniter->handleRequest(null, Object(Config\Cache), false)
 9 FCPATH\index.php(67): CodeIgniter\CodeIgniter->run()
