CRITICAL - 2023-05-10 13:07:11 --> Invalid file: "Como_funciona.php"
in SYSTEMPATH\Exceptions\FrameworkException.php on line 33.
 1 SYSTEMPATH\View\View.php(201): CodeIgniter\Exceptions\FrameworkException::forInvalidFile('Como_funciona.php')
 2 SYSTEMPATH\Common.php(1184): CodeIgniter\View\View->render('Como_funciona', [], true)
 3 APPPATH\Controllers\Home.php(16): view('Como_funciona')
 4 SYSTEMPATH\CodeIgniter.php(934): App\Controllers\Home->Como_funciona()
 5 SYSTEMPATH\CodeIgniter.php(499): CodeIgniter\CodeIgniter->runController(Object(App\Controllers\Home))
 6 SYSTEMPATH\CodeIgniter.php(368): CodeIgniter\CodeIgniter->handleRequest(null, Object(Config\Cache), false)
 7 FCPATH\index.php(67): CodeIgniter\CodeIgniter->run()
CRITICAL - 2023-05-10 13:08:13 --> Invalid file: "Como_funciona.php"
in SYSTEMPATH\Exceptions\FrameworkException.php on line 33.
 1 SYSTEMPATH\View\View.php(201): CodeIgniter\Exceptions\FrameworkException::forInvalidFile('Como_funciona.php')
 2 SYSTEMPATH\Common.php(1184): CodeIgniter\View\View->render('Como_funciona', [], true)
 3 APPPATH\Controllers\Home.php(16): view('Como_funciona')
 4 SYSTEMPATH\CodeIgniter.php(934): App\Controllers\Home->Como_funciona()
 5 SYSTEMPATH\CodeIgniter.php(499): CodeIgniter\CodeIgniter->runController(Object(App\Controllers\Home))
 6 SYSTEMPATH\CodeIgniter.php(368): CodeIgniter\CodeIgniter->handleRequest(null, Object(Config\Cache), false)
 7 FCPATH\index.php(67): CodeIgniter\CodeIgniter->run()
CRITICAL - 2023-05-10 13:09:10 --> Invalid file: "Como_funciona.php"
in SYSTEMPATH\Exceptions\FrameworkException.php on line 33.
 1 SYSTEMPATH\View\View.php(201): CodeIgniter\Exceptions\FrameworkException::forInvalidFile('Como_funciona.php')
 2 SYSTEMPATH\Common.php(1184): CodeIgniter\View\View->render('Como_funciona', [], true)
 3 APPPATH\Controllers\Home.php(16): view('Como_funciona')
 4 SYSTEMPATH\CodeIgniter.php(934): App\Controllers\Home->Como_funciona()
 5 SYSTEMPATH\CodeIgniter.php(499): CodeIgniter\CodeIgniter->runController(Object(App\Controllers\Home))
 6 SYSTEMPATH\CodeIgniter.php(368): CodeIgniter\CodeIgniter->handleRequest(null, Object(Config\Cache), false)
 7 FCPATH\index.php(67): CodeIgniter\CodeIgniter->run()
CRITICAL - 2023-05-10 16:05:36 --> Invalid file: "Como_funciona.php"
in SYSTEMPATH\Exceptions\FrameworkException.php on line 33.
 1 SYSTEMPATH\View\View.php(201): CodeIgniter\Exceptions\FrameworkException::forInvalidFile('Como_funciona.php')
 2 SYSTEMPATH\Common.php(1184): CodeIgniter\View\View->render('Como_funciona', [], true)
 3 APPPATH\Controllers\Home.php(16): view('Como_funciona')
 4 SYSTEMPATH\CodeIgniter.php(934): App\Controllers\Home->Como_funciona()
 5 SYSTEMPATH\CodeIgniter.php(499): CodeIgniter\CodeIgniter->runController(Object(App\Controllers\Home))
 6 SYSTEMPATH\CodeIgniter.php(368): CodeIgniter\CodeIgniter->handleRequest(null, Object(Config\Cache), false)
 7 FCPATH\index.php(67): CodeIgniter\CodeIgniter->run()
CRITICAL - 2023-05-10 16:06:57 --> Invalid file: "welcome_message.php"
in SYSTEMPATH\Exceptions\FrameworkException.php on line 33.
 1 SYSTEMPATH\View\View.php(201): CodeIgniter\Exceptions\FrameworkException::forInvalidFile('welcome_message.php')
 2 SYSTEMPATH\Common.php(1184): CodeIgniter\View\View->render('welcome_message', [], true)
 3 APPPATH\Controllers\Home.php(9): view('welcome_message')
 4 SYSTEMPATH\CodeIgniter.php(934): App\Controllers\Home->index()
 5 SYSTEMPATH\CodeIgniter.php(499): CodeIgniter\CodeIgniter->runController(Object(App\Controllers\Home))
 6 SYSTEMPATH\CodeIgniter.php(368): CodeIgniter\CodeIgniter->handleRequest(null, Object(Config\Cache), false)
 7 FCPATH\index.php(67): CodeIgniter\CodeIgniter->run()
CRITICAL - 2023-05-10 16:34:34 --> Invalid file: "Como_funciona.php"
in SYSTEMPATH\Exceptions\FrameworkException.php on line 33.
 1 SYSTEMPATH\View\View.php(201): CodeIgniter\Exceptions\FrameworkException::forInvalidFile('Como_funciona.php')
 2 SYSTEMPATH\Common.php(1184): CodeIgniter\View\View->render('Como_funciona', [], true)
 3 APPPATH\Controllers\Home.php(16): view('Como_funciona')
 4 SYSTEMPATH\CodeIgniter.php(934): App\Controllers\Home->Como_funciona()
 5 SYSTEMPATH\CodeIgniter.php(499): CodeIgniter\CodeIgniter->runController(Object(App\Controllers\Home))
 6 SYSTEMPATH\CodeIgniter.php(368): CodeIgniter\CodeIgniter->handleRequest(null, Object(Config\Cache), false)
 7 FCPATH\index.php(67): CodeIgniter\CodeIgniter->run()
