INFO - 2023-10-23 20:55:07 --> Session: Class initialized using 'CodeIgniter\Session\Handlers\FileHandler' driver.
INFO - 2023-10-23 20:55:07 --> Session: Class initialized using 'CodeIgniter\Session\Handlers\FileHandler' driver.
INFO - 2023-10-23 20:55:32 --> Session: Class initialized using 'CodeIgniter\Session\Handlers\FileHandler' driver.
INFO - 2023-10-23 20:55:49 --> Session: Class initialized using 'CodeIgniter\Session\Handlers\FileHandler' driver.
INFO - 2023-10-23 20:55:49 --> Session: Class initialized using 'CodeIgniter\Session\Handlers\FileHandler' driver.
INFO - 2023-10-23 21:03:47 --> Session: Class initialized using 'CodeIgniter\Session\Handlers\FileHandler' driver.
INFO - 2023-10-23 21:04:05 --> Session: Class initialized using 'CodeIgniter\Session\Handlers\FileHandler' driver.
INFO - 2023-10-23 21:04:14 --> Session: Class initialized using 'CodeIgniter\Session\Handlers\FileHandler' driver.
INFO - 2023-10-23 21:04:58 --> Session: Class initialized using 'CodeIgniter\Session\Handlers\FileHandler' driver.
INFO - 2023-10-23 21:05:17 --> Session: Class initialized using 'CodeIgniter\Session\Handlers\FileHandler' driver.
INFO - 2023-10-23 21:06:33 --> Session: Class initialized using 'CodeIgniter\Session\Handlers\FileHandler' driver.
CRITICAL - 2023-10-23 21:19:09 --> Array to string conversion
in APPPATH\Models\nodemcuModelo.php on line 29.
 1 APPPATH\Models\nodemcuModelo.php(29): CodeIgniter\Debug\Exceptions->errorHandler(2, 'Array to string conversion', 'C:\\xampp\\htdocs\\Disertus\\app\\Models\\nodemcuModelo.php', 29)
 2 APPPATH\Controllers\registrar.php(64): App\Models\NodemcuModelo->compararMAC('8C2ADE32A7B0')
 3 SYSTEMPATH\CodeIgniter.php(934): App\Controllers\Registrar->ingresarDatos()
 4 SYSTEMPATH\CodeIgniter.php(499): CodeIgniter\CodeIgniter->runController(Object(App\Controllers\Registrar))
 5 SYSTEMPATH\CodeIgniter.php(368): CodeIgniter\CodeIgniter->handleRequest(null, Object(Config\Cache), false)
 6 FCPATH\index.php(67): CodeIgniter\CodeIgniter->run()
CRITICAL - 2023-10-23 21:23:11 --> Object of class stdClass could not be converted to string
in APPPATH\Models\nodemcuModelo.php on line 29.
 1 APPPATH\Controllers\registrar.php(64): App\Models\NodemcuModelo->compararMAC('8C2ADE32A7B0')
 2 SYSTEMPATH\CodeIgniter.php(934): App\Controllers\Registrar->ingresarDatos()
 3 SYSTEMPATH\CodeIgniter.php(499): CodeIgniter\CodeIgniter->runController(Object(App\Controllers\Registrar))
 4 SYSTEMPATH\CodeIgniter.php(368): CodeIgniter\CodeIgniter->handleRequest(null, Object(Config\Cache), false)
 5 FCPATH\index.php(67): CodeIgniter\CodeIgniter->run()
CRITICAL - 2023-10-23 21:23:55 --> Object of class CodeIgniter\Database\MySQLi\Result could not be converted to string
in APPPATH\Models\nodemcuModelo.php on line 29.
 1 APPPATH\Controllers\registrar.php(64): App\Models\NodemcuModelo->compararMAC('8C2ADE32A7B0')
 2 SYSTEMPATH\CodeIgniter.php(934): App\Controllers\Registrar->ingresarDatos()
 3 SYSTEMPATH\CodeIgniter.php(499): CodeIgniter\CodeIgniter->runController(Object(App\Controllers\Registrar))
 4 SYSTEMPATH\CodeIgniter.php(368): CodeIgniter\CodeIgniter->handleRequest(null, Object(Config\Cache), false)
 5 FCPATH\index.php(67): CodeIgniter\CodeIgniter->run()
CRITICAL - 2023-10-23 21:24:59 --> Cannot use object of type CodeIgniter\Database\MySQLi\Result as array
in APPPATH\Models\nodemcuModelo.php on line 29.
 1 APPPATH\Controllers\registrar.php(64): App\Models\NodemcuModelo->compararMAC('8C2ADE32A7B0')
 2 SYSTEMPATH\CodeIgniter.php(934): App\Controllers\Registrar->ingresarDatos()
 3 SYSTEMPATH\CodeIgniter.php(499): CodeIgniter\CodeIgniter->runController(Object(App\Controllers\Registrar))
 4 SYSTEMPATH\CodeIgniter.php(368): CodeIgniter\CodeIgniter->handleRequest(null, Object(Config\Cache), false)
 5 FCPATH\index.php(67): CodeIgniter\CodeIgniter->run()
CRITICAL - 2023-10-23 21:25:31 --> Cannot use object of type CodeIgniter\Database\MySQLi\Result as array
in APPPATH\Models\nodemcuModelo.php on line 29.
 1 APPPATH\Controllers\registrar.php(64): App\Models\NodemcuModelo->compararMAC('8C2ADE32A7B0')
 2 SYSTEMPATH\CodeIgniter.php(934): App\Controllers\Registrar->ingresarDatos()
 3 SYSTEMPATH\CodeIgniter.php(499): CodeIgniter\CodeIgniter->runController(Object(App\Controllers\Registrar))
 4 SYSTEMPATH\CodeIgniter.php(368): CodeIgniter\CodeIgniter->handleRequest(null, Object(Config\Cache), false)
 5 FCPATH\index.php(67): CodeIgniter\CodeIgniter->run()
CRITICAL - 2023-10-23 21:25:34 --> Cannot use object of type CodeIgniter\Database\MySQLi\Result as array
in APPPATH\Models\nodemcuModelo.php on line 29.
 1 APPPATH\Controllers\registrar.php(64): App\Models\NodemcuModelo->compararMAC('8C2ADE32A7B0')
 2 SYSTEMPATH\CodeIgniter.php(934): App\Controllers\Registrar->ingresarDatos()
 3 SYSTEMPATH\CodeIgniter.php(499): CodeIgniter\CodeIgniter->runController(Object(App\Controllers\Registrar))
 4 SYSTEMPATH\CodeIgniter.php(368): CodeIgniter\CodeIgniter->handleRequest(null, Object(Config\Cache), false)
 5 FCPATH\index.php(67): CodeIgniter\CodeIgniter->run()
CRITICAL - 2023-10-23 21:26:45 --> Object of class stdClass could not be converted to string
in APPPATH\Models\nodemcuModelo.php on line 29.
 1 APPPATH\Controllers\registrar.php(64): App\Models\NodemcuModelo->compararMAC('8C2ADE32A7B0')
 2 SYSTEMPATH\CodeIgniter.php(934): App\Controllers\Registrar->ingresarDatos()
 3 SYSTEMPATH\CodeIgniter.php(499): CodeIgniter\CodeIgniter->runController(Object(App\Controllers\Registrar))
 4 SYSTEMPATH\CodeIgniter.php(368): CodeIgniter\CodeIgniter->handleRequest(null, Object(Config\Cache), false)
 5 FCPATH\index.php(67): CodeIgniter\CodeIgniter->run()
CRITICAL - 2023-10-23 21:29:01 --> Object of class stdClass could not be converted to int
in APPPATH\Models\nodemcuModelo.php on line 30.
 1 APPPATH\Models\nodemcuModelo.php(30): CodeIgniter\Debug\Exceptions->errorHandler(8, 'Object of class stdClass could not be converted to int', 'C:\\xampp\\htdocs\\Disertus\\app\\Models\\nodemcuModelo.php', 30)
 2 APPPATH\Controllers\registrar.php(64): App\Models\NodemcuModelo->compararMAC('8C2ADE32A7B0')
 3 SYSTEMPATH\CodeIgniter.php(934): App\Controllers\Registrar->ingresarDatos()
 4 SYSTEMPATH\CodeIgniter.php(499): CodeIgniter\CodeIgniter->runController(Object(App\Controllers\Registrar))
 5 SYSTEMPATH\CodeIgniter.php(368): CodeIgniter\CodeIgniter->handleRequest(null, Object(Config\Cache), false)
 6 FCPATH\index.php(67): CodeIgniter\CodeIgniter->run()
INFO - 2023-10-23 21:30:53 --> Session: Class initialized using 'CodeIgniter\Session\Handlers\FileHandler' driver.
INFO - 2023-10-23 21:30:53 --> Session: Class initialized using 'CodeIgniter\Session\Handlers\FileHandler' driver.
INFO - 2023-10-23 21:31:08 --> Session: Class initialized using 'CodeIgniter\Session\Handlers\FileHandler' driver.
INFO - 2023-10-23 21:32:18 --> Session: Class initialized using 'CodeIgniter\Session\Handlers\FileHandler' driver.
INFO - 2023-10-23 21:32:18 --> Session: Class initialized using 'CodeIgniter\Session\Handlers\FileHandler' driver.
INFO - 2023-10-23 21:48:59 --> Session: Class initialized using 'CodeIgniter\Session\Handlers\FileHandler' driver.
INFO - 2023-10-23 21:49:00 --> Session: Class initialized using 'CodeIgniter\Session\Handlers\FileHandler' driver.
INFO - 2023-10-23 22:04:38 --> Session: Class initialized using 'CodeIgniter\Session\Handlers\FileHandler' driver.
